{"C:\\CSE\\CSE 110\\cse110-sp24-group27\\source\\assets\\scripts\\+_button_selcted_project_page.js": {"path":"C:\\CSE\\CSE 110\\cse110-sp24-group27\\source\\assets\\scripts\\+_button_selcted_project_page.js","statementMap":{"0":{"start":{"line":3,"column":2},"end":{"line":3,"column":53}},"1":{"start":{"line":8,"column":2},"end":{"line":8,"column":52}},"2":{"start":{"line":14,"column":20},"end":{"line":14,"column":61}},"3":{"start":{"line":16,"column":21},"end":{"line":16,"column":50}},"4":{"start":{"line":17,"column":2},"end":{"line":17,"column":41}},"5":{"start":{"line":19,"column":19},"end":{"line":19,"column":50}},"6":{"start":{"line":20,"column":2},"end":{"line":20,"column":24}},"7":{"start":{"line":21,"column":2},"end":{"line":21,"column":104}},"8":{"start":{"line":22,"column":2},"end":{"line":22,"column":49}},"9":{"start":{"line":24,"column":23},"end":{"line":24,"column":55}},"10":{"start":{"line":25,"column":2},"end":{"line":25,"column":42}},"11":{"start":{"line":26,"column":2},"end":{"line":26,"column":35}},"12":{"start":{"line":28,"column":2},"end":{"line":30,"column":3}},"13":{"start":{"line":29,"column":4},"end":{"line":29,"column":29}},"14":{"start":{"line":32,"column":2},"end":{"line":32,"column":34}},"15":{"start":{"line":33,"column":2},"end":{"line":33,"column":38}},"16":{"start":{"line":34,"column":2},"end":{"line":34,"column":35}},"17":{"start":{"line":38,"column":21},"end":{"line":38,"column":41}},"18":{"start":{"line":39,"column":2},"end":{"line":39,"column":21}},"19":{"start":{"line":78,"column":20},"end":{"line":78,"column":67}},"20":{"start":{"line":79,"column":22},"end":{"line":79,"column":76}},"21":{"start":{"line":80,"column":20},"end":{"line":80,"column":69}},"22":{"start":{"line":83,"column":15},"end":{"line":90,"column":6}},"23":{"start":{"line":85,"column":6},"end":{"line":89,"column":7}},"24":{"start":{"line":93,"column":26},"end":{"line":93,"column":83}},"25":{"start":{"line":94,"column":18},"end":{"line":101,"column":4}},"26":{"start":{"line":95,"column":18},"end":{"line":95,"column":51}},"27":{"start":{"line":96,"column":17},"end":{"line":96,"column":119}},"28":{"start":{"line":97,"column":4},"end":{"line":100,"column":5}},"29":{"start":{"line":103,"column":25},"end":{"line":110,"column":3}},"30":{"start":{"line":113,"column":2},"end":{"line":113,"column":23}},"31":{"start":{"line":126,"column":2},"end":{"line":148,"column":3}},"32":{"start":{"line":128,"column":21},"end":{"line":128,"column":76}},"33":{"start":{"line":131,"column":23},"end":{"line":131,"column":28}},"34":{"start":{"line":132,"column":4},"end":{"line":138,"column":6}},"35":{"start":{"line":133,"column":6},"end":{"line":137,"column":7}},"36":{"start":{"line":134,"column":8},"end":{"line":134,"column":81}},"37":{"start":{"line":135,"column":8},"end":{"line":135,"column":55}},"38":{"start":{"line":136,"column":8},"end":{"line":136,"column":27}},"39":{"start":{"line":141,"column":4},"end":{"line":145,"column":5}},"40":{"start":{"line":142,"column":6},"end":{"line":142,"column":69}},"41":{"start":{"line":144,"column":6},"end":{"line":144,"column":69}},"42":{"start":{"line":147,"column":4},"end":{"line":147,"column":67}},"43":{"start":{"line":150,"column":0},"end":{"line":150,"column":28}},"44":{"start":{"line":151,"column":0},"end":{"line":151,"column":30}},"45":{"start":{"line":152,"column":0},"end":{"line":152,"column":26}},"46":{"start":{"line":153,"column":0},"end":{"line":153,"column":32}}},"fnMap":{"0":{"name":"openPopup","decl":{"start":{"line":2,"column":9},"end":{"line":2,"column":18}},"loc":{"start":{"line":2,"column":24},"end":{"line":4,"column":1}},"line":2},"1":{"name":"closePopup","decl":{"start":{"line":7,"column":9},"end":{"line":7,"column":19}},"loc":{"start":{"line":7,"column":25},"end":{"line":9,"column":1}},"line":7},"2":{"name":"addInput","decl":{"start":{"line":12,"column":9},"end":{"line":12,"column":17}},"loc":{"start":{"line":12,"column":33},"end":{"line":35,"column":1}},"line":12},"3":{"name":"(anonymous_3)","decl":{"start":{"line":28,"column":25},"end":{"line":28,"column":26}},"loc":{"start":{"line":28,"column":37},"end":{"line":30,"column":3}},"line":28},"4":{"name":"deleteInput","decl":{"start":{"line":37,"column":9},"end":{"line":37,"column":20}},"loc":{"start":{"line":37,"column":30},"end":{"line":40,"column":1}},"line":37},"5":{"name":"createNewEntryObject","decl":{"start":{"line":76,"column":9},"end":{"line":76,"column":29}},"loc":{"start":{"line":76,"column":33},"end":{"line":114,"column":1}},"line":76},"6":{"name":"(anonymous_6)","decl":{"start":{"line":84,"column":9},"end":{"line":84,"column":10}},"loc":{"start":{"line":84,"column":23},"end":{"line":90,"column":5}},"line":84},"7":{"name":"(anonymous_7)","decl":{"start":{"line":94,"column":50},"end":{"line":94,"column":51}},"loc":{"start":{"line":94,"column":66},"end":{"line":101,"column":3}},"line":94},"8":{"name":"saveNewEntryToLocalStorage","decl":{"start":{"line":125,"column":9},"end":{"line":125,"column":35}},"loc":{"start":{"line":125,"column":66},"end":{"line":149,"column":1}},"line":125},"9":{"name":"(anonymous_9)","decl":{"start":{"line":132,"column":21},"end":{"line":132,"column":22}},"loc":{"start":{"line":132,"column":32},"end":{"line":138,"column":5}},"line":132}},"branchMap":{"0":{"loc":{"start":{"line":21,"column":28},"end":{"line":21,"column":96}},"type":"cond-expr","locations":[{"start":{"line":21,"column":49},"end":{"line":21,"column":57}},{"start":{"line":21,"column":60},"end":{"line":21,"column":96}}],"line":21},"1":{"loc":{"start":{"line":21,"column":60},"end":{"line":21,"column":96}},"type":"cond-expr","locations":[{"start":{"line":21,"column":81},"end":{"line":21,"column":87}},{"start":{"line":21,"column":90},"end":{"line":21,"column":96}}],"line":21},"2":{"loc":{"start":{"line":96,"column":17},"end":{"line":96,"column":119}},"type":"cond-expr","locations":[{"start":{"line":96,"column":55},"end":{"line":96,"column":63}},{"start":{"line":96,"column":66},"end":{"line":96,"column":119}}],"line":96},"3":{"loc":{"start":{"line":96,"column":66},"end":{"line":96,"column":119}},"type":"cond-expr","locations":[{"start":{"line":96,"column":104},"end":{"line":96,"column":110}},{"start":{"line":96,"column":113},"end":{"line":96,"column":119}}],"line":96},"4":{"loc":{"start":{"line":128,"column":21},"end":{"line":128,"column":76}},"type":"binary-expr","locations":[{"start":{"line":128,"column":21},"end":{"line":128,"column":70}},{"start":{"line":128,"column":74},"end":{"line":128,"column":76}}],"line":128},"5":{"loc":{"start":{"line":133,"column":6},"end":{"line":137,"column":7}},"type":"if","locations":[{"start":{"line":133,"column":6},"end":{"line":137,"column":7}},{"start":{},"end":{}}],"line":133},"6":{"loc":{"start":{"line":134,"column":43},"end":{"line":134,"column":81}},"type":"binary-expr","locations":[{"start":{"line":134,"column":43},"end":{"line":134,"column":75}},{"start":{"line":134,"column":79},"end":{"line":134,"column":81}}],"line":134},"7":{"loc":{"start":{"line":141,"column":4},"end":{"line":145,"column":5}},"type":"if","locations":[{"start":{"line":141,"column":4},"end":{"line":145,"column":5}},{"start":{"line":143,"column":11},"end":{"line":145,"column":5}}],"line":141}},"s":{"0":0,"1":0,"2":0,"3":0,"4":0,"5":0,"6":0,"7":0,"8":0,"9":0,"10":0,"11":0,"12":0,"13":0,"14":0,"15":0,"16":0,"17":0,"18":0,"19":0,"20":0,"21":0,"22":0,"23":0,"24":0,"25":0,"26":0,"27":0,"28":0,"29":0,"30":0,"31":0,"32":0,"33":0,"34":0,"35":0,"36":0,"37":0,"38":0,"39":0,"40":0,"41":0,"42":0,"43":0,"44":0,"45":0,"46":0},"f":{"0":0,"1":0,"2":0,"3":0,"4":0,"5":0,"6":0,"7":0,"8":0,"9":0},"b":{"0":[0,0],"1":[0,0],"2":[0,0],"3":[0,0],"4":[0,0],"5":[0,0],"6":[0,0],"7":[0,0]}}
,"C:\\CSE\\CSE 110\\cse110-sp24-group27\\source\\assets\\scripts\\ProjectCard.js": {"path":"C:\\CSE\\CSE 110\\cse110-sp24-group27\\source\\assets\\scripts\\ProjectCard.js","statementMap":{"0":{"start":{"line":5,"column":4},"end":{"line":5,"column":11}},"1":{"start":{"line":8,"column":4},"end":{"line":8,"column":39}},"2":{"start":{"line":11,"column":20},"end":{"line":11,"column":53}},"3":{"start":{"line":14,"column":18},"end":{"line":14,"column":49}},"4":{"start":{"line":15,"column":4},"end":{"line":103,"column":5}},"5":{"start":{"line":106,"column":4},"end":{"line":106,"column":42}},"6":{"start":{"line":117,"column":4},"end":{"line":135,"column":5}},"7":{"start":{"line":118,"column":6},"end":{"line":118,"column":40}},"8":{"start":{"line":119,"column":6},"end":{"line":119,"column":19}},"9":{"start":{"line":120,"column":26},"end":{"line":120,"column":110}},"10":{"start":{"line":123,"column":6},"end":{"line":134,"column":7}},"11":{"start":{"line":125,"column":23},"end":{"line":125,"column":60}},"12":{"start":{"line":126,"column":8},"end":{"line":126,"column":55}},"13":{"start":{"line":128,"column":8},"end":{"line":128,"column":82}},"14":{"start":{"line":128,"column":46},"end":{"line":128,"column":81}},"15":{"start":{"line":130,"column":8},"end":{"line":130,"column":71}},"16":{"start":{"line":131,"column":8},"end":{"line":131,"column":56}},"17":{"start":{"line":133,"column":8},"end":{"line":133,"column":40}},"18":{"start":{"line":152,"column":4},"end":{"line":155,"column":5}},"19":{"start":{"line":153,"column":6},"end":{"line":153,"column":68}},"20":{"start":{"line":154,"column":6},"end":{"line":154,"column":12}},"21":{"start":{"line":156,"column":4},"end":{"line":156,"column":43}},"22":{"start":{"line":157,"column":20},"end":{"line":157,"column":60}},"23":{"start":{"line":158,"column":4},"end":{"line":158,"column":46}},"24":{"start":{"line":159,"column":4},"end":{"line":159,"column":47}},"25":{"start":{"line":160,"column":21},"end":{"line":160,"column":92}},"26":{"start":{"line":160,"column":42},"end":{"line":160,"column":82}},"27":{"start":{"line":161,"column":21},"end":{"line":161,"column":23}},"28":{"start":{"line":162,"column":18},"end":{"line":162,"column":45}},"29":{"start":{"line":163,"column":33},"end":{"line":163,"column":120}},"30":{"start":{"line":164,"column":4},"end":{"line":174,"column":5}},"31":{"start":{"line":176,"column":25},"end":{"line":176,"column":61}},"32":{"start":{"line":177,"column":4},"end":{"line":180,"column":6}},"33":{"start":{"line":178,"column":6},"end":{"line":178,"column":29}},"34":{"start":{"line":179,"column":6},"end":{"line":179,"column":24}},"35":{"start":{"line":183,"column":4},"end":{"line":185,"column":5}},"36":{"start":{"line":184,"column":6},"end":{"line":184,"column":42}},"37":{"start":{"line":188,"column":4},"end":{"line":191,"column":5}},"38":{"start":{"line":189,"column":24},"end":{"line":189,"column":74}},"39":{"start":{"line":190,"column":6},"end":{"line":190,"column":36}},"40":{"start":{"line":193,"column":28},"end":{"line":193,"column":66}},"41":{"start":{"line":195,"column":4},"end":{"line":195,"column":78}},"42":{"start":{"line":198,"column":6},"end":{"line":198,"column":38}},"43":{"start":{"line":199,"column":24},"end":{"line":199,"column":59}},"44":{"start":{"line":200,"column":35},"end":{"line":200,"column":63}},"45":{"start":{"line":201,"column":6},"end":{"line":201,"column":72}},"46":{"start":{"line":206,"column":4},"end":{"line":206,"column":20}},"47":{"start":{"line":212,"column":0},"end":{"line":212,"column":50}}},"fnMap":{"0":{"name":"(anonymous_0)","decl":{"start":{"line":4,"column":2},"end":{"line":4,"column":3}},"loc":{"start":{"line":4,"column":17},"end":{"line":107,"column":3}},"line":4},"1":{"name":"(anonymous_1)","decl":{"start":{"line":116,"column":2},"end":{"line":116,"column":3}},"loc":{"start":{"line":116,"column":17},"end":{"line":138,"column":3}},"line":116},"2":{"name":"(anonymous_2)","decl":{"start":{"line":128,"column":35},"end":{"line":128,"column":36}},"loc":{"start":{"line":128,"column":46},"end":{"line":128,"column":81}},"line":128},"3":{"name":"(anonymous_3)","decl":{"start":{"line":151,"column":2},"end":{"line":151,"column":3}},"loc":{"start":{"line":151,"column":18},"end":{"line":203,"column":3}},"line":151},"4":{"name":"(anonymous_4)","decl":{"start":{"line":160,"column":35},"end":{"line":160,"column":36}},"loc":{"start":{"line":160,"column":42},"end":{"line":160,"column":82}},"line":160},"5":{"name":"(anonymous_5)","decl":{"start":{"line":177,"column":43},"end":{"line":177,"column":44}},"loc":{"start":{"line":177,"column":54},"end":{"line":180,"column":5}},"line":177},"6":{"name":"loadProjectNameToLocalStorage","decl":{"start":{"line":197,"column":13},"end":{"line":197,"column":42}},"loc":{"start":{"line":197,"column":46},"end":{"line":202,"column":5}},"line":197},"7":{"name":"(anonymous_7)","decl":{"start":{"line":205,"column":2},"end":{"line":205,"column":3}},"loc":{"start":{"line":205,"column":14},"end":{"line":207,"column":3}},"line":205}},"branchMap":{"0":{"loc":{"start":{"line":117,"column":4},"end":{"line":135,"column":5}},"type":"if","locations":[{"start":{"line":117,"column":4},"end":{"line":135,"column":5}},{"start":{},"end":{}}],"line":117},"1":{"loc":{"start":{"line":123,"column":6},"end":{"line":134,"column":7}},"type":"if","locations":[{"start":{"line":123,"column":6},"end":{"line":134,"column":7}},{"start":{"line":132,"column":13},"end":{"line":134,"column":7}}],"line":123},"2":{"loc":{"start":{"line":126,"column":19},"end":{"line":126,"column":55}},"type":"cond-expr","locations":[{"start":{"line":126,"column":30},"end":{"line":126,"column":50}},{"start":{"line":126,"column":53},"end":{"line":126,"column":55}}],"line":126},"3":{"loc":{"start":{"line":152,"column":4},"end":{"line":155,"column":5}},"type":"if","locations":[{"start":{"line":152,"column":4},"end":{"line":155,"column":5}},{"start":{},"end":{}}],"line":152},"4":{"loc":{"start":{"line":152,"column":8},"end":{"line":152,"column":41}},"type":"binary-expr","locations":[{"start":{"line":152,"column":8},"end":{"line":152,"column":13}},{"start":{"line":152,"column":17},"end":{"line":152,"column":41}}],"line":152},"5":{"loc":{"start":{"line":163,"column":33},"end":{"line":163,"column":120}},"type":"cond-expr","locations":[{"start":{"line":163,"column":59},"end":{"line":163,"column":101}},{"start":{"line":163,"column":104},"end":{"line":163,"column":120}}],"line":163},"6":{"loc":{"start":{"line":183,"column":4},"end":{"line":185,"column":5}},"type":"if","locations":[{"start":{"line":183,"column":4},"end":{"line":185,"column":5}},{"start":{},"end":{}}],"line":183},"7":{"loc":{"start":{"line":188,"column":4},"end":{"line":191,"column":5}},"type":"if","locations":[{"start":{"line":188,"column":4},"end":{"line":191,"column":5}},{"start":{},"end":{}}],"line":188}},"s":{"0":0,"1":0,"2":0,"3":0,"4":0,"5":0,"6":0,"7":0,"8":0,"9":0,"10":0,"11":0,"12":0,"13":0,"14":0,"15":0,"16":0,"17":0,"18":0,"19":0,"20":0,"21":0,"22":0,"23":0,"24":0,"25":0,"26":0,"27":0,"28":0,"29":0,"30":0,"31":0,"32":0,"33":0,"34":0,"35":0,"36":0,"37":0,"38":0,"39":0,"40":0,"41":0,"42":0,"43":0,"44":0,"45":0,"46":0,"47":0},"f":{"0":0,"1":0,"2":0,"3":0,"4":0,"5":0,"6":0,"7":0},"b":{"0":[0,0],"1":[0,0],"2":[0,0],"3":[0,0],"4":[0,0],"5":[0,0],"6":[0,0],"7":[0,0]}}
,"C:\\CSE\\CSE 110\\cse110-sp24-group27\\source\\assets\\scripts\\get_set_from_localStorage.js": {"path":"C:\\CSE\\CSE 110\\cse110-sp24-group27\\source\\assets\\scripts\\get_set_from_localStorage.js","statementMap":{"0":{"start":{"line":12,"column":36},"end":{"line":12,"column":82}},"1":{"start":{"line":15,"column":27},"end":{"line":15,"column":62}},"2":{"start":{"line":18,"column":2},"end":{"line":18,"column":72}},"3":{"start":{"line":20,"column":2},"end":{"line":20,"column":31}},"4":{"start":{"line":44,"column":26},"end":{"line":44,"column":46}},"5":{"start":{"line":47,"column":2},"end":{"line":47,"column":43}},"6":{"start":{"line":50,"column":25},"end":{"line":50,"column":82}},"7":{"start":{"line":53,"column":2},"end":{"line":53,"column":35}},"8":{"start":{"line":56,"column":2},"end":{"line":56,"column":71}},"9":{"start":{"line":67,"column":19},"end":{"line":67,"column":76}},"10":{"start":{"line":70,"column":2},"end":{"line":70,"column":17}},"11":{"start":{"line":111,"column":34},"end":{"line":111,"column":78}},"12":{"start":{"line":112,"column":25},"end":{"line":112,"column":58}},"13":{"start":{"line":115,"column":2},"end":{"line":115,"column":42}},"14":{"start":{"line":118,"column":2},"end":{"line":118,"column":68}},"15":{"start":{"line":121,"column":2},"end":{"line":121,"column":59}},"16":{"start":{"line":124,"column":2},"end":{"line":124,"column":75}},"17":{"start":{"line":137,"column":2},"end":{"line":141,"column":4}},"18":{"start":{"line":138,"column":4},"end":{"line":140,"column":5}},"19":{"start":{"line":139,"column":6},"end":{"line":139,"column":45}},"20":{"start":{"line":144,"column":2},"end":{"line":144,"column":59}},"21":{"start":{"line":155,"column":18},"end":{"line":155,"column":58}},"22":{"start":{"line":156,"column":2},"end":{"line":160,"column":4}},"23":{"start":{"line":157,"column":4},"end":{"line":159,"column":5}},"24":{"start":{"line":158,"column":6},"end":{"line":158,"column":18}},"25":{"start":{"line":161,"column":2},"end":{"line":161,"column":76}}},"fnMap":{"0":{"name":"getUnusedProjectId","decl":{"start":{"line":10,"column":16},"end":{"line":10,"column":34}},"loc":{"start":{"line":10,"column":38},"end":{"line":21,"column":1}},"line":10},"1":{"name":"addProjectToLocalStorage","decl":{"start":{"line":42,"column":16},"end":{"line":42,"column":40}},"loc":{"start":{"line":42,"column":56},"end":{"line":57,"column":1}},"line":42},"2":{"name":"getAllUserProjects","decl":{"start":{"line":63,"column":16},"end":{"line":63,"column":34}},"loc":{"start":{"line":63,"column":38},"end":{"line":71,"column":1}},"line":63},"3":{"name":"addEntry","decl":{"start":{"line":108,"column":16},"end":{"line":108,"column":24}},"loc":{"start":{"line":108,"column":55},"end":{"line":125,"column":1}},"line":108},"4":{"name":"getAllSelectedProjectEntries","decl":{"start":{"line":133,"column":16},"end":{"line":133,"column":44}},"loc":{"start":{"line":133,"column":67},"end":{"line":145,"column":1}},"line":133},"5":{"name":"(anonymous_5)","decl":{"start":{"line":137,"column":19},"end":{"line":137,"column":20}},"loc":{"start":{"line":137,"column":30},"end":{"line":141,"column":3}},"line":137},"6":{"name":"getSelectedEntry","decl":{"start":{"line":153,"column":16},"end":{"line":153,"column":32}},"loc":{"start":{"line":153,"column":60},"end":{"line":162,"column":1}},"line":153},"7":{"name":"(anonymous_7)","decl":{"start":{"line":156,"column":18},"end":{"line":156,"column":19}},"loc":{"start":{"line":156,"column":27},"end":{"line":160,"column":3}},"line":156}},"branchMap":{"0":{"loc":{"start":{"line":50,"column":36},"end":{"line":50,"column":81}},"type":"binary-expr","locations":[{"start":{"line":50,"column":36},"end":{"line":50,"column":73}},{"start":{"line":50,"column":77},"end":{"line":50,"column":81}}],"line":50},"1":{"loc":{"start":{"line":67,"column":30},"end":{"line":67,"column":75}},"type":"binary-expr","locations":[{"start":{"line":67,"column":30},"end":{"line":67,"column":67}},{"start":{"line":67,"column":71},"end":{"line":67,"column":75}}],"line":67},"2":{"loc":{"start":{"line":138,"column":4},"end":{"line":140,"column":5}},"type":"if","locations":[{"start":{"line":138,"column":4},"end":{"line":140,"column":5}},{"start":{},"end":{}}],"line":138},"3":{"loc":{"start":{"line":157,"column":4},"end":{"line":159,"column":5}},"type":"if","locations":[{"start":{"line":157,"column":4},"end":{"line":159,"column":5}},{"start":{},"end":{}}],"line":157}},"s":{"0":0,"1":0,"2":0,"3":0,"4":0,"5":0,"6":0,"7":0,"8":0,"9":0,"10":0,"11":0,"12":0,"13":0,"14":0,"15":0,"16":0,"17":0,"18":0,"19":0,"20":0,"21":0,"22":0,"23":0,"24":0,"25":0},"f":{"0":0,"1":0,"2":0,"3":0,"4":0,"5":0,"6":0,"7":0},"b":{"0":[0,0],"1":[0,0],"2":[0,0],"3":[0,0]}}
,"C:\\CSE\\CSE 110\\cse110-sp24-group27\\source\\assets\\scripts\\home_projects_page.js": {"path":"C:\\CSE\\CSE 110\\cse110-sp24-group27\\source\\assets\\scripts\\home_projects_page.js","statementMap":{"0":{"start":{"line":5,"column":19},"end":{"line":5,"column":21}},"1":{"start":{"line":6,"column":17},"end":{"line":6,"column":22}},"2":{"start":{"line":13,"column":36},"end":{"line":13,"column":79}},"3":{"start":{"line":16,"column":27},"end":{"line":16,"column":62}},"4":{"start":{"line":19,"column":2},"end":{"line":19,"column":69}},"5":{"start":{"line":21,"column":2},"end":{"line":21,"column":31}},"6":{"start":{"line":44,"column":26},"end":{"line":44,"column":46}},"7":{"start":{"line":47,"column":2},"end":{"line":47,"column":42}},"8":{"start":{"line":50,"column":25},"end":{"line":50,"column":82}},"9":{"start":{"line":53,"column":2},"end":{"line":53,"column":35}},"10":{"start":{"line":56,"column":2},"end":{"line":56,"column":71}},"11":{"start":{"line":59,"column":0},"end":{"line":251,"column":2}},"12":{"start":{"line":62,"column":17},"end":{"line":62,"column":55}},"13":{"start":{"line":63,"column":4},"end":{"line":63,"column":74}},"14":{"start":{"line":69,"column":24},"end":{"line":69,"column":73}},"15":{"start":{"line":70,"column":24},"end":{"line":70,"column":80}},"16":{"start":{"line":71,"column":34},"end":{"line":71,"column":80}},"17":{"start":{"line":74,"column":4},"end":{"line":78,"column":5}},"18":{"start":{"line":75,"column":6},"end":{"line":75,"column":40}},"19":{"start":{"line":76,"column":6},"end":{"line":76,"column":46}},"20":{"start":{"line":77,"column":6},"end":{"line":77,"column":12}},"21":{"start":{"line":79,"column":20},"end":{"line":79,"column":81}},"22":{"start":{"line":80,"column":22},"end":{"line":80,"column":24}},"23":{"start":{"line":83,"column":23},"end":{"line":90,"column":5}},"24":{"start":{"line":91,"column":4},"end":{"line":91,"column":65}},"25":{"start":{"line":92,"column":4},"end":{"line":92,"column":15}},"26":{"start":{"line":95,"column":4},"end":{"line":95,"column":39}},"27":{"start":{"line":97,"column":4},"end":{"line":97,"column":40}},"28":{"start":{"line":102,"column":16},"end":{"line":102,"column":45}},"29":{"start":{"line":103,"column":34},"end":{"line":103,"column":74}},"30":{"start":{"line":105,"column":4},"end":{"line":125,"column":5}},"31":{"start":{"line":107,"column":6},"end":{"line":107,"column":56}},"32":{"start":{"line":107,"column":46},"end":{"line":107,"column":55}},"33":{"start":{"line":108,"column":6},"end":{"line":108,"column":44}},"34":{"start":{"line":111,"column":26},"end":{"line":111,"column":116}},"35":{"start":{"line":111,"column":83},"end":{"line":111,"column":115}},"36":{"start":{"line":112,"column":6},"end":{"line":114,"column":7}},"37":{"start":{"line":113,"column":8},"end":{"line":113,"column":54}},"38":{"start":{"line":117,"column":6},"end":{"line":117,"column":28}},"39":{"start":{"line":118,"column":6},"end":{"line":118,"column":42}},"40":{"start":{"line":121,"column":21},"end":{"line":121,"column":50}},"41":{"start":{"line":122,"column":6},"end":{"line":122,"column":30}},"42":{"start":{"line":123,"column":6},"end":{"line":123,"column":33}},"43":{"start":{"line":124,"column":6},"end":{"line":124,"column":47}},"44":{"start":{"line":130,"column":4},"end":{"line":130,"column":62}},"45":{"start":{"line":131,"column":4},"end":{"line":131,"column":63}},"46":{"start":{"line":132,"column":4},"end":{"line":132,"column":57}},"47":{"start":{"line":137,"column":4},"end":{"line":137,"column":58}},"48":{"start":{"line":138,"column":4},"end":{"line":138,"column":65}},"49":{"start":{"line":139,"column":4},"end":{"line":139,"column":21}},"50":{"start":{"line":140,"column":4},"end":{"line":140,"column":89}},"51":{"start":{"line":140,"column":55},"end":{"line":140,"column":86}},"52":{"start":{"line":141,"column":4},"end":{"line":141,"column":62}},"53":{"start":{"line":142,"column":4},"end":{"line":142,"column":63}},"54":{"start":{"line":143,"column":4},"end":{"line":143,"column":59}},"55":{"start":{"line":147,"column":2},"end":{"line":147,"column":77}},"56":{"start":{"line":148,"column":2},"end":{"line":148,"column":71}},"57":{"start":{"line":150,"column":2},"end":{"line":156,"column":4}},"58":{"start":{"line":151,"column":4},"end":{"line":155,"column":6}},"59":{"start":{"line":152,"column":6},"end":{"line":154,"column":7}},"60":{"start":{"line":153,"column":8},"end":{"line":153,"column":23}},"61":{"start":{"line":158,"column":2},"end":{"line":160,"column":4}},"62":{"start":{"line":159,"column":4},"end":{"line":159,"column":27}},"63":{"start":{"line":161,"column":2},"end":{"line":163,"column":4}},"64":{"start":{"line":162,"column":4},"end":{"line":162,"column":28}},"65":{"start":{"line":166,"column":16},"end":{"line":166,"column":53}},"66":{"start":{"line":167,"column":15},"end":{"line":167,"column":58}},"67":{"start":{"line":168,"column":23},"end":{"line":168,"column":61}},"68":{"start":{"line":169,"column":18},"end":{"line":169,"column":53}},"69":{"start":{"line":170,"column":26},"end":{"line":170,"column":65}},"70":{"start":{"line":173,"column":2},"end":{"line":176,"column":4}},"71":{"start":{"line":174,"column":4},"end":{"line":174,"column":33}},"72":{"start":{"line":175,"column":4},"end":{"line":175,"column":14}},"73":{"start":{"line":179,"column":2},"end":{"line":181,"column":3}},"74":{"start":{"line":180,"column":4},"end":{"line":180,"column":32}},"75":{"start":{"line":184,"column":2},"end":{"line":188,"column":3}},"76":{"start":{"line":185,"column":4},"end":{"line":187,"column":5}},"77":{"start":{"line":186,"column":6},"end":{"line":186,"column":34}},"78":{"start":{"line":191,"column":2},"end":{"line":205,"column":4}},"79":{"start":{"line":192,"column":20},"end":{"line":192,"column":65}},"80":{"start":{"line":193,"column":21},"end":{"line":193,"column":67}},"81":{"start":{"line":195,"column":4},"end":{"line":204,"column":5}},"82":{"start":{"line":196,"column":19},"end":{"line":196,"column":39}},"83":{"start":{"line":197,"column":6},"end":{"line":197,"column":51}},"84":{"start":{"line":198,"column":6},"end":{"line":198,"column":61}},"85":{"start":{"line":199,"column":6},"end":{"line":199,"column":16}},"86":{"start":{"line":200,"column":6},"end":{"line":200,"column":56}},"87":{"start":{"line":201,"column":6},"end":{"line":201,"column":64}},"88":{"start":{"line":203,"column":6},"end":{"line":203,"column":38}},"89":{"start":{"line":208,"column":2},"end":{"line":211,"column":4}},"90":{"start":{"line":209,"column":4},"end":{"line":209,"column":28}},"91":{"start":{"line":210,"column":4},"end":{"line":210,"column":66}},"92":{"start":{"line":215,"column":17},"end":{"line":215,"column":37}},"93":{"start":{"line":216,"column":4},"end":{"line":216,"column":26}},"94":{"start":{"line":218,"column":4},"end":{"line":235,"column":6}},"95":{"start":{"line":219,"column":22},"end":{"line":219,"column":51}},"96":{"start":{"line":220,"column":6},"end":{"line":220,"column":44}},"97":{"start":{"line":221,"column":6},"end":{"line":221,"column":36}},"98":{"start":{"line":222,"column":6},"end":{"line":222,"column":39}},"99":{"start":{"line":223,"column":6},"end":{"line":223,"column":57}},"100":{"start":{"line":224,"column":6},"end":{"line":233,"column":8}},"101":{"start":{"line":225,"column":8},"end":{"line":232,"column":9}},"102":{"start":{"line":226,"column":10},"end":{"line":226,"column":38}},"103":{"start":{"line":227,"column":30},"end":{"line":227,"column":67}},"104":{"start":{"line":227,"column":47},"end":{"line":227,"column":66}},"105":{"start":{"line":228,"column":10},"end":{"line":228,"column":72}},"106":{"start":{"line":229,"column":10},"end":{"line":229,"column":25}},"107":{"start":{"line":231,"column":10},"end":{"line":231,"column":25}},"108":{"start":{"line":234,"column":6},"end":{"line":234,"column":34}},"109":{"start":{"line":240,"column":4},"end":{"line":240,"column":62}},"110":{"start":{"line":244,"column":24},"end":{"line":244,"column":59}},"111":{"start":{"line":245,"column":4},"end":{"line":249,"column":6}},"112":{"start":{"line":246,"column":26},"end":{"line":246,"column":64}},"113":{"start":{"line":247,"column":6},"end":{"line":247,"column":32}},"114":{"start":{"line":248,"column":6},"end":{"line":248,"column":42}}},"fnMap":{"0":{"name":"getUnusedProjectId","decl":{"start":{"line":11,"column":9},"end":{"line":11,"column":27}},"loc":{"start":{"line":11,"column":31},"end":{"line":22,"column":1}},"line":11},"1":{"name":"addProjectToLocalStorage","decl":{"start":{"line":42,"column":9},"end":{"line":42,"column":33}},"loc":{"start":{"line":42,"column":49},"end":{"line":57,"column":1}},"line":42},"2":{"name":"(anonymous_2)","decl":{"start":{"line":59,"column":46},"end":{"line":59,"column":47}},"loc":{"start":{"line":59,"column":58},"end":{"line":251,"column":1}},"line":59},"3":{"name":"newProject","decl":{"start":{"line":61,"column":11},"end":{"line":61,"column":21}},"loc":{"start":{"line":61,"column":25},"end":{"line":64,"column":3}},"line":61},"4":{"name":"addProject","decl":{"start":{"line":67,"column":11},"end":{"line":67,"column":21}},"loc":{"start":{"line":67,"column":25},"end":{"line":98,"column":3}},"line":67},"5":{"name":"toggleTag","decl":{"start":{"line":101,"column":11},"end":{"line":101,"column":20}},"loc":{"start":{"line":101,"column":34},"end":{"line":126,"column":3}},"line":101},"6":{"name":"(anonymous_6)","decl":{"start":{"line":107,"column":41},"end":{"line":107,"column":42}},"loc":{"start":{"line":107,"column":46},"end":{"line":107,"column":55}},"line":107},"7":{"name":"(anonymous_7)","decl":{"start":{"line":111,"column":74},"end":{"line":111,"column":75}},"loc":{"start":{"line":111,"column":83},"end":{"line":111,"column":115}},"line":111},"8":{"name":"selectPrivacy","decl":{"start":{"line":129,"column":11},"end":{"line":129,"column":24}},"loc":{"start":{"line":129,"column":34},"end":{"line":133,"column":3}},"line":129},"9":{"name":"resetForm","decl":{"start":{"line":136,"column":11},"end":{"line":136,"column":20}},"loc":{"start":{"line":136,"column":24},"end":{"line":144,"column":3}},"line":136},"10":{"name":"(anonymous_10)","decl":{"start":{"line":140,"column":46},"end":{"line":140,"column":47}},"loc":{"start":{"line":140,"column":53},"end":{"line":140,"column":88}},"line":140},"11":{"name":"(anonymous_11)","decl":{"start":{"line":150,"column":44},"end":{"line":150,"column":45}},"loc":{"start":{"line":150,"column":51},"end":{"line":156,"column":3}},"line":150},"12":{"name":"(anonymous_12)","decl":{"start":{"line":151,"column":34},"end":{"line":151,"column":35}},"loc":{"start":{"line":151,"column":46},"end":{"line":155,"column":5}},"line":151},"13":{"name":"(anonymous_13)","decl":{"start":{"line":158,"column":62},"end":{"line":158,"column":63}},"loc":{"start":{"line":158,"column":74},"end":{"line":160,"column":3}},"line":158},"14":{"name":"(anonymous_14)","decl":{"start":{"line":161,"column":63},"end":{"line":161,"column":64}},"loc":{"start":{"line":161,"column":75},"end":{"line":163,"column":3}},"line":161},"15":{"name":"(anonymous_15)","decl":{"start":{"line":173,"column":63},"end":{"line":173,"column":64}},"loc":{"start":{"line":173,"column":75},"end":{"line":176,"column":3}},"line":173},"16":{"name":"(anonymous_16)","decl":{"start":{"line":179,"column":17},"end":{"line":179,"column":18}},"loc":{"start":{"line":179,"column":29},"end":{"line":181,"column":3}},"line":179},"17":{"name":"(anonymous_17)","decl":{"start":{"line":184,"column":19},"end":{"line":184,"column":20}},"loc":{"start":{"line":184,"column":36},"end":{"line":188,"column":3}},"line":184},"18":{"name":"(anonymous_18)","decl":{"start":{"line":191,"column":41},"end":{"line":191,"column":42}},"loc":{"start":{"line":191,"column":53},"end":{"line":205,"column":3}},"line":191},"19":{"name":"(anonymous_19)","decl":{"start":{"line":208,"column":74},"end":{"line":208,"column":75}},"loc":{"start":{"line":208,"column":86},"end":{"line":211,"column":3}},"line":208},"20":{"name":"loadTags","decl":{"start":{"line":214,"column":11},"end":{"line":214,"column":19}},"loc":{"start":{"line":214,"column":23},"end":{"line":236,"column":3}},"line":214},"21":{"name":"(anonymous_21)","decl":{"start":{"line":218,"column":17},"end":{"line":218,"column":18}},"loc":{"start":{"line":218,"column":24},"end":{"line":235,"column":5}},"line":218},"22":{"name":"(anonymous_22)","decl":{"start":{"line":224,"column":40},"end":{"line":224,"column":41}},"loc":{"start":{"line":224,"column":52},"end":{"line":233,"column":7}},"line":224},"23":{"name":"(anonymous_23)","decl":{"start":{"line":227,"column":42},"end":{"line":227,"column":43}},"loc":{"start":{"line":227,"column":47},"end":{"line":227,"column":66}},"line":227},"24":{"name":"getTagsFromStorage","decl":{"start":{"line":239,"column":11},"end":{"line":239,"column":29}},"loc":{"start":{"line":239,"column":33},"end":{"line":241,"column":3}},"line":239},"25":{"name":"addProjectsToDocument","decl":{"start":{"line":243,"column":11},"end":{"line":243,"column":32}},"loc":{"start":{"line":243,"column":44},"end":{"line":250,"column":3}},"line":243},"26":{"name":"(anonymous_26)","decl":{"start":{"line":245,"column":21},"end":{"line":245,"column":22}},"loc":{"start":{"line":245,"column":32},"end":{"line":249,"column":5}},"line":245}},"branchMap":{"0":{"loc":{"start":{"line":50,"column":36},"end":{"line":50,"column":81}},"type":"binary-expr","locations":[{"start":{"line":50,"column":36},"end":{"line":50,"column":73}},{"start":{"line":50,"column":77},"end":{"line":50,"column":81}}],"line":50},"1":{"loc":{"start":{"line":63,"column":26},"end":{"line":63,"column":73}},"type":"cond-expr","locations":[{"start":{"line":63,"column":58},"end":{"line":63,"column":64}},{"start":{"line":63,"column":67},"end":{"line":63,"column":73}}],"line":63},"2":{"loc":{"start":{"line":74,"column":4},"end":{"line":78,"column":5}},"type":"if","locations":[{"start":{"line":74,"column":4},"end":{"line":78,"column":5}},{"start":{},"end":{}}],"line":74},"3":{"loc":{"start":{"line":79,"column":20},"end":{"line":79,"column":81}},"type":"cond-expr","locations":[{"start":{"line":79,"column":61},"end":{"line":79,"column":70}},{"start":{"line":79,"column":73},"end":{"line":79,"column":81}}],"line":79},"4":{"loc":{"start":{"line":105,"column":4},"end":{"line":125,"column":5}},"type":"if","locations":[{"start":{"line":105,"column":4},"end":{"line":125,"column":5}},{"start":{"line":115,"column":11},"end":{"line":125,"column":5}}],"line":105},"5":{"loc":{"start":{"line":112,"column":6},"end":{"line":114,"column":7}},"type":"if","locations":[{"start":{"line":112,"column":6},"end":{"line":114,"column":7}},{"start":{},"end":{}}],"line":112},"6":{"loc":{"start":{"line":152,"column":6},"end":{"line":154,"column":7}},"type":"if","locations":[{"start":{"line":152,"column":6},"end":{"line":154,"column":7}},{"start":{},"end":{}}],"line":152},"7":{"loc":{"start":{"line":185,"column":4},"end":{"line":187,"column":5}},"type":"if","locations":[{"start":{"line":185,"column":4},"end":{"line":187,"column":5}},{"start":{},"end":{}}],"line":185},"8":{"loc":{"start":{"line":195,"column":4},"end":{"line":204,"column":5}},"type":"if","locations":[{"start":{"line":195,"column":4},"end":{"line":204,"column":5}},{"start":{"line":202,"column":11},"end":{"line":204,"column":5}}],"line":195},"9":{"loc":{"start":{"line":210,"column":39},"end":{"line":210,"column":64}},"type":"cond-expr","locations":[{"start":{"line":210,"column":52},"end":{"line":210,"column":56}},{"start":{"line":210,"column":59},"end":{"line":210,"column":64}}],"line":210},"10":{"loc":{"start":{"line":225,"column":8},"end":{"line":232,"column":9}},"type":"if","locations":[{"start":{"line":225,"column":8},"end":{"line":232,"column":9}},{"start":{"line":230,"column":15},"end":{"line":232,"column":9}}],"line":225},"11":{"loc":{"start":{"line":240,"column":11},"end":{"line":240,"column":62}},"type":"binary-expr","locations":[{"start":{"line":240,"column":11},"end":{"line":240,"column":56}},{"start":{"line":240,"column":60},"end":{"line":240,"column":62}}],"line":240}},"s":{"0":0,"1":0,"2":0,"3":0,"4":0,"5":0,"6":0,"7":0,"8":0,"9":0,"10":0,"11":0,"12":0,"13":0,"14":0,"15":0,"16":0,"17":0,"18":0,"19":0,"20":0,"21":0,"22":0,"23":0,"24":0,"25":0,"26":0,"27":0,"28":0,"29":0,"30":0,"31":0,"32":0,"33":0,"34":0,"35":0,"36":0,"37":0,"38":0,"39":0,"40":0,"41":0,"42":0,"43":0,"44":0,"45":0,"46":0,"47":0,"48":0,"49":0,"50":0,"51":0,"52":0,"53":0,"54":0,"55":0,"56":0,"57":0,"58":0,"59":0,"60":0,"61":0,"62":0,"63":0,"64":0,"65":0,"66":0,"67":0,"68":0,"69":0,"70":0,"71":0,"72":0,"73":0,"74":0,"75":0,"76":0,"77":0,"78":0,"79":0,"80":0,"81":0,"82":0,"83":0,"84":0,"85":0,"86":0,"87":0,"88":0,"89":0,"90":0,"91":0,"92":0,"93":0,"94":0,"95":0,"96":0,"97":0,"98":0,"99":0,"100":0,"101":0,"102":0,"103":0,"104":0,"105":0,"106":0,"107":0,"108":0,"109":0,"110":0,"111":0,"112":0,"113":0,"114":0},"f":{"0":0,"1":0,"2":0,"3":0,"4":0,"5":0,"6":0,"7":0,"8":0,"9":0,"10":0,"11":0,"12":0,"13":0,"14":0,"15":0,"16":0,"17":0,"18":0,"19":0,"20":0,"21":0,"22":0,"23":0,"24":0,"25":0,"26":0},"b":{"0":[0,0],"1":[0,0],"2":[0,0],"3":[0,0],"4":[0,0],"5":[0,0],"6":[0,0],"7":[0,0],"8":[0,0],"9":[0,0],"10":[0,0],"11":[0,0]}}
,"C:\\CSE\\CSE 110\\cse110-sp24-group27\\source\\assets\\scripts\\main.js": {"path":"C:\\CSE\\CSE 110\\cse110-sp24-group27\\source\\assets\\scripts\\main.js","statementMap":{"0":{"start":{"line":2,"column":0},"end":{"line":2,"column":49}},"1":{"start":{"line":7,"column":2},"end":{"line":9,"column":3}},"2":{"start":{"line":8,"column":4},"end":{"line":8,"column":50}},"3":{"start":{"line":10,"column":2},"end":{"line":12,"column":3}},"4":{"start":{"line":11,"column":4},"end":{"line":11,"column":51}},"5":{"start":{"line":13,"column":2},"end":{"line":15,"column":3}},"6":{"start":{"line":14,"column":4},"end":{"line":14,"column":50}},"7":{"start":{"line":18,"column":2},"end":{"line":20,"column":3}},"8":{"start":{"line":19,"column":4},"end":{"line":19,"column":38}},"9":{"start":{"line":21,"column":2},"end":{"line":23,"column":3}},"10":{"start":{"line":22,"column":4},"end":{"line":22,"column":36}},"11":{"start":{"line":24,"column":2},"end":{"line":26,"column":3}},"12":{"start":{"line":25,"column":4},"end":{"line":25,"column":36}},"13":{"start":{"line":29,"column":22},"end":{"line":29,"column":58}},"14":{"start":{"line":31,"column":2},"end":{"line":37,"column":3}},"15":{"start":{"line":32,"column":4},"end":{"line":32,"column":38}},"16":{"start":{"line":35,"column":24},"end":{"line":35,"column":47}},"17":{"start":{"line":36,"column":4},"end":{"line":36,"column":36}},"18":{"start":{"line":40,"column":19},"end":{"line":40,"column":43}},"19":{"start":{"line":41,"column":2},"end":{"line":41,"column":33}},"20":{"start":{"line":54,"column":2},"end":{"line":62,"column":6}},"21":{"start":{"line":55,"column":22},"end":{"line":55,"column":37}},"22":{"start":{"line":57,"column":26},"end":{"line":57,"column":59}},"23":{"start":{"line":58,"column":6},"end":{"line":58,"column":55}},"24":{"start":{"line":61,"column":6},"end":{"line":61,"column":59}},"25":{"start":{"line":73,"column":2},"end":{"line":73,"column":63}},"26":{"start":{"line":78,"column":2},"end":{"line":78,"column":114}},"27":{"start":{"line":79,"column":2},"end":{"line":79,"column":91}},"28":{"start":{"line":80,"column":2},"end":{"line":80,"column":71}},"29":{"start":{"line":81,"column":2},"end":{"line":81,"column":92}},"30":{"start":{"line":83,"column":2},"end":{"line":83,"column":26}},"31":{"start":{"line":84,"column":2},"end":{"line":86,"column":3}},"32":{"start":{"line":85,"column":4},"end":{"line":85,"column":90}},"33":{"start":{"line":87,"column":2},"end":{"line":89,"column":3}},"34":{"start":{"line":88,"column":4},"end":{"line":88,"column":84}},"35":{"start":{"line":90,"column":2},"end":{"line":92,"column":3}},"36":{"start":{"line":91,"column":4},"end":{"line":91,"column":80}},"37":{"start":{"line":103,"column":2},"end":{"line":103,"column":64}},"38":{"start":{"line":115,"column":22},"end":{"line":115,"column":57}},"39":{"start":{"line":116,"column":2},"end":{"line":120,"column":3}},"40":{"start":{"line":117,"column":24},"end":{"line":117,"column":62}},"41":{"start":{"line":118,"column":4},"end":{"line":118,"column":30}},"42":{"start":{"line":119,"column":4},"end":{"line":119,"column":40}},"43":{"start":{"line":124,"column":0},"end":{"line":124,"column":39}}},"fnMap":{"0":{"name":"init","decl":{"start":{"line":5,"column":9},"end":{"line":5,"column":13}},"loc":{"start":{"line":5,"column":17},"end":{"line":44,"column":1}},"line":5},"1":{"name":"fetchProfileExamplejsonToStorage","decl":{"start":{"line":53,"column":9},"end":{"line":53,"column":41}},"loc":{"start":{"line":53,"column":45},"end":{"line":63,"column":1}},"line":53},"2":{"name":"(anonymous_2)","decl":{"start":{"line":55,"column":10},"end":{"line":55,"column":11}},"loc":{"start":{"line":55,"column":22},"end":{"line":55,"column":37}},"line":55},"3":{"name":"(anonymous_3)","decl":{"start":{"line":56,"column":10},"end":{"line":56,"column":11}},"loc":{"start":{"line":56,"column":18},"end":{"line":59,"column":5}},"line":56},"4":{"name":"(anonymous_4)","decl":{"start":{"line":60,"column":11},"end":{"line":60,"column":12}},"loc":{"start":{"line":60,"column":20},"end":{"line":62,"column":5}},"line":60},"5":{"name":"getProfileFromStorage","decl":{"start":{"line":72,"column":9},"end":{"line":72,"column":30}},"loc":{"start":{"line":72,"column":34},"end":{"line":74,"column":1}},"line":72},"6":{"name":"updateProfileOnPage","decl":{"start":{"line":77,"column":9},"end":{"line":77,"column":28}},"loc":{"start":{"line":77,"column":43},"end":{"line":93,"column":1}},"line":77},"7":{"name":"getProjectsFromStorage","decl":{"start":{"line":102,"column":9},"end":{"line":102,"column":31}},"loc":{"start":{"line":102,"column":35},"end":{"line":104,"column":1}},"line":102},"8":{"name":"addProjectsToDocument","decl":{"start":{"line":113,"column":9},"end":{"line":113,"column":30}},"loc":{"start":{"line":113,"column":42},"end":{"line":121,"column":1}},"line":113}},"branchMap":{"0":{"loc":{"start":{"line":7,"column":2},"end":{"line":9,"column":3}},"type":"if","locations":[{"start":{"line":7,"column":2},"end":{"line":9,"column":3}},{"start":{},"end":{}}],"line":7},"1":{"loc":{"start":{"line":10,"column":2},"end":{"line":12,"column":3}},"type":"if","locations":[{"start":{"line":10,"column":2},"end":{"line":12,"column":3}},{"start":{},"end":{}}],"line":10},"2":{"loc":{"start":{"line":13,"column":2},"end":{"line":15,"column":3}},"type":"if","locations":[{"start":{"line":13,"column":2},"end":{"line":15,"column":3}},{"start":{},"end":{}}],"line":13},"3":{"loc":{"start":{"line":18,"column":2},"end":{"line":20,"column":3}},"type":"if","locations":[{"start":{"line":18,"column":2},"end":{"line":20,"column":3}},{"start":{},"end":{}}],"line":18},"4":{"loc":{"start":{"line":21,"column":2},"end":{"line":23,"column":3}},"type":"if","locations":[{"start":{"line":21,"column":2},"end":{"line":23,"column":3}},{"start":{},"end":{}}],"line":21},"5":{"loc":{"start":{"line":24,"column":2},"end":{"line":26,"column":3}},"type":"if","locations":[{"start":{"line":24,"column":2},"end":{"line":26,"column":3}},{"start":{},"end":{}}],"line":24},"6":{"loc":{"start":{"line":31,"column":2},"end":{"line":37,"column":3}},"type":"if","locations":[{"start":{"line":31,"column":2},"end":{"line":37,"column":3}},{"start":{"line":33,"column":9},"end":{"line":37,"column":3}}],"line":31},"7":{"loc":{"start":{"line":73,"column":9},"end":{"line":73,"column":63}},"type":"binary-expr","locations":[{"start":{"line":73,"column":9},"end":{"line":73,"column":57}},{"start":{"line":73,"column":61},"end":{"line":73,"column":63}}],"line":73},"8":{"loc":{"start":{"line":78,"column":51},"end":{"line":78,"column":114}},"type":"binary-expr","locations":[{"start":{"line":78,"column":51},"end":{"line":78,"column":77}},{"start":{"line":78,"column":81},"end":{"line":78,"column":114}}],"line":78},"9":{"loc":{"start":{"line":79,"column":48},"end":{"line":79,"column":91}},"type":"binary-expr","locations":[{"start":{"line":79,"column":48},"end":{"line":79,"column":68}},{"start":{"line":79,"column":72},"end":{"line":79,"column":91}}],"line":79},"10":{"loc":{"start":{"line":81,"column":55},"end":{"line":81,"column":92}},"type":"binary-expr","locations":[{"start":{"line":81,"column":55},"end":{"line":81,"column":70}},{"start":{"line":81,"column":74},"end":{"line":81,"column":92}}],"line":81},"11":{"loc":{"start":{"line":84,"column":2},"end":{"line":86,"column":3}},"type":"if","locations":[{"start":{"line":84,"column":2},"end":{"line":86,"column":3}},{"start":{},"end":{}}],"line":84},"12":{"loc":{"start":{"line":87,"column":2},"end":{"line":89,"column":3}},"type":"if","locations":[{"start":{"line":87,"column":2},"end":{"line":89,"column":3}},{"start":{},"end":{}}],"line":87},"13":{"loc":{"start":{"line":90,"column":2},"end":{"line":92,"column":3}},"type":"if","locations":[{"start":{"line":90,"column":2},"end":{"line":92,"column":3}},{"start":{},"end":{}}],"line":90},"14":{"loc":{"start":{"line":103,"column":9},"end":{"line":103,"column":64}},"type":"binary-expr","locations":[{"start":{"line":103,"column":9},"end":{"line":103,"column":58}},{"start":{"line":103,"column":62},"end":{"line":103,"column":64}}],"line":103}},"s":{"0":1,"1":0,"2":0,"3":0,"4":0,"5":0,"6":0,"7":0,"8":0,"9":0,"10":0,"11":0,"12":0,"13":0,"14":0,"15":0,"16":0,"17":0,"18":0,"19":0,"20":0,"21":0,"22":0,"23":0,"24":0,"25":0,"26":0,"27":0,"28":0,"29":0,"30":0,"31":0,"32":0,"33":0,"34":0,"35":0,"36":0,"37":1,"38":0,"39":0,"40":0,"41":0,"42":0,"43":1},"f":{"0":0,"1":0,"2":0,"3":0,"4":0,"5":0,"6":0,"7":1,"8":0},"b":{"0":[0,0],"1":[0,0],"2":[0,0],"3":[0,0],"4":[0,0],"5":[0,0],"6":[0,0],"7":[0,0],"8":[0,0],"9":[0,0],"10":[0,0],"11":[0,0],"12":[0,0],"13":[0,0],"14":[1,1]},"_coverageSchema":"1a1c01bbd47fc00a2c39e90264f33305004495a9","hash":"8d0ea349e2ed6d75ebd9241bdd33bddaf16e9bab"}
,"C:\\CSE\\CSE 110\\cse110-sp24-group27\\source\\assets\\scripts\\profile_setting.js": {"path":"C:\\CSE\\CSE 110\\cse110-sp24-group27\\source\\assets\\scripts\\profile_setting.js","statementMap":{"0":{"start":{"line":2,"column":0},"end":{"line":2,"column":49}},"1":{"start":{"line":7,"column":22},"end":{"line":7,"column":58}},"2":{"start":{"line":8,"column":2},"end":{"line":15,"column":3}},"3":{"start":{"line":9,"column":4},"end":{"line":9,"column":31}},"4":{"start":{"line":12,"column":20},"end":{"line":12,"column":43}},"5":{"start":{"line":13,"column":4},"end":{"line":13,"column":24}},"6":{"start":{"line":14,"column":4},"end":{"line":14,"column":32}},"7":{"start":{"line":19,"column":2},"end":{"line":27,"column":6}},"8":{"start":{"line":20,"column":22},"end":{"line":20,"column":37}},"9":{"start":{"line":22,"column":26},"end":{"line":22,"column":59}},"10":{"start":{"line":23,"column":6},"end":{"line":23,"column":55}},"11":{"start":{"line":26,"column":6},"end":{"line":26,"column":59}},"12":{"start":{"line":46,"column":2},"end":{"line":54,"column":3}},"13":{"start":{"line":47,"column":26},"end":{"line":47,"column":62}},"14":{"start":{"line":48,"column":4},"end":{"line":50,"column":5}},"15":{"start":{"line":49,"column":6},"end":{"line":49,"column":38}},"16":{"start":{"line":51,"column":4},"end":{"line":51,"column":15}},"17":{"start":{"line":53,"column":4},"end":{"line":53,"column":64}},"18":{"start":{"line":60,"column":2},"end":{"line":60,"column":110}},"19":{"start":{"line":61,"column":2},"end":{"line":61,"column":68}},"20":{"start":{"line":63,"column":2},"end":{"line":63,"column":61}},"21":{"start":{"line":64,"column":2},"end":{"line":64,"column":60}},"22":{"start":{"line":66,"column":2},"end":{"line":69,"column":3}},"23":{"start":{"line":67,"column":4},"end":{"line":67,"column":86}},"24":{"start":{"line":68,"column":4},"end":{"line":68,"column":75}},"25":{"start":{"line":70,"column":2},"end":{"line":73,"column":3}},"26":{"start":{"line":71,"column":4},"end":{"line":71,"column":80}},"27":{"start":{"line":72,"column":4},"end":{"line":72,"column":81}},"28":{"start":{"line":74,"column":2},"end":{"line":77,"column":3}},"29":{"start":{"line":75,"column":4},"end":{"line":75,"column":76}},"30":{"start":{"line":76,"column":4},"end":{"line":76,"column":77}},"31":{"start":{"line":82,"column":17},"end":{"line":82,"column":59}},"32":{"start":{"line":83,"column":2},"end":{"line":83,"column":57}},"33":{"start":{"line":88,"column":18},"end":{"line":88,"column":41}},"34":{"start":{"line":89,"column":21},"end":{"line":99,"column":3}},"35":{"start":{"line":100,"column":22},"end":{"line":100,"column":71}},"36":{"start":{"line":101,"column":2},"end":{"line":114,"column":3}},"37":{"start":{"line":103,"column":19},"end":{"line":103,"column":35}},"38":{"start":{"line":104,"column":4},"end":{"line":108,"column":5}},"39":{"start":{"line":105,"column":6},"end":{"line":105,"column":49}},"40":{"start":{"line":106,"column":6},"end":{"line":106,"column":70}},"41":{"start":{"line":107,"column":6},"end":{"line":107,"column":64}},"42":{"start":{"line":109,"column":4},"end":{"line":109,"column":46}},"43":{"start":{"line":112,"column":4},"end":{"line":112,"column":68}},"44":{"start":{"line":113,"column":4},"end":{"line":113,"column":66}},"45":{"start":{"line":115,"column":2},"end":{"line":115,"column":29}},"46":{"start":{"line":120,"column":18},"end":{"line":120,"column":41}},"47":{"start":{"line":121,"column":2},"end":{"line":121,"column":49}},"48":{"start":{"line":122,"column":2},"end":{"line":122,"column":110}},"49":{"start":{"line":123,"column":2},"end":{"line":123,"column":27}},"50":{"start":{"line":128,"column":2},"end":{"line":130,"column":3}},"51":{"start":{"line":129,"column":4},"end":{"line":129,"column":13}},"52":{"start":{"line":131,"column":2},"end":{"line":155,"column":3}},"53":{"start":{"line":133,"column":4},"end":{"line":145,"column":5}},"54":{"start":{"line":134,"column":6},"end":{"line":134,"column":47}},"55":{"start":{"line":136,"column":11},"end":{"line":145,"column":5}},"56":{"start":{"line":137,"column":6},"end":{"line":137,"column":46}},"57":{"start":{"line":139,"column":11},"end":{"line":145,"column":5}},"58":{"start":{"line":141,"column":6},"end":{"line":141,"column":46}},"59":{"start":{"line":144,"column":6},"end":{"line":144,"column":33}},"60":{"start":{"line":147,"column":4},"end":{"line":154,"column":5}},"61":{"start":{"line":148,"column":6},"end":{"line":151,"column":7}},"62":{"start":{"line":150,"column":8},"end":{"line":150,"column":44}},"63":{"start":{"line":153,"column":6},"end":{"line":153,"column":29}},"64":{"start":{"line":156,"column":2},"end":{"line":156,"column":12}},"65":{"start":{"line":159,"column":0},"end":{"line":159,"column":28}},"66":{"start":{"line":160,"column":0},"end":{"line":160,"column":18}},"67":{"start":{"line":161,"column":0},"end":{"line":161,"column":22}}},"fnMap":{"0":{"name":"init","decl":{"start":{"line":5,"column":9},"end":{"line":5,"column":13}},"loc":{"start":{"line":5,"column":17},"end":{"line":16,"column":1}},"line":5},"1":{"name":"fetchExamplejsonToStorage","decl":{"start":{"line":18,"column":9},"end":{"line":18,"column":34}},"loc":{"start":{"line":18,"column":38},"end":{"line":28,"column":1}},"line":18},"2":{"name":"(anonymous_2)","decl":{"start":{"line":20,"column":10},"end":{"line":20,"column":11}},"loc":{"start":{"line":20,"column":22},"end":{"line":20,"column":37}},"line":20},"3":{"name":"(anonymous_3)","decl":{"start":{"line":21,"column":10},"end":{"line":21,"column":11}},"loc":{"start":{"line":21,"column":18},"end":{"line":24,"column":5}},"line":21},"4":{"name":"(anonymous_4)","decl":{"start":{"line":25,"column":11},"end":{"line":25,"column":12}},"loc":{"start":{"line":25,"column":20},"end":{"line":27,"column":5}},"line":25},"5":{"name":"getProfileFromStorage","decl":{"start":{"line":45,"column":9},"end":{"line":45,"column":30}},"loc":{"start":{"line":45,"column":34},"end":{"line":55,"column":1}},"line":45},"6":{"name":"updateProfileOnPage","decl":{"start":{"line":59,"column":9},"end":{"line":59,"column":28}},"loc":{"start":{"line":59,"column":39},"end":{"line":78,"column":1}},"line":59},"7":{"name":"loadImage","decl":{"start":{"line":81,"column":9},"end":{"line":81,"column":18}},"loc":{"start":{"line":81,"column":27},"end":{"line":84,"column":1}},"line":81},"8":{"name":"save","decl":{"start":{"line":87,"column":9},"end":{"line":87,"column":13}},"loc":{"start":{"line":87,"column":17},"end":{"line":116,"column":1}},"line":87},"9":{"name":"(anonymous_9)","decl":{"start":{"line":104,"column":20},"end":{"line":104,"column":21}},"loc":{"start":{"line":104,"column":33},"end":{"line":108,"column":5}},"line":104},"10":{"name":"cancel","decl":{"start":{"line":119,"column":9},"end":{"line":119,"column":15}},"loc":{"start":{"line":119,"column":19},"end":{"line":124,"column":1}},"line":119},"11":{"name":"checkURL","decl":{"start":{"line":127,"column":9},"end":{"line":127,"column":17}},"loc":{"start":{"line":127,"column":30},"end":{"line":157,"column":1}},"line":127}},"branchMap":{"0":{"loc":{"start":{"line":8,"column":2},"end":{"line":15,"column":3}},"type":"if","locations":[{"start":{"line":8,"column":2},"end":{"line":15,"column":3}},{"start":{"line":10,"column":9},"end":{"line":15,"column":3}}],"line":8},"1":{"loc":{"start":{"line":48,"column":4},"end":{"line":50,"column":5}},"type":"if","locations":[{"start":{"line":48,"column":4},"end":{"line":50,"column":5}},{"start":{},"end":{}}],"line":48},"2":{"loc":{"start":{"line":60,"column":51},"end":{"line":60,"column":110}},"type":"binary-expr","locations":[{"start":{"line":60,"column":51},"end":{"line":60,"column":73}},{"start":{"line":60,"column":77},"end":{"line":60,"column":110}}],"line":60},"3":{"loc":{"start":{"line":61,"column":42},"end":{"line":61,"column":68}},"type":"binary-expr","locations":[{"start":{"line":61,"column":42},"end":{"line":61,"column":58}},{"start":{"line":61,"column":62},"end":{"line":61,"column":68}}],"line":61},"4":{"loc":{"start":{"line":66,"column":2},"end":{"line":69,"column":3}},"type":"if","locations":[{"start":{"line":66,"column":2},"end":{"line":69,"column":3}},{"start":{},"end":{}}],"line":66},"5":{"loc":{"start":{"line":70,"column":2},"end":{"line":73,"column":3}},"type":"if","locations":[{"start":{"line":70,"column":2},"end":{"line":73,"column":3}},{"start":{},"end":{}}],"line":70},"6":{"loc":{"start":{"line":74,"column":2},"end":{"line":77,"column":3}},"type":"if","locations":[{"start":{"line":74,"column":2},"end":{"line":77,"column":3}},{"start":{},"end":{}}],"line":74},"7":{"loc":{"start":{"line":101,"column":2},"end":{"line":114,"column":3}},"type":"if","locations":[{"start":{"line":101,"column":2},"end":{"line":114,"column":3}},{"start":{"line":110,"column":9},"end":{"line":114,"column":3}}],"line":101},"8":{"loc":{"start":{"line":101,"column":6},"end":{"line":101,"column":47}},"type":"binary-expr","locations":[{"start":{"line":101,"column":6},"end":{"line":101,"column":23}},{"start":{"line":101,"column":27},"end":{"line":101,"column":47}}],"line":101},"9":{"loc":{"start":{"line":122,"column":51},"end":{"line":122,"column":110}},"type":"binary-expr","locations":[{"start":{"line":122,"column":51},"end":{"line":122,"column":73}},{"start":{"line":122,"column":77},"end":{"line":122,"column":110}}],"line":122},"10":{"loc":{"start":{"line":128,"column":2},"end":{"line":130,"column":3}},"type":"if","locations":[{"start":{"line":128,"column":2},"end":{"line":130,"column":3}},{"start":{},"end":{}}],"line":128},"11":{"loc":{"start":{"line":131,"column":2},"end":{"line":155,"column":3}},"type":"if","locations":[{"start":{"line":131,"column":2},"end":{"line":155,"column":3}},{"start":{"line":146,"column":9},"end":{"line":155,"column":3}}],"line":131},"12":{"loc":{"start":{"line":131,"column":6},"end":{"line":131,"column":60}},"type":"binary-expr","locations":[{"start":{"line":131,"column":6},"end":{"line":131,"column":25}},{"start":{"line":131,"column":29},"end":{"line":131,"column":60}}],"line":131},"13":{"loc":{"start":{"line":133,"column":4},"end":{"line":145,"column":5}},"type":"if","locations":[{"start":{"line":133,"column":4},"end":{"line":145,"column":5}},{"start":{"line":136,"column":11},"end":{"line":145,"column":5}}],"line":133},"14":{"loc":{"start":{"line":136,"column":11},"end":{"line":145,"column":5}},"type":"if","locations":[{"start":{"line":136,"column":11},"end":{"line":145,"column":5}},{"start":{"line":139,"column":11},"end":{"line":145,"column":5}}],"line":136},"15":{"loc":{"start":{"line":139,"column":11},"end":{"line":145,"column":5}},"type":"if","locations":[{"start":{"line":139,"column":11},"end":{"line":145,"column":5}},{"start":{"line":142,"column":11},"end":{"line":145,"column":5}}],"line":139},"16":{"loc":{"start":{"line":147,"column":4},"end":{"line":154,"column":5}},"type":"if","locations":[{"start":{"line":147,"column":4},"end":{"line":154,"column":5}},{"start":{},"end":{}}],"line":147},"17":{"loc":{"start":{"line":148,"column":6},"end":{"line":151,"column":7}},"type":"if","locations":[{"start":{"line":148,"column":6},"end":{"line":151,"column":7}},{"start":{},"end":{}}],"line":148}},"s":{"0":0,"1":0,"2":0,"3":0,"4":0,"5":0,"6":0,"7":0,"8":0,"9":0,"10":0,"11":0,"12":0,"13":0,"14":0,"15":0,"16":0,"17":0,"18":0,"19":0,"20":0,"21":0,"22":0,"23":0,"24":0,"25":0,"26":0,"27":0,"28":0,"29":0,"30":0,"31":0,"32":0,"33":0,"34":0,"35":0,"36":0,"37":0,"38":0,"39":0,"40":0,"41":0,"42":0,"43":0,"44":0,"45":0,"46":0,"47":0,"48":0,"49":0,"50":0,"51":0,"52":0,"53":0,"54":0,"55":0,"56":0,"57":0,"58":0,"59":0,"60":0,"61":0,"62":0,"63":0,"64":0,"65":0,"66":0,"67":0},"f":{"0":0,"1":0,"2":0,"3":0,"4":0,"5":0,"6":0,"7":0,"8":0,"9":0,"10":0,"11":0},"b":{"0":[0,0],"1":[0,0],"2":[0,0],"3":[0,0],"4":[0,0],"5":[0,0],"6":[0,0],"7":[0,0],"8":[0,0],"9":[0,0],"10":[0,0],"11":[0,0],"12":[0,0],"13":[0,0],"14":[0,0],"15":[0,0],"16":[0,0],"17":[0,0]}}
,"C:\\CSE\\CSE 110\\cse110-sp24-group27\\source\\assets\\scripts\\selected_journal.js": {"path":"C:\\CSE\\CSE 110\\cse110-sp24-group27\\source\\assets\\scripts\\selected_journal.js","statementMap":{"0":{"start":{"line":2,"column":26},"end":{"line":2,"column":70}},"1":{"start":{"line":3,"column":24},"end":{"line":3,"column":66}},"2":{"start":{"line":4,"column":31},"end":{"line":4,"column":68}},"3":{"start":{"line":6,"column":23},"end":{"line":6,"column":55}},"4":{"start":{"line":9,"column":2},"end":{"line":13,"column":4}},"5":{"start":{"line":10,"column":4},"end":{"line":12,"column":5}},"6":{"start":{"line":11,"column":6},"end":{"line":11,"column":59}},"7":{"start":{"line":17,"column":2},"end":{"line":21,"column":4}},"8":{"start":{"line":18,"column":4},"end":{"line":20,"column":5}},"9":{"start":{"line":19,"column":6},"end":{"line":19,"column":28}},"10":{"start":{"line":23,"column":2},"end":{"line":23,"column":23}},"11":{"start":{"line":27,"column":25},"end":{"line":27,"column":41}},"12":{"start":{"line":29,"column":22},"end":{"line":29,"column":61}},"13":{"start":{"line":30,"column":2},"end":{"line":30,"column":28}},"14":{"start":{"line":32,"column":20},"end":{"line":32,"column":55}},"15":{"start":{"line":33,"column":2},"end":{"line":33,"column":60}},"16":{"start":{"line":35,"column":2},"end":{"line":43,"column":4}},"17":{"start":{"line":36,"column":4},"end":{"line":42,"column":5}},"18":{"start":{"line":37,"column":6},"end":{"line":37,"column":59}},"19":{"start":{"line":38,"column":11},"end":{"line":42,"column":5}},"20":{"start":{"line":39,"column":6},"end":{"line":39,"column":57}},"21":{"start":{"line":40,"column":11},"end":{"line":42,"column":5}},"22":{"start":{"line":41,"column":6},"end":{"line":41,"column":57}},"23":{"start":{"line":46,"column":0},"end":{"line":46,"column":14}}},"fnMap":{"0":{"name":"getCurrJournal","decl":{"start":{"line":1,"column":9},"end":{"line":1,"column":23}},"loc":{"start":{"line":1,"column":27},"end":{"line":24,"column":1}},"line":1},"1":{"name":"(anonymous_1)","decl":{"start":{"line":9,"column":23},"end":{"line":9,"column":24}},"loc":{"start":{"line":9,"column":34},"end":{"line":13,"column":3}},"line":9},"2":{"name":"(anonymous_2)","decl":{"start":{"line":17,"column":29},"end":{"line":17,"column":30}},"loc":{"start":{"line":17,"column":38},"end":{"line":21,"column":3}},"line":17},"3":{"name":"displayEntry","decl":{"start":{"line":26,"column":9},"end":{"line":26,"column":21}},"loc":{"start":{"line":26,"column":25},"end":{"line":44,"column":1}},"line":26},"4":{"name":"(anonymous_4)","decl":{"start":{"line":35,"column":33},"end":{"line":35,"column":34}},"loc":{"start":{"line":35,"column":44},"end":{"line":43,"column":3}},"line":35}},"branchMap":{"0":{"loc":{"start":{"line":10,"column":4},"end":{"line":12,"column":5}},"type":"if","locations":[{"start":{"line":10,"column":4},"end":{"line":12,"column":5}},{"start":{},"end":{}}],"line":10},"1":{"loc":{"start":{"line":18,"column":4},"end":{"line":20,"column":5}},"type":"if","locations":[{"start":{"line":18,"column":4},"end":{"line":20,"column":5}},{"start":{},"end":{}}],"line":18},"2":{"loc":{"start":{"line":36,"column":4},"end":{"line":42,"column":5}},"type":"if","locations":[{"start":{"line":36,"column":4},"end":{"line":42,"column":5}},{"start":{"line":38,"column":11},"end":{"line":42,"column":5}}],"line":36},"3":{"loc":{"start":{"line":38,"column":11},"end":{"line":42,"column":5}},"type":"if","locations":[{"start":{"line":38,"column":11},"end":{"line":42,"column":5}},{"start":{"line":40,"column":11},"end":{"line":42,"column":5}}],"line":38},"4":{"loc":{"start":{"line":40,"column":11},"end":{"line":42,"column":5}},"type":"if","locations":[{"start":{"line":40,"column":11},"end":{"line":42,"column":5}},{"start":{},"end":{}}],"line":40}},"s":{"0":0,"1":0,"2":0,"3":0,"4":0,"5":0,"6":0,"7":0,"8":0,"9":0,"10":0,"11":0,"12":0,"13":0,"14":0,"15":0,"16":0,"17":0,"18":0,"19":0,"20":0,"21":0,"22":0,"23":0},"f":{"0":0,"1":0,"2":0,"3":0,"4":0},"b":{"0":[0,0],"1":[0,0],"2":[0,0],"3":[0,0],"4":[0,0]}}
,"C:\\CSE\\CSE 110\\cse110-sp24-group27\\source\\assets\\scripts\\selected_project_page.js": {"path":"C:\\CSE\\CSE 110\\cse110-sp24-group27\\source\\assets\\scripts\\selected_project_page.js","statementMap":{"0":{"start":{"line":8,"column":26},"end":{"line":8,"column":70}},"1":{"start":{"line":9,"column":19},"end":{"line":9,"column":68}},"2":{"start":{"line":11,"column":2},"end":{"line":15,"column":4}},"3":{"start":{"line":12,"column":4},"end":{"line":14,"column":5}},"4":{"start":{"line":13,"column":6},"end":{"line":13,"column":27}},"5":{"start":{"line":16,"column":2},"end":{"line":16,"column":20}},"6":{"start":{"line":24,"column":22},"end":{"line":24,"column":44}},"7":{"start":{"line":27,"column":22},"end":{"line":27,"column":61}},"8":{"start":{"line":28,"column":2},"end":{"line":28,"column":49}},"9":{"start":{"line":31,"column":29},"end":{"line":31,"column":75}},"10":{"start":{"line":32,"column":2},"end":{"line":32,"column":56}},"11":{"start":{"line":35,"column":2},"end":{"line":35,"column":19}},"12":{"start":{"line":38,"column":2},"end":{"line":38,"column":23}},"13":{"start":{"line":42,"column":0},"end":{"line":42,"column":48}},"14":{"start":{"line":55,"column":2},"end":{"line":59,"column":4}},"15":{"start":{"line":56,"column":4},"end":{"line":58,"column":5}},"16":{"start":{"line":57,"column":6},"end":{"line":57,"column":59}},"17":{"start":{"line":61,"column":2},"end":{"line":65,"column":3}},"18":{"start":{"line":62,"column":4},"end":{"line":62,"column":29}},"19":{"start":{"line":64,"column":4},"end":{"line":64,"column":63}},"20":{"start":{"line":73,"column":26},"end":{"line":73,"column":70}},"21":{"start":{"line":74,"column":19},"end":{"line":74,"column":68}},"22":{"start":{"line":75,"column":18},"end":{"line":75,"column":73}},"23":{"start":{"line":77,"column":32},"end":{"line":77,"column":74}},"24":{"start":{"line":78,"column":2},"end":{"line":78,"column":38}},"25":{"start":{"line":81,"column":2},"end":{"line":83,"column":3}},"26":{"start":{"line":82,"column":4},"end":{"line":82,"column":10}},"27":{"start":{"line":86,"column":2},"end":{"line":113,"column":4}},"28":{"start":{"line":87,"column":25},"end":{"line":87,"column":54}},"29":{"start":{"line":88,"column":4},"end":{"line":88,"column":47}},"30":{"start":{"line":89,"column":4},"end":{"line":89,"column":41}},"31":{"start":{"line":91,"column":4},"end":{"line":105,"column":5}},"32":{"start":{"line":108,"column":4},"end":{"line":108,"column":51}},"33":{"start":{"line":111,"column":30},"end":{"line":111,"column":77}},"34":{"start":{"line":112,"column":4},"end":{"line":112,"column":60}},"35":{"start":{"line":122,"column":12},"end":{"line":122,"column":14}},"36":{"start":{"line":128,"column":2},"end":{"line":128,"column":60}},"37":{"start":{"line":129,"column":2},"end":{"line":129,"column":28}},"38":{"start":{"line":129,"column":22},"end":{"line":129,"column":28}},"39":{"start":{"line":130,"column":2},"end":{"line":130,"column":56}},"40":{"start":{"line":131,"column":2},"end":{"line":131,"column":47}},"41":{"start":{"line":139,"column":2},"end":{"line":141,"column":3}},"42":{"start":{"line":140,"column":4},"end":{"line":140,"column":54}},"43":{"start":{"line":142,"column":2},"end":{"line":142,"column":28}},"44":{"start":{"line":142,"column":22},"end":{"line":142,"column":28}},"45":{"start":{"line":144,"column":2},"end":{"line":144,"column":27}},"46":{"start":{"line":145,"column":2},"end":{"line":145,"column":27}},"47":{"start":{"line":146,"column":2},"end":{"line":146,"column":21}},"48":{"start":{"line":147,"column":2},"end":{"line":147,"column":18}},"49":{"start":{"line":148,"column":2},"end":{"line":148,"column":46}},"50":{"start":{"line":156,"column":2},"end":{"line":156,"column":28}},"51":{"start":{"line":156,"column":22},"end":{"line":156,"column":28}},"52":{"start":{"line":158,"column":27},"end":{"line":158,"column":36}},"53":{"start":{"line":159,"column":27},"end":{"line":159,"column":36}},"54":{"start":{"line":160,"column":25},"end":{"line":160,"column":57}},"55":{"start":{"line":161,"column":25},"end":{"line":161,"column":57}},"56":{"start":{"line":162,"column":2},"end":{"line":162,"column":87}},"57":{"start":{"line":164,"column":2},"end":{"line":164,"column":35}},"58":{"start":{"line":171,"column":2},"end":{"line":171,"column":28}},"59":{"start":{"line":171,"column":22},"end":{"line":171,"column":28}},"60":{"start":{"line":173,"column":2},"end":{"line":173,"column":22}},"61":{"start":{"line":174,"column":2},"end":{"line":174,"column":11}},"62":{"start":{"line":182,"column":2},"end":{"line":184,"column":3}},"63":{"start":{"line":183,"column":4},"end":{"line":183,"column":72}},"64":{"start":{"line":185,"column":2},"end":{"line":185,"column":14}},"65":{"start":{"line":193,"column":2},"end":{"line":193,"column":75}},"66":{"start":{"line":193,"column":40},"end":{"line":193,"column":74}},"67":{"start":{"line":203,"column":2},"end":{"line":203,"column":43}},"68":{"start":{"line":214,"column":2},"end":{"line":214,"column":45}},"69":{"start":{"line":221,"column":2},"end":{"line":221,"column":43}},"70":{"start":{"line":222,"column":2},"end":{"line":222,"column":45}},"71":{"start":{"line":230,"column":2},"end":{"line":234,"column":4}},"72":{"start":{"line":231,"column":4},"end":{"line":233,"column":5}},"73":{"start":{"line":232,"column":6},"end":{"line":232,"column":31}},"74":{"start":{"line":242,"column":28},"end":{"line":242,"column":65}},"75":{"start":{"line":243,"column":25},"end":{"line":243,"column":77}},"76":{"start":{"line":244,"column":20},"end":{"line":244,"column":22}},"77":{"start":{"line":246,"column":2},"end":{"line":262,"column":4}},"78":{"start":{"line":247,"column":21},"end":{"line":247,"column":49}},"79":{"start":{"line":248,"column":18},"end":{"line":248,"column":52}},"80":{"start":{"line":249,"column":4},"end":{"line":261,"column":5}},"81":{"start":{"line":250,"column":6},"end":{"line":254,"column":7}},"82":{"start":{"line":251,"column":8},"end":{"line":251,"column":35}},"83":{"start":{"line":253,"column":8},"end":{"line":253,"column":37}},"84":{"start":{"line":256,"column":6},"end":{"line":260,"column":7}},"85":{"start":{"line":257,"column":8},"end":{"line":257,"column":35}},"86":{"start":{"line":259,"column":8},"end":{"line":259,"column":37}},"87":{"start":{"line":264,"column":2},"end":{"line":273,"column":4}},"88":{"start":{"line":265,"column":4},"end":{"line":272,"column":5}},"89":{"start":{"line":266,"column":24},"end":{"line":266,"column":50}},"90":{"start":{"line":267,"column":6},"end":{"line":269,"column":11}},"91":{"start":{"line":271,"column":6},"end":{"line":271,"column":31}},"92":{"start":{"line":281,"column":25},"end":{"line":281,"column":27}},"93":{"start":{"line":282,"column":2},"end":{"line":292,"column":4}},"94":{"start":{"line":283,"column":4},"end":{"line":285,"column":5}},"95":{"start":{"line":284,"column":6},"end":{"line":284,"column":12}},"96":{"start":{"line":286,"column":4},"end":{"line":289,"column":5}},"97":{"start":{"line":287,"column":6},"end":{"line":287,"column":34}},"98":{"start":{"line":288,"column":6},"end":{"line":288,"column":12}},"99":{"start":{"line":290,"column":21},"end":{"line":290,"column":62}},"100":{"start":{"line":291,"column":4},"end":{"line":291,"column":35}},"101":{"start":{"line":294,"column":2},"end":{"line":299,"column":3}},"102":{"start":{"line":294,"column":19},"end":{"line":294,"column":20}},"103":{"start":{"line":295,"column":17},"end":{"line":295,"column":38}},"104":{"start":{"line":296,"column":4},"end":{"line":298,"column":5}},"105":{"start":{"line":297,"column":6},"end":{"line":297,"column":43}},"106":{"start":{"line":301,"column":21},"end":{"line":301,"column":73}},"107":{"start":{"line":302,"column":2},"end":{"line":307,"column":4}},"108":{"start":{"line":303,"column":4},"end":{"line":303,"column":35}},"109":{"start":{"line":304,"column":4},"end":{"line":306,"column":5}},"110":{"start":{"line":305,"column":6},"end":{"line":305,"column":49}},"111":{"start":{"line":314,"column":2},"end":{"line":318,"column":4}},"112":{"start":{"line":315,"column":4},"end":{"line":315,"column":31}},"113":{"start":{"line":316,"column":4},"end":{"line":316,"column":33}},"114":{"start":{"line":317,"column":4},"end":{"line":317,"column":29}},"115":{"start":{"line":325,"column":2},"end":{"line":325,"column":28}},"116":{"start":{"line":326,"column":2},"end":{"line":326,"column":48}},"117":{"start":{"line":327,"column":2},"end":{"line":327,"column":40}},"118":{"start":{"line":328,"column":2},"end":{"line":328,"column":22}},"119":{"start":{"line":336,"column":2},"end":{"line":336,"column":12}},"120":{"start":{"line":337,"column":2},"end":{"line":337,"column":22}},"121":{"start":{"line":338,"column":2},"end":{"line":338,"column":18}},"122":{"start":{"line":339,"column":2},"end":{"line":339,"column":49}},"123":{"start":{"line":343,"column":0},"end":{"line":343,"column":18}},"124":{"start":{"line":346,"column":26},"end":{"line":346,"column":61}},"125":{"start":{"line":347,"column":0},"end":{"line":347,"column":56}},"126":{"start":{"line":354,"column":21},"end":{"line":354,"column":68}},"127":{"start":{"line":355,"column":27},"end":{"line":355,"column":81}},"128":{"start":{"line":356,"column":25},"end":{"line":356,"column":74}},"129":{"start":{"line":359,"column":21},"end":{"line":359,"column":78}},"130":{"start":{"line":360,"column":2},"end":{"line":360,"column":55}},"131":{"start":{"line":363,"column":26},"end":{"line":363,"column":83}},"132":{"start":{"line":364,"column":21},"end":{"line":371,"column":4}},"133":{"start":{"line":365,"column":18},"end":{"line":365,"column":51}},"134":{"start":{"line":366,"column":17},"end":{"line":366,"column":119}},"135":{"start":{"line":367,"column":4},"end":{"line":370,"column":5}},"136":{"start":{"line":374,"column":16},"end":{"line":381,"column":3}},"137":{"start":{"line":383,"column":2},"end":{"line":383,"column":33}},"138":{"start":{"line":384,"column":2},"end":{"line":384,"column":19}},"139":{"start":{"line":395,"column":19},"end":{"line":395,"column":68}},"140":{"start":{"line":398,"column":22},"end":{"line":398,"column":44}},"141":{"start":{"line":401,"column":16},"end":{"line":401,"column":52}},"142":{"start":{"line":404,"column":2},"end":{"line":409,"column":3}},"143":{"start":{"line":405,"column":4},"end":{"line":405,"column":29}},"144":{"start":{"line":408,"column":4},"end":{"line":408,"column":70}},"145":{"start":{"line":408,"column":38},"end":{"line":408,"column":69}},"146":{"start":{"line":411,"column":2},"end":{"line":411,"column":48}},"147":{"start":{"line":414,"column":2},"end":{"line":418,"column":3}},"148":{"start":{"line":414,"column":15},"end":{"line":414,"column":16}},"149":{"start":{"line":415,"column":4},"end":{"line":417,"column":5}},"150":{"start":{"line":416,"column":6},"end":{"line":416,"column":31}},"151":{"start":{"line":421,"column":2},"end":{"line":421,"column":65}},"152":{"start":{"line":430,"column":2},"end":{"line":443,"column":3}},"153":{"start":{"line":432,"column":25},"end":{"line":432,"column":63}},"154":{"start":{"line":435,"column":29},"end":{"line":435,"column":70}},"155":{"start":{"line":436,"column":22},"end":{"line":436,"column":80}},"156":{"start":{"line":439,"column":4},"end":{"line":439,"column":40}},"157":{"start":{"line":442,"column":4},"end":{"line":442,"column":21}}},"fnMap":{"0":{"name":"getCurrProjectObject","decl":{"start":{"line":7,"column":9},"end":{"line":7,"column":29}},"loc":{"start":{"line":7,"column":33},"end":{"line":17,"column":1}},"line":7},"1":{"name":"(anonymous_1)","decl":{"start":{"line":11,"column":19},"end":{"line":11,"column":20}},"loc":{"start":{"line":11,"column":30},"end":{"line":15,"column":3}},"line":11},"2":{"name":"projectPageInit","decl":{"start":{"line":22,"column":9},"end":{"line":22,"column":24}},"loc":{"start":{"line":22,"column":28},"end":{"line":39,"column":1}},"line":22},"3":{"name":"getAllSelectedProjectEntries","decl":{"start":{"line":50,"column":9},"end":{"line":50,"column":37}},"loc":{"start":{"line":50,"column":62},"end":{"line":66,"column":1}},"line":50},"4":{"name":"(anonymous_4)","decl":{"start":{"line":55,"column":19},"end":{"line":55,"column":20}},"loc":{"start":{"line":55,"column":30},"end":{"line":59,"column":3}},"line":55},"5":{"name":"populateEntries","decl":{"start":{"line":71,"column":9},"end":{"line":71,"column":24}},"loc":{"start":{"line":71,"column":28},"end":{"line":114,"column":1}},"line":71},"6":{"name":"(anonymous_6)","decl":{"start":{"line":86,"column":18},"end":{"line":86,"column":19}},"loc":{"start":{"line":86,"column":27},"end":{"line":113,"column":3}},"line":86},"7":{"name":"dragAndDropSetup","decl":{"start":{"line":127,"column":9},"end":{"line":127,"column":25}},"loc":{"start":{"line":127,"column":29},"end":{"line":132,"column":1}},"line":127},"8":{"name":"dragStart","decl":{"start":{"line":138,"column":9},"end":{"line":138,"column":18}},"loc":{"start":{"line":138,"column":23},"end":{"line":149,"column":1}},"line":138},"9":{"name":"drag","decl":{"start":{"line":155,"column":9},"end":{"line":155,"column":13}},"loc":{"start":{"line":155,"column":18},"end":{"line":165,"column":1}},"line":155},"10":{"name":"dragEnd","decl":{"start":{"line":170,"column":9},"end":{"line":170,"column":16}},"loc":{"start":{"line":170,"column":20},"end":{"line":175,"column":1}},"line":170},"11":{"name":"getAllItems","decl":{"start":{"line":181,"column":9},"end":{"line":181,"column":20}},"loc":{"start":{"line":181,"column":24},"end":{"line":186,"column":1}},"line":181},"12":{"name":"getIdleItems","decl":{"start":{"line":192,"column":9},"end":{"line":192,"column":21}},"loc":{"start":{"line":192,"column":25},"end":{"line":194,"column":1}},"line":192},"13":{"name":"(anonymous_13)","decl":{"start":{"line":193,"column":30},"end":{"line":193,"column":31}},"loc":{"start":{"line":193,"column":40},"end":{"line":193,"column":74}},"line":193},"14":{"name":"isItemAbove","decl":{"start":{"line":202,"column":9},"end":{"line":202,"column":20}},"loc":{"start":{"line":202,"column":28},"end":{"line":204,"column":1}},"line":202},"15":{"name":"isItemToggled","decl":{"start":{"line":213,"column":9},"end":{"line":213,"column":22}},"loc":{"start":{"line":213,"column":30},"end":{"line":215,"column":1}},"line":213},"16":{"name":"initDraggableItem","decl":{"start":{"line":220,"column":9},"end":{"line":220,"column":26}},"loc":{"start":{"line":220,"column":30},"end":{"line":223,"column":1}},"line":220},"17":{"name":"initItemsState","decl":{"start":{"line":229,"column":9},"end":{"line":229,"column":23}},"loc":{"start":{"line":229,"column":27},"end":{"line":235,"column":1}},"line":229},"18":{"name":"(anonymous_18)","decl":{"start":{"line":230,"column":25},"end":{"line":230,"column":26}},"loc":{"start":{"line":230,"column":38},"end":{"line":234,"column":3}},"line":230},"19":{"name":"updateIdleItemsStateAndPosition","decl":{"start":{"line":241,"column":9},"end":{"line":241,"column":40}},"loc":{"start":{"line":241,"column":44},"end":{"line":274,"column":1}},"line":241},"20":{"name":"(anonymous_20)","decl":{"start":{"line":246,"column":25},"end":{"line":246,"column":26}},"loc":{"start":{"line":246,"column":35},"end":{"line":262,"column":3}},"line":246},"21":{"name":"(anonymous_21)","decl":{"start":{"line":264,"column":25},"end":{"line":264,"column":26}},"loc":{"start":{"line":264,"column":35},"end":{"line":273,"column":3}},"line":264},"22":{"name":"applyNewItemsOrder","decl":{"start":{"line":280,"column":9},"end":{"line":280,"column":27}},"loc":{"start":{"line":280,"column":31},"end":{"line":308,"column":1}},"line":280},"23":{"name":"(anonymous_23)","decl":{"start":{"line":282,"column":24},"end":{"line":282,"column":25}},"loc":{"start":{"line":282,"column":41},"end":{"line":292,"column":3}},"line":282},"24":{"name":"(anonymous_24)","decl":{"start":{"line":302,"column":25},"end":{"line":302,"column":26}},"loc":{"start":{"line":302,"column":35},"end":{"line":307,"column":3}},"line":302},"25":{"name":"unsetItemState","decl":{"start":{"line":313,"column":9},"end":{"line":313,"column":23}},"loc":{"start":{"line":313,"column":27},"end":{"line":319,"column":1}},"line":313},"26":{"name":"(anonymous_26)","decl":{"start":{"line":314,"column":25},"end":{"line":314,"column":26}},"loc":{"start":{"line":314,"column":38},"end":{"line":318,"column":3}},"line":314},"27":{"name":"unsetDraggableItem","decl":{"start":{"line":324,"column":9},"end":{"line":324,"column":27}},"loc":{"start":{"line":324,"column":31},"end":{"line":329,"column":1}},"line":324},"28":{"name":"cleanup","decl":{"start":{"line":335,"column":9},"end":{"line":335,"column":16}},"loc":{"start":{"line":335,"column":20},"end":{"line":340,"column":1}},"line":335},"29":{"name":"createEntry","decl":{"start":{"line":352,"column":9},"end":{"line":352,"column":20}},"loc":{"start":{"line":352,"column":24},"end":{"line":385,"column":1}},"line":352},"30":{"name":"(anonymous_30)","decl":{"start":{"line":364,"column":53},"end":{"line":364,"column":54}},"loc":{"start":{"line":364,"column":69},"end":{"line":371,"column":3}},"line":364},"31":{"name":"updatelocalStorage","decl":{"start":{"line":393,"column":9},"end":{"line":393,"column":27}},"loc":{"start":{"line":393,"column":47},"end":{"line":422,"column":1}},"line":393},"32":{"name":"(anonymous_32)","decl":{"start":{"line":408,"column":29},"end":{"line":408,"column":30}},"loc":{"start":{"line":408,"column":38},"end":{"line":408,"column":69}},"line":408},"33":{"name":"deleteEntry","decl":{"start":{"line":429,"column":9},"end":{"line":429,"column":20}},"loc":{"start":{"line":429,"column":29},"end":{"line":444,"column":1}},"line":429}},"branchMap":{"0":{"loc":{"start":{"line":12,"column":4},"end":{"line":14,"column":5}},"type":"if","locations":[{"start":{"line":12,"column":4},"end":{"line":14,"column":5}},{"start":{},"end":{}}],"line":12},"1":{"loc":{"start":{"line":56,"column":4},"end":{"line":58,"column":5}},"type":"if","locations":[{"start":{"line":56,"column":4},"end":{"line":58,"column":5}},{"start":{},"end":{}}],"line":56},"2":{"loc":{"start":{"line":61,"column":2},"end":{"line":65,"column":3}},"type":"if","locations":[{"start":{"line":61,"column":2},"end":{"line":65,"column":3}},{"start":{"line":63,"column":9},"end":{"line":65,"column":3}}],"line":61},"3":{"loc":{"start":{"line":81,"column":2},"end":{"line":83,"column":3}},"type":"if","locations":[{"start":{"line":81,"column":2},"end":{"line":83,"column":3}},{"start":{},"end":{}}],"line":81},"4":{"loc":{"start":{"line":129,"column":2},"end":{"line":129,"column":28}},"type":"if","locations":[{"start":{"line":129,"column":2},"end":{"line":129,"column":28}},{"start":{},"end":{}}],"line":129},"5":{"loc":{"start":{"line":139,"column":2},"end":{"line":141,"column":3}},"type":"if","locations":[{"start":{"line":139,"column":2},"end":{"line":141,"column":3}},{"start":{},"end":{}}],"line":139},"6":{"loc":{"start":{"line":142,"column":2},"end":{"line":142,"column":28}},"type":"if","locations":[{"start":{"line":142,"column":2},"end":{"line":142,"column":28}},{"start":{},"end":{}}],"line":142},"7":{"loc":{"start":{"line":156,"column":2},"end":{"line":156,"column":28}},"type":"if","locations":[{"start":{"line":156,"column":2},"end":{"line":156,"column":28}},{"start":{},"end":{}}],"line":156},"8":{"loc":{"start":{"line":171,"column":2},"end":{"line":171,"column":28}},"type":"if","locations":[{"start":{"line":171,"column":2},"end":{"line":171,"column":28}},{"start":{},"end":{}}],"line":171},"9":{"loc":{"start":{"line":182,"column":2},"end":{"line":184,"column":3}},"type":"if","locations":[{"start":{"line":182,"column":2},"end":{"line":184,"column":3}},{"start":{},"end":{}}],"line":182},"10":{"loc":{"start":{"line":231,"column":4},"end":{"line":233,"column":5}},"type":"if","locations":[{"start":{"line":231,"column":4},"end":{"line":233,"column":5}},{"start":{},"end":{}}],"line":231},"11":{"loc":{"start":{"line":249,"column":4},"end":{"line":261,"column":5}},"type":"if","locations":[{"start":{"line":249,"column":4},"end":{"line":261,"column":5}},{"start":{"line":255,"column":11},"end":{"line":261,"column":5}}],"line":249},"12":{"loc":{"start":{"line":250,"column":6},"end":{"line":254,"column":7}},"type":"if","locations":[{"start":{"line":250,"column":6},"end":{"line":254,"column":7}},{"start":{"line":252,"column":13},"end":{"line":254,"column":7}}],"line":250},"13":{"loc":{"start":{"line":256,"column":6},"end":{"line":260,"column":7}},"type":"if","locations":[{"start":{"line":256,"column":6},"end":{"line":260,"column":7}},{"start":{"line":258,"column":13},"end":{"line":260,"column":7}}],"line":256},"14":{"loc":{"start":{"line":265,"column":4},"end":{"line":272,"column":5}},"type":"if","locations":[{"start":{"line":265,"column":4},"end":{"line":272,"column":5}},{"start":{"line":270,"column":11},"end":{"line":272,"column":5}}],"line":265},"15":{"loc":{"start":{"line":266,"column":24},"end":{"line":266,"column":50}},"type":"cond-expr","locations":[{"start":{"line":266,"column":44},"end":{"line":266,"column":45}},{"start":{"line":266,"column":48},"end":{"line":266,"column":50}}],"line":266},"16":{"loc":{"start":{"line":283,"column":4},"end":{"line":285,"column":5}},"type":"if","locations":[{"start":{"line":283,"column":4},"end":{"line":285,"column":5}},{"start":{},"end":{}}],"line":283},"17":{"loc":{"start":{"line":286,"column":4},"end":{"line":289,"column":5}},"type":"if","locations":[{"start":{"line":286,"column":4},"end":{"line":289,"column":5}},{"start":{},"end":{}}],"line":286},"18":{"loc":{"start":{"line":290,"column":21},"end":{"line":290,"column":62}},"type":"cond-expr","locations":[{"start":{"line":290,"column":41},"end":{"line":290,"column":50}},{"start":{"line":290,"column":53},"end":{"line":290,"column":62}}],"line":290},"19":{"loc":{"start":{"line":296,"column":4},"end":{"line":298,"column":5}},"type":"if","locations":[{"start":{"line":296,"column":4},"end":{"line":298,"column":5}},{"start":{},"end":{}}],"line":296},"20":{"loc":{"start":{"line":304,"column":4},"end":{"line":306,"column":5}},"type":"if","locations":[{"start":{"line":304,"column":4},"end":{"line":306,"column":5}},{"start":{},"end":{}}],"line":304},"21":{"loc":{"start":{"line":366,"column":17},"end":{"line":366,"column":119}},"type":"cond-expr","locations":[{"start":{"line":366,"column":55},"end":{"line":366,"column":63}},{"start":{"line":366,"column":66},"end":{"line":366,"column":119}}],"line":366},"22":{"loc":{"start":{"line":366,"column":66},"end":{"line":366,"column":119}},"type":"cond-expr","locations":[{"start":{"line":366,"column":104},"end":{"line":366,"column":110}},{"start":{"line":366,"column":113},"end":{"line":366,"column":119}}],"line":366},"23":{"loc":{"start":{"line":404,"column":2},"end":{"line":409,"column":3}},"type":"if","locations":[{"start":{"line":404,"column":2},"end":{"line":409,"column":3}},{"start":{"line":406,"column":9},"end":{"line":409,"column":3}}],"line":404},"24":{"loc":{"start":{"line":415,"column":4},"end":{"line":417,"column":5}},"type":"if","locations":[{"start":{"line":415,"column":4},"end":{"line":417,"column":5}},{"start":{},"end":{}}],"line":415},"25":{"loc":{"start":{"line":430,"column":2},"end":{"line":443,"column":3}},"type":"if","locations":[{"start":{"line":430,"column":2},"end":{"line":443,"column":3}},{"start":{},"end":{}}],"line":430},"26":{"loc":{"start":{"line":436,"column":22},"end":{"line":436,"column":80}},"type":"binary-expr","locations":[{"start":{"line":436,"column":22},"end":{"line":436,"column":50}},{"start":{"line":436,"column":54},"end":{"line":436,"column":80}}],"line":436}},"s":{"0":0,"1":0,"2":0,"3":0,"4":0,"5":0,"6":0,"7":0,"8":0,"9":0,"10":0,"11":0,"12":0,"13":0,"14":0,"15":0,"16":0,"17":0,"18":0,"19":0,"20":0,"21":0,"22":0,"23":0,"24":0,"25":0,"26":0,"27":0,"28":0,"29":0,"30":0,"31":0,"32":0,"33":0,"34":0,"35":0,"36":0,"37":0,"38":0,"39":0,"40":0,"41":0,"42":0,"43":0,"44":0,"45":0,"46":0,"47":0,"48":0,"49":0,"50":0,"51":0,"52":0,"53":0,"54":0,"55":0,"56":0,"57":0,"58":0,"59":0,"60":0,"61":0,"62":0,"63":0,"64":0,"65":0,"66":0,"67":0,"68":0,"69":0,"70":0,"71":0,"72":0,"73":0,"74":0,"75":0,"76":0,"77":0,"78":0,"79":0,"80":0,"81":0,"82":0,"83":0,"84":0,"85":0,"86":0,"87":0,"88":0,"89":0,"90":0,"91":0,"92":0,"93":0,"94":0,"95":0,"96":0,"97":0,"98":0,"99":0,"100":0,"101":0,"102":0,"103":0,"104":0,"105":0,"106":0,"107":0,"108":0,"109":0,"110":0,"111":0,"112":0,"113":0,"114":0,"115":0,"116":0,"117":0,"118":0,"119":0,"120":0,"121":0,"122":0,"123":0,"124":0,"125":0,"126":0,"127":0,"128":0,"129":0,"130":0,"131":0,"132":0,"133":0,"134":0,"135":0,"136":0,"137":0,"138":0,"139":0,"140":0,"141":0,"142":0,"143":0,"144":0,"145":0,"146":0,"147":0,"148":0,"149":0,"150":0,"151":0,"152":0,"153":0,"154":0,"155":0,"156":0,"157":0},"f":{"0":0,"1":0,"2":0,"3":0,"4":0,"5":0,"6":0,"7":0,"8":0,"9":0,"10":0,"11":0,"12":0,"13":0,"14":0,"15":0,"16":0,"17":0,"18":0,"19":0,"20":0,"21":0,"22":0,"23":0,"24":0,"25":0,"26":0,"27":0,"28":0,"29":0,"30":0,"31":0,"32":0,"33":0},"b":{"0":[0,0],"1":[0,0],"2":[0,0],"3":[0,0],"4":[0,0],"5":[0,0],"6":[0,0],"7":[0,0],"8":[0,0],"9":[0,0],"10":[0,0],"11":[0,0],"12":[0,0],"13":[0,0],"14":[0,0],"15":[0,0],"16":[0,0],"17":[0,0],"18":[0,0],"19":[0,0],"20":[0,0],"21":[0,0],"22":[0,0],"23":[0,0],"24":[0,0],"25":[0,0],"26":[0,0]}}
}
