{"/Users/joshuavillanueva/Documents/VSCode/ORGANIZATION - cse110-sp24-group27/cse110-sp24-group27/source/assets/scripts/+_button_selcted_project_page.js": {"path":"/Users/joshuavillanueva/Documents/VSCode/ORGANIZATION - cse110-sp24-group27/cse110-sp24-group27/source/assets/scripts/+_button_selcted_project_page.js","statementMap":{"0":{"start":{"line":3,"column":2},"end":{"line":3,"column":53}},"1":{"start":{"line":8,"column":2},"end":{"line":8,"column":52}},"2":{"start":{"line":14,"column":20},"end":{"line":14,"column":61}},"3":{"start":{"line":16,"column":21},"end":{"line":16,"column":50}},"4":{"start":{"line":17,"column":2},"end":{"line":17,"column":41}},"5":{"start":{"line":19,"column":19},"end":{"line":19,"column":50}},"6":{"start":{"line":20,"column":2},"end":{"line":20,"column":24}},"7":{"start":{"line":21,"column":2},"end":{"line":21,"column":104}},"8":{"start":{"line":22,"column":2},"end":{"line":22,"column":49}},"9":{"start":{"line":24,"column":23},"end":{"line":24,"column":55}},"10":{"start":{"line":25,"column":2},"end":{"line":25,"column":42}},"11":{"start":{"line":26,"column":2},"end":{"line":26,"column":35}},"12":{"start":{"line":28,"column":2},"end":{"line":30,"column":3}},"13":{"start":{"line":29,"column":4},"end":{"line":29,"column":29}},"14":{"start":{"line":32,"column":2},"end":{"line":32,"column":34}},"15":{"start":{"line":33,"column":2},"end":{"line":33,"column":38}},"16":{"start":{"line":34,"column":2},"end":{"line":34,"column":35}},"17":{"start":{"line":38,"column":21},"end":{"line":38,"column":41}},"18":{"start":{"line":39,"column":2},"end":{"line":39,"column":21}},"19":{"start":{"line":78,"column":20},"end":{"line":78,"column":67}},"20":{"start":{"line":79,"column":22},"end":{"line":79,"column":76}},"21":{"start":{"line":80,"column":20},"end":{"line":80,"column":69}},"22":{"start":{"line":83,"column":15},"end":{"line":90,"column":6}},"23":{"start":{"line":85,"column":6},"end":{"line":89,"column":7}},"24":{"start":{"line":93,"column":26},"end":{"line":93,"column":83}},"25":{"start":{"line":94,"column":18},"end":{"line":101,"column":4}},"26":{"start":{"line":95,"column":18},"end":{"line":95,"column":51}},"27":{"start":{"line":96,"column":17},"end":{"line":96,"column":119}},"28":{"start":{"line":97,"column":4},"end":{"line":100,"column":5}},"29":{"start":{"line":103,"column":25},"end":{"line":110,"column":3}},"30":{"start":{"line":113,"column":2},"end":{"line":113,"column":23}},"31":{"start":{"line":126,"column":2},"end":{"line":148,"column":3}},"32":{"start":{"line":128,"column":21},"end":{"line":128,"column":76}},"33":{"start":{"line":131,"column":23},"end":{"line":131,"column":28}},"34":{"start":{"line":132,"column":4},"end":{"line":138,"column":6}},"35":{"start":{"line":133,"column":6},"end":{"line":137,"column":7}},"36":{"start":{"line":134,"column":8},"end":{"line":134,"column":81}},"37":{"start":{"line":135,"column":8},"end":{"line":135,"column":55}},"38":{"start":{"line":136,"column":8},"end":{"line":136,"column":27}},"39":{"start":{"line":141,"column":4},"end":{"line":145,"column":5}},"40":{"start":{"line":142,"column":6},"end":{"line":142,"column":69}},"41":{"start":{"line":144,"column":6},"end":{"line":144,"column":69}},"42":{"start":{"line":147,"column":4},"end":{"line":147,"column":67}},"43":{"start":{"line":151,"column":0},"end":{"line":151,"column":28}},"44":{"start":{"line":152,"column":0},"end":{"line":152,"column":30}},"45":{"start":{"line":153,"column":0},"end":{"line":153,"column":26}},"46":{"start":{"line":154,"column":0},"end":{"line":154,"column":32}}},"fnMap":{"0":{"name":"openPopup","decl":{"start":{"line":2,"column":9},"end":{"line":2,"column":18}},"loc":{"start":{"line":2,"column":24},"end":{"line":4,"column":1}},"line":2},"1":{"name":"closePopup","decl":{"start":{"line":7,"column":9},"end":{"line":7,"column":19}},"loc":{"start":{"line":7,"column":25},"end":{"line":9,"column":1}},"line":7},"2":{"name":"addInput","decl":{"start":{"line":12,"column":9},"end":{"line":12,"column":17}},"loc":{"start":{"line":12,"column":33},"end":{"line":35,"column":1}},"line":12},"3":{"name":"(anonymous_3)","decl":{"start":{"line":28,"column":25},"end":{"line":28,"column":26}},"loc":{"start":{"line":28,"column":37},"end":{"line":30,"column":3}},"line":28},"4":{"name":"deleteInput","decl":{"start":{"line":37,"column":9},"end":{"line":37,"column":20}},"loc":{"start":{"line":37,"column":30},"end":{"line":40,"column":1}},"line":37},"5":{"name":"createNewEntryObject","decl":{"start":{"line":76,"column":9},"end":{"line":76,"column":29}},"loc":{"start":{"line":76,"column":33},"end":{"line":114,"column":1}},"line":76},"6":{"name":"(anonymous_6)","decl":{"start":{"line":84,"column":9},"end":{"line":84,"column":10}},"loc":{"start":{"line":84,"column":23},"end":{"line":90,"column":5}},"line":84},"7":{"name":"(anonymous_7)","decl":{"start":{"line":94,"column":50},"end":{"line":94,"column":51}},"loc":{"start":{"line":94,"column":66},"end":{"line":101,"column":3}},"line":94},"8":{"name":"saveNewEntryToLocalStorage","decl":{"start":{"line":125,"column":9},"end":{"line":125,"column":35}},"loc":{"start":{"line":125,"column":66},"end":{"line":149,"column":1}},"line":125},"9":{"name":"(anonymous_9)","decl":{"start":{"line":132,"column":21},"end":{"line":132,"column":22}},"loc":{"start":{"line":132,"column":32},"end":{"line":138,"column":5}},"line":132}},"branchMap":{"0":{"loc":{"start":{"line":21,"column":28},"end":{"line":21,"column":96}},"type":"cond-expr","locations":[{"start":{"line":21,"column":49},"end":{"line":21,"column":57}},{"start":{"line":21,"column":60},"end":{"line":21,"column":96}}],"line":21},"1":{"loc":{"start":{"line":21,"column":60},"end":{"line":21,"column":96}},"type":"cond-expr","locations":[{"start":{"line":21,"column":81},"end":{"line":21,"column":87}},{"start":{"line":21,"column":90},"end":{"line":21,"column":96}}],"line":21},"2":{"loc":{"start":{"line":96,"column":17},"end":{"line":96,"column":119}},"type":"cond-expr","locations":[{"start":{"line":96,"column":55},"end":{"line":96,"column":63}},{"start":{"line":96,"column":66},"end":{"line":96,"column":119}}],"line":96},"3":{"loc":{"start":{"line":96,"column":66},"end":{"line":96,"column":119}},"type":"cond-expr","locations":[{"start":{"line":96,"column":104},"end":{"line":96,"column":110}},{"start":{"line":96,"column":113},"end":{"line":96,"column":119}}],"line":96},"4":{"loc":{"start":{"line":128,"column":21},"end":{"line":128,"column":76}},"type":"binary-expr","locations":[{"start":{"line":128,"column":21},"end":{"line":128,"column":70}},{"start":{"line":128,"column":74},"end":{"line":128,"column":76}}],"line":128},"5":{"loc":{"start":{"line":133,"column":6},"end":{"line":137,"column":7}},"type":"if","locations":[{"start":{"line":133,"column":6},"end":{"line":137,"column":7}},{"start":{},"end":{}}],"line":133},"6":{"loc":{"start":{"line":134,"column":43},"end":{"line":134,"column":81}},"type":"binary-expr","locations":[{"start":{"line":134,"column":43},"end":{"line":134,"column":75}},{"start":{"line":134,"column":79},"end":{"line":134,"column":81}}],"line":134},"7":{"loc":{"start":{"line":141,"column":4},"end":{"line":145,"column":5}},"type":"if","locations":[{"start":{"line":141,"column":4},"end":{"line":145,"column":5}},{"start":{"line":143,"column":11},"end":{"line":145,"column":5}}],"line":141}},"s":{"0":0,"1":0,"2":0,"3":0,"4":0,"5":0,"6":0,"7":0,"8":0,"9":0,"10":0,"11":0,"12":0,"13":0,"14":0,"15":0,"16":0,"17":0,"18":0,"19":0,"20":0,"21":0,"22":0,"23":0,"24":0,"25":0,"26":0,"27":0,"28":0,"29":0,"30":0,"31":0,"32":0,"33":0,"34":0,"35":0,"36":0,"37":0,"38":0,"39":0,"40":0,"41":0,"42":0,"43":0,"44":0,"45":0,"46":0},"f":{"0":0,"1":0,"2":0,"3":0,"4":0,"5":0,"6":0,"7":0,"8":0,"9":0},"b":{"0":[0,0],"1":[0,0],"2":[0,0],"3":[0,0],"4":[0,0],"5":[0,0],"6":[0,0],"7":[0,0]}}
,"/Users/joshuavillanueva/Documents/VSCode/ORGANIZATION - cse110-sp24-group27/cse110-sp24-group27/source/assets/scripts/ProjectCard.js": {"path":"/Users/joshuavillanueva/Documents/VSCode/ORGANIZATION - cse110-sp24-group27/cse110-sp24-group27/source/assets/scripts/ProjectCard.js","statementMap":{"0":{"start":{"line":5,"column":4},"end":{"line":5,"column":11}},"1":{"start":{"line":8,"column":4},"end":{"line":8,"column":39}},"2":{"start":{"line":11,"column":20},"end":{"line":11,"column":53}},"3":{"start":{"line":14,"column":18},"end":{"line":14,"column":49}},"4":{"start":{"line":15,"column":4},"end":{"line":103,"column":5}},"5":{"start":{"line":106,"column":4},"end":{"line":106,"column":42}},"6":{"start":{"line":117,"column":4},"end":{"line":135,"column":5}},"7":{"start":{"line":118,"column":6},"end":{"line":118,"column":40}},"8":{"start":{"line":119,"column":6},"end":{"line":119,"column":19}},"9":{"start":{"line":120,"column":26},"end":{"line":120,"column":110}},"10":{"start":{"line":123,"column":6},"end":{"line":134,"column":7}},"11":{"start":{"line":125,"column":23},"end":{"line":125,"column":60}},"12":{"start":{"line":126,"column":8},"end":{"line":126,"column":55}},"13":{"start":{"line":128,"column":8},"end":{"line":128,"column":82}},"14":{"start":{"line":128,"column":46},"end":{"line":128,"column":81}},"15":{"start":{"line":130,"column":8},"end":{"line":130,"column":71}},"16":{"start":{"line":131,"column":8},"end":{"line":131,"column":56}},"17":{"start":{"line":133,"column":8},"end":{"line":133,"column":40}},"18":{"start":{"line":152,"column":4},"end":{"line":155,"column":5}},"19":{"start":{"line":153,"column":6},"end":{"line":153,"column":68}},"20":{"start":{"line":154,"column":6},"end":{"line":154,"column":12}},"21":{"start":{"line":156,"column":20},"end":{"line":156,"column":60}},"22":{"start":{"line":157,"column":4},"end":{"line":157,"column":45}},"23":{"start":{"line":158,"column":4},"end":{"line":158,"column":33}},"24":{"start":{"line":159,"column":21},"end":{"line":159,"column":92}},"25":{"start":{"line":159,"column":42},"end":{"line":159,"column":82}},"26":{"start":{"line":160,"column":21},"end":{"line":160,"column":23}},"27":{"start":{"line":161,"column":18},"end":{"line":161,"column":45}},"28":{"start":{"line":162,"column":33},"end":{"line":162,"column":120}},"29":{"start":{"line":163,"column":4},"end":{"line":173,"column":5}},"30":{"start":{"line":176,"column":25},"end":{"line":176,"column":61}},"31":{"start":{"line":177,"column":4},"end":{"line":177,"column":68}},"32":{"start":{"line":177,"column":49},"end":{"line":177,"column":67}},"33":{"start":{"line":180,"column":4},"end":{"line":182,"column":5}},"34":{"start":{"line":181,"column":6},"end":{"line":181,"column":42}},"35":{"start":{"line":185,"column":4},"end":{"line":188,"column":5}},"36":{"start":{"line":186,"column":24},"end":{"line":186,"column":74}},"37":{"start":{"line":187,"column":6},"end":{"line":187,"column":36}},"38":{"start":{"line":192,"column":4},"end":{"line":192,"column":20}},"39":{"start":{"line":198,"column":0},"end":{"line":198,"column":50}}},"fnMap":{"0":{"name":"(anonymous_0)","decl":{"start":{"line":4,"column":2},"end":{"line":4,"column":3}},"loc":{"start":{"line":4,"column":17},"end":{"line":107,"column":3}},"line":4},"1":{"name":"(anonymous_1)","decl":{"start":{"line":116,"column":2},"end":{"line":116,"column":3}},"loc":{"start":{"line":116,"column":17},"end":{"line":138,"column":3}},"line":116},"2":{"name":"(anonymous_2)","decl":{"start":{"line":128,"column":35},"end":{"line":128,"column":36}},"loc":{"start":{"line":128,"column":46},"end":{"line":128,"column":81}},"line":128},"3":{"name":"(anonymous_3)","decl":{"start":{"line":151,"column":2},"end":{"line":151,"column":3}},"loc":{"start":{"line":151,"column":18},"end":{"line":189,"column":3}},"line":151},"4":{"name":"(anonymous_4)","decl":{"start":{"line":159,"column":35},"end":{"line":159,"column":36}},"loc":{"start":{"line":159,"column":42},"end":{"line":159,"column":82}},"line":159},"5":{"name":"(anonymous_5)","decl":{"start":{"line":177,"column":43},"end":{"line":177,"column":44}},"loc":{"start":{"line":177,"column":49},"end":{"line":177,"column":67}},"line":177},"6":{"name":"(anonymous_6)","decl":{"start":{"line":191,"column":2},"end":{"line":191,"column":3}},"loc":{"start":{"line":191,"column":14},"end":{"line":193,"column":3}},"line":191}},"branchMap":{"0":{"loc":{"start":{"line":117,"column":4},"end":{"line":135,"column":5}},"type":"if","locations":[{"start":{"line":117,"column":4},"end":{"line":135,"column":5}},{"start":{},"end":{}}],"line":117},"1":{"loc":{"start":{"line":123,"column":6},"end":{"line":134,"column":7}},"type":"if","locations":[{"start":{"line":123,"column":6},"end":{"line":134,"column":7}},{"start":{"line":132,"column":13},"end":{"line":134,"column":7}}],"line":123},"2":{"loc":{"start":{"line":126,"column":19},"end":{"line":126,"column":55}},"type":"cond-expr","locations":[{"start":{"line":126,"column":30},"end":{"line":126,"column":50}},{"start":{"line":126,"column":53},"end":{"line":126,"column":55}}],"line":126},"3":{"loc":{"start":{"line":152,"column":4},"end":{"line":155,"column":5}},"type":"if","locations":[{"start":{"line":152,"column":4},"end":{"line":155,"column":5}},{"start":{},"end":{}}],"line":152},"4":{"loc":{"start":{"line":152,"column":8},"end":{"line":152,"column":41}},"type":"binary-expr","locations":[{"start":{"line":152,"column":8},"end":{"line":152,"column":13}},{"start":{"line":152,"column":17},"end":{"line":152,"column":41}}],"line":152},"5":{"loc":{"start":{"line":162,"column":33},"end":{"line":162,"column":120}},"type":"cond-expr","locations":[{"start":{"line":162,"column":59},"end":{"line":162,"column":101}},{"start":{"line":162,"column":104},"end":{"line":162,"column":120}}],"line":162},"6":{"loc":{"start":{"line":180,"column":4},"end":{"line":182,"column":5}},"type":"if","locations":[{"start":{"line":180,"column":4},"end":{"line":182,"column":5}},{"start":{},"end":{}}],"line":180},"7":{"loc":{"start":{"line":185,"column":4},"end":{"line":188,"column":5}},"type":"if","locations":[{"start":{"line":185,"column":4},"end":{"line":188,"column":5}},{"start":{},"end":{}}],"line":185}},"s":{"0":0,"1":0,"2":0,"3":0,"4":0,"5":0,"6":0,"7":0,"8":0,"9":0,"10":0,"11":0,"12":0,"13":0,"14":0,"15":0,"16":0,"17":0,"18":0,"19":0,"20":0,"21":0,"22":0,"23":0,"24":0,"25":0,"26":0,"27":0,"28":0,"29":0,"30":0,"31":0,"32":0,"33":0,"34":0,"35":0,"36":0,"37":0,"38":0,"39":0},"f":{"0":0,"1":0,"2":0,"3":0,"4":0,"5":0,"6":0},"b":{"0":[0,0],"1":[0,0],"2":[0,0],"3":[0,0],"4":[0,0],"5":[0,0],"6":[0,0],"7":[0,0]}}
,"/Users/joshuavillanueva/Documents/VSCode/ORGANIZATION - cse110-sp24-group27/cse110-sp24-group27/source/assets/scripts/get_set_from_localStorage.js": {"path":"/Users/joshuavillanueva/Documents/VSCode/ORGANIZATION - cse110-sp24-group27/cse110-sp24-group27/source/assets/scripts/get_set_from_localStorage.js","statementMap":{"0":{"start":{"line":12,"column":36},"end":{"line":12,"column":82}},"1":{"start":{"line":15,"column":27},"end":{"line":15,"column":62}},"2":{"start":{"line":18,"column":2},"end":{"line":18,"column":72}},"3":{"start":{"line":20,"column":2},"end":{"line":20,"column":31}},"4":{"start":{"line":44,"column":26},"end":{"line":44,"column":46}},"5":{"start":{"line":47,"column":2},"end":{"line":47,"column":43}},"6":{"start":{"line":50,"column":25},"end":{"line":50,"column":82}},"7":{"start":{"line":53,"column":2},"end":{"line":53,"column":35}},"8":{"start":{"line":56,"column":2},"end":{"line":56,"column":71}},"9":{"start":{"line":67,"column":19},"end":{"line":67,"column":76}},"10":{"start":{"line":70,"column":2},"end":{"line":70,"column":17}},"11":{"start":{"line":111,"column":34},"end":{"line":111,"column":78}},"12":{"start":{"line":112,"column":25},"end":{"line":112,"column":58}},"13":{"start":{"line":115,"column":2},"end":{"line":115,"column":42}},"14":{"start":{"line":118,"column":2},"end":{"line":118,"column":68}},"15":{"start":{"line":121,"column":2},"end":{"line":121,"column":59}},"16":{"start":{"line":124,"column":2},"end":{"line":124,"column":75}},"17":{"start":{"line":137,"column":2},"end":{"line":141,"column":4}},"18":{"start":{"line":138,"column":4},"end":{"line":140,"column":5}},"19":{"start":{"line":139,"column":6},"end":{"line":139,"column":45}},"20":{"start":{"line":144,"column":2},"end":{"line":144,"column":59}},"21":{"start":{"line":155,"column":18},"end":{"line":155,"column":58}},"22":{"start":{"line":156,"column":2},"end":{"line":160,"column":4}},"23":{"start":{"line":157,"column":4},"end":{"line":159,"column":5}},"24":{"start":{"line":158,"column":6},"end":{"line":158,"column":18}},"25":{"start":{"line":161,"column":2},"end":{"line":161,"column":76}}},"fnMap":{"0":{"name":"getUnusedProjectId","decl":{"start":{"line":10,"column":16},"end":{"line":10,"column":34}},"loc":{"start":{"line":10,"column":38},"end":{"line":21,"column":1}},"line":10},"1":{"name":"addProjectToLocalStorage","decl":{"start":{"line":42,"column":16},"end":{"line":42,"column":40}},"loc":{"start":{"line":42,"column":56},"end":{"line":57,"column":1}},"line":42},"2":{"name":"getAllUserProjects","decl":{"start":{"line":63,"column":16},"end":{"line":63,"column":34}},"loc":{"start":{"line":63,"column":38},"end":{"line":71,"column":1}},"line":63},"3":{"name":"addEntry","decl":{"start":{"line":108,"column":16},"end":{"line":108,"column":24}},"loc":{"start":{"line":108,"column":55},"end":{"line":125,"column":1}},"line":108},"4":{"name":"getAllSelectedProjectEntries","decl":{"start":{"line":133,"column":16},"end":{"line":133,"column":44}},"loc":{"start":{"line":133,"column":67},"end":{"line":145,"column":1}},"line":133},"5":{"name":"(anonymous_5)","decl":{"start":{"line":137,"column":19},"end":{"line":137,"column":20}},"loc":{"start":{"line":137,"column":30},"end":{"line":141,"column":3}},"line":137},"6":{"name":"getSelectedEntry","decl":{"start":{"line":153,"column":16},"end":{"line":153,"column":32}},"loc":{"start":{"line":153,"column":60},"end":{"line":162,"column":1}},"line":153},"7":{"name":"(anonymous_7)","decl":{"start":{"line":156,"column":18},"end":{"line":156,"column":19}},"loc":{"start":{"line":156,"column":27},"end":{"line":160,"column":3}},"line":156}},"branchMap":{"0":{"loc":{"start":{"line":50,"column":36},"end":{"line":50,"column":81}},"type":"binary-expr","locations":[{"start":{"line":50,"column":36},"end":{"line":50,"column":73}},{"start":{"line":50,"column":77},"end":{"line":50,"column":81}}],"line":50},"1":{"loc":{"start":{"line":67,"column":30},"end":{"line":67,"column":75}},"type":"binary-expr","locations":[{"start":{"line":67,"column":30},"end":{"line":67,"column":67}},{"start":{"line":67,"column":71},"end":{"line":67,"column":75}}],"line":67},"2":{"loc":{"start":{"line":138,"column":4},"end":{"line":140,"column":5}},"type":"if","locations":[{"start":{"line":138,"column":4},"end":{"line":140,"column":5}},{"start":{},"end":{}}],"line":138},"3":{"loc":{"start":{"line":157,"column":4},"end":{"line":159,"column":5}},"type":"if","locations":[{"start":{"line":157,"column":4},"end":{"line":159,"column":5}},{"start":{},"end":{}}],"line":157}},"s":{"0":0,"1":0,"2":0,"3":0,"4":0,"5":0,"6":0,"7":0,"8":0,"9":0,"10":0,"11":0,"12":0,"13":0,"14":0,"15":0,"16":0,"17":0,"18":0,"19":0,"20":0,"21":0,"22":0,"23":0,"24":0,"25":0},"f":{"0":0,"1":0,"2":0,"3":0,"4":0,"5":0,"6":0,"7":0},"b":{"0":[0,0],"1":[0,0],"2":[0,0],"3":[0,0]}}
,"/Users/joshuavillanueva/Documents/VSCode/ORGANIZATION - cse110-sp24-group27/cse110-sp24-group27/source/assets/scripts/home_projects_page.js": {"path":"/Users/joshuavillanueva/Documents/VSCode/ORGANIZATION - cse110-sp24-group27/cse110-sp24-group27/source/assets/scripts/home_projects_page.js","statementMap":{"0":{"start":{"line":9,"column":36},"end":{"line":9,"column":79}},"1":{"start":{"line":12,"column":27},"end":{"line":12,"column":62}},"2":{"start":{"line":15,"column":2},"end":{"line":15,"column":69}},"3":{"start":{"line":17,"column":2},"end":{"line":17,"column":31}},"4":{"start":{"line":40,"column":26},"end":{"line":40,"column":46}},"5":{"start":{"line":43,"column":2},"end":{"line":43,"column":42}},"6":{"start":{"line":46,"column":25},"end":{"line":46,"column":82}},"7":{"start":{"line":49,"column":2},"end":{"line":49,"column":35}},"8":{"start":{"line":52,"column":2},"end":{"line":52,"column":71}},"9":{"start":{"line":55,"column":0},"end":{"line":214,"column":2}},"10":{"start":{"line":56,"column":21},"end":{"line":56,"column":23}},"11":{"start":{"line":60,"column":17},"end":{"line":60,"column":55}},"12":{"start":{"line":61,"column":4},"end":{"line":61,"column":74}},"13":{"start":{"line":67,"column":24},"end":{"line":67,"column":73}},"14":{"start":{"line":68,"column":24},"end":{"line":68,"column":80}},"15":{"start":{"line":69,"column":34},"end":{"line":69,"column":80}},"16":{"start":{"line":72,"column":4},"end":{"line":76,"column":5}},"17":{"start":{"line":73,"column":6},"end":{"line":73,"column":40}},"18":{"start":{"line":74,"column":6},"end":{"line":74,"column":46}},"19":{"start":{"line":75,"column":6},"end":{"line":75,"column":12}},"20":{"start":{"line":77,"column":20},"end":{"line":77,"column":81}},"21":{"start":{"line":78,"column":22},"end":{"line":78,"column":24}},"22":{"start":{"line":81,"column":23},"end":{"line":88,"column":5}},"23":{"start":{"line":89,"column":4},"end":{"line":89,"column":65}},"24":{"start":{"line":90,"column":4},"end":{"line":90,"column":15}},"25":{"start":{"line":93,"column":4},"end":{"line":93,"column":39}},"26":{"start":{"line":95,"column":4},"end":{"line":95,"column":40}},"27":{"start":{"line":100,"column":16},"end":{"line":100,"column":38}},"28":{"start":{"line":102,"column":4},"end":{"line":108,"column":5}},"29":{"start":{"line":103,"column":6},"end":{"line":103,"column":56}},"30":{"start":{"line":103,"column":46},"end":{"line":103,"column":55}},"31":{"start":{"line":104,"column":6},"end":{"line":104,"column":44}},"32":{"start":{"line":106,"column":6},"end":{"line":106,"column":28}},"33":{"start":{"line":107,"column":6},"end":{"line":107,"column":42}},"34":{"start":{"line":113,"column":4},"end":{"line":113,"column":62}},"35":{"start":{"line":114,"column":4},"end":{"line":114,"column":63}},"36":{"start":{"line":115,"column":4},"end":{"line":115,"column":57}},"37":{"start":{"line":120,"column":4},"end":{"line":120,"column":58}},"38":{"start":{"line":121,"column":4},"end":{"line":121,"column":65}},"39":{"start":{"line":122,"column":4},"end":{"line":122,"column":21}},"40":{"start":{"line":123,"column":4},"end":{"line":123,"column":89}},"41":{"start":{"line":123,"column":55},"end":{"line":123,"column":86}},"42":{"start":{"line":124,"column":4},"end":{"line":124,"column":62}},"43":{"start":{"line":125,"column":4},"end":{"line":125,"column":63}},"44":{"start":{"line":129,"column":2},"end":{"line":129,"column":77}},"45":{"start":{"line":130,"column":2},"end":{"line":130,"column":71}},"46":{"start":{"line":132,"column":2},"end":{"line":138,"column":4}},"47":{"start":{"line":133,"column":4},"end":{"line":137,"column":6}},"48":{"start":{"line":134,"column":6},"end":{"line":136,"column":7}},"49":{"start":{"line":135,"column":8},"end":{"line":135,"column":23}},"50":{"start":{"line":140,"column":2},"end":{"line":142,"column":4}},"51":{"start":{"line":141,"column":4},"end":{"line":141,"column":27}},"52":{"start":{"line":143,"column":2},"end":{"line":145,"column":4}},"53":{"start":{"line":144,"column":4},"end":{"line":144,"column":28}},"54":{"start":{"line":148,"column":16},"end":{"line":148,"column":53}},"55":{"start":{"line":149,"column":15},"end":{"line":149,"column":58}},"56":{"start":{"line":150,"column":23},"end":{"line":150,"column":61}},"57":{"start":{"line":153,"column":2},"end":{"line":156,"column":4}},"58":{"start":{"line":154,"column":4},"end":{"line":154,"column":33}},"59":{"start":{"line":155,"column":4},"end":{"line":155,"column":14}},"60":{"start":{"line":159,"column":2},"end":{"line":161,"column":3}},"61":{"start":{"line":160,"column":4},"end":{"line":160,"column":32}},"62":{"start":{"line":164,"column":2},"end":{"line":168,"column":3}},"63":{"start":{"line":165,"column":4},"end":{"line":167,"column":5}},"64":{"start":{"line":166,"column":6},"end":{"line":166,"column":34}},"65":{"start":{"line":171,"column":2},"end":{"line":185,"column":4}},"66":{"start":{"line":172,"column":20},"end":{"line":172,"column":65}},"67":{"start":{"line":173,"column":21},"end":{"line":173,"column":67}},"68":{"start":{"line":175,"column":4},"end":{"line":184,"column":5}},"69":{"start":{"line":176,"column":19},"end":{"line":176,"column":39}},"70":{"start":{"line":177,"column":6},"end":{"line":177,"column":51}},"71":{"start":{"line":178,"column":6},"end":{"line":178,"column":56}},"72":{"start":{"line":179,"column":6},"end":{"line":179,"column":16}},"73":{"start":{"line":180,"column":6},"end":{"line":180,"column":56}},"74":{"start":{"line":181,"column":6},"end":{"line":181,"column":64}},"75":{"start":{"line":183,"column":6},"end":{"line":183,"column":38}},"76":{"start":{"line":189,"column":17},"end":{"line":189,"column":37}},"77":{"start":{"line":190,"column":20},"end":{"line":190,"column":55}},"78":{"start":{"line":191,"column":4},"end":{"line":191,"column":26}},"79":{"start":{"line":193,"column":4},"end":{"line":198,"column":6}},"80":{"start":{"line":194,"column":22},"end":{"line":194,"column":51}},"81":{"start":{"line":195,"column":6},"end":{"line":195,"column":47}},"82":{"start":{"line":196,"column":6},"end":{"line":196,"column":36}},"83":{"start":{"line":197,"column":6},"end":{"line":197,"column":34}},"84":{"start":{"line":203,"column":4},"end":{"line":203,"column":57}},"85":{"start":{"line":207,"column":24},"end":{"line":207,"column":59}},"86":{"start":{"line":208,"column":4},"end":{"line":212,"column":6}},"87":{"start":{"line":209,"column":26},"end":{"line":209,"column":64}},"88":{"start":{"line":210,"column":6},"end":{"line":210,"column":32}},"89":{"start":{"line":211,"column":6},"end":{"line":211,"column":42}}},"fnMap":{"0":{"name":"getUnusedProjectId","decl":{"start":{"line":7,"column":9},"end":{"line":7,"column":27}},"loc":{"start":{"line":7,"column":31},"end":{"line":18,"column":1}},"line":7},"1":{"name":"addProjectToLocalStorage","decl":{"start":{"line":38,"column":9},"end":{"line":38,"column":33}},"loc":{"start":{"line":38,"column":49},"end":{"line":53,"column":1}},"line":38},"2":{"name":"(anonymous_2)","decl":{"start":{"line":55,"column":46},"end":{"line":55,"column":47}},"loc":{"start":{"line":55,"column":58},"end":{"line":214,"column":1}},"line":55},"3":{"name":"newProject","decl":{"start":{"line":59,"column":11},"end":{"line":59,"column":21}},"loc":{"start":{"line":59,"column":25},"end":{"line":62,"column":3}},"line":59},"4":{"name":"addProject","decl":{"start":{"line":65,"column":11},"end":{"line":65,"column":21}},"loc":{"start":{"line":65,"column":25},"end":{"line":96,"column":3}},"line":65},"5":{"name":"toggleTag","decl":{"start":{"line":99,"column":11},"end":{"line":99,"column":20}},"loc":{"start":{"line":99,"column":34},"end":{"line":109,"column":3}},"line":99},"6":{"name":"(anonymous_6)","decl":{"start":{"line":103,"column":41},"end":{"line":103,"column":42}},"loc":{"start":{"line":103,"column":46},"end":{"line":103,"column":55}},"line":103},"7":{"name":"selectPrivacy","decl":{"start":{"line":112,"column":11},"end":{"line":112,"column":24}},"loc":{"start":{"line":112,"column":34},"end":{"line":116,"column":3}},"line":112},"8":{"name":"resetForm","decl":{"start":{"line":119,"column":11},"end":{"line":119,"column":20}},"loc":{"start":{"line":119,"column":24},"end":{"line":126,"column":3}},"line":119},"9":{"name":"(anonymous_9)","decl":{"start":{"line":123,"column":46},"end":{"line":123,"column":47}},"loc":{"start":{"line":123,"column":53},"end":{"line":123,"column":88}},"line":123},"10":{"name":"(anonymous_10)","decl":{"start":{"line":132,"column":44},"end":{"line":132,"column":45}},"loc":{"start":{"line":132,"column":51},"end":{"line":138,"column":3}},"line":132},"11":{"name":"(anonymous_11)","decl":{"start":{"line":133,"column":34},"end":{"line":133,"column":35}},"loc":{"start":{"line":133,"column":46},"end":{"line":137,"column":5}},"line":133},"12":{"name":"(anonymous_12)","decl":{"start":{"line":140,"column":62},"end":{"line":140,"column":63}},"loc":{"start":{"line":140,"column":74},"end":{"line":142,"column":3}},"line":140},"13":{"name":"(anonymous_13)","decl":{"start":{"line":143,"column":63},"end":{"line":143,"column":64}},"loc":{"start":{"line":143,"column":75},"end":{"line":145,"column":3}},"line":143},"14":{"name":"(anonymous_14)","decl":{"start":{"line":153,"column":63},"end":{"line":153,"column":64}},"loc":{"start":{"line":153,"column":75},"end":{"line":156,"column":3}},"line":153},"15":{"name":"(anonymous_15)","decl":{"start":{"line":159,"column":17},"end":{"line":159,"column":18}},"loc":{"start":{"line":159,"column":29},"end":{"line":161,"column":3}},"line":159},"16":{"name":"(anonymous_16)","decl":{"start":{"line":164,"column":19},"end":{"line":164,"column":20}},"loc":{"start":{"line":164,"column":36},"end":{"line":168,"column":3}},"line":164},"17":{"name":"(anonymous_17)","decl":{"start":{"line":171,"column":41},"end":{"line":171,"column":42}},"loc":{"start":{"line":171,"column":53},"end":{"line":185,"column":3}},"line":171},"18":{"name":"loadTags","decl":{"start":{"line":188,"column":11},"end":{"line":188,"column":19}},"loc":{"start":{"line":188,"column":23},"end":{"line":199,"column":3}},"line":188},"19":{"name":"(anonymous_19)","decl":{"start":{"line":193,"column":17},"end":{"line":193,"column":18}},"loc":{"start":{"line":193,"column":24},"end":{"line":198,"column":5}},"line":193},"20":{"name":"getTagsFromStorage","decl":{"start":{"line":202,"column":11},"end":{"line":202,"column":29}},"loc":{"start":{"line":202,"column":33},"end":{"line":204,"column":3}},"line":202},"21":{"name":"addProjectsToDocument","decl":{"start":{"line":206,"column":11},"end":{"line":206,"column":32}},"loc":{"start":{"line":206,"column":44},"end":{"line":213,"column":3}},"line":206},"22":{"name":"(anonymous_22)","decl":{"start":{"line":208,"column":21},"end":{"line":208,"column":22}},"loc":{"start":{"line":208,"column":32},"end":{"line":212,"column":5}},"line":208}},"branchMap":{"0":{"loc":{"start":{"line":46,"column":36},"end":{"line":46,"column":81}},"type":"binary-expr","locations":[{"start":{"line":46,"column":36},"end":{"line":46,"column":73}},{"start":{"line":46,"column":77},"end":{"line":46,"column":81}}],"line":46},"1":{"loc":{"start":{"line":61,"column":26},"end":{"line":61,"column":73}},"type":"cond-expr","locations":[{"start":{"line":61,"column":58},"end":{"line":61,"column":64}},{"start":{"line":61,"column":67},"end":{"line":61,"column":73}}],"line":61},"2":{"loc":{"start":{"line":72,"column":4},"end":{"line":76,"column":5}},"type":"if","locations":[{"start":{"line":72,"column":4},"end":{"line":76,"column":5}},{"start":{},"end":{}}],"line":72},"3":{"loc":{"start":{"line":77,"column":20},"end":{"line":77,"column":81}},"type":"cond-expr","locations":[{"start":{"line":77,"column":61},"end":{"line":77,"column":70}},{"start":{"line":77,"column":73},"end":{"line":77,"column":81}}],"line":77},"4":{"loc":{"start":{"line":102,"column":4},"end":{"line":108,"column":5}},"type":"if","locations":[{"start":{"line":102,"column":4},"end":{"line":108,"column":5}},{"start":{"line":105,"column":11},"end":{"line":108,"column":5}}],"line":102},"5":{"loc":{"start":{"line":134,"column":6},"end":{"line":136,"column":7}},"type":"if","locations":[{"start":{"line":134,"column":6},"end":{"line":136,"column":7}},{"start":{},"end":{}}],"line":134},"6":{"loc":{"start":{"line":165,"column":4},"end":{"line":167,"column":5}},"type":"if","locations":[{"start":{"line":165,"column":4},"end":{"line":167,"column":5}},{"start":{},"end":{}}],"line":165},"7":{"loc":{"start":{"line":175,"column":4},"end":{"line":184,"column":5}},"type":"if","locations":[{"start":{"line":175,"column":4},"end":{"line":184,"column":5}},{"start":{"line":182,"column":11},"end":{"line":184,"column":5}}],"line":175},"8":{"loc":{"start":{"line":203,"column":11},"end":{"line":203,"column":57}},"type":"binary-expr","locations":[{"start":{"line":203,"column":11},"end":{"line":203,"column":51}},{"start":{"line":203,"column":55},"end":{"line":203,"column":57}}],"line":203}},"s":{"0":0,"1":0,"2":0,"3":0,"4":0,"5":0,"6":0,"7":0,"8":0,"9":0,"10":0,"11":0,"12":0,"13":0,"14":0,"15":0,"16":0,"17":0,"18":0,"19":0,"20":0,"21":0,"22":0,"23":0,"24":0,"25":0,"26":0,"27":0,"28":0,"29":0,"30":0,"31":0,"32":0,"33":0,"34":0,"35":0,"36":0,"37":0,"38":0,"39":0,"40":0,"41":0,"42":0,"43":0,"44":0,"45":0,"46":0,"47":0,"48":0,"49":0,"50":0,"51":0,"52":0,"53":0,"54":0,"55":0,"56":0,"57":0,"58":0,"59":0,"60":0,"61":0,"62":0,"63":0,"64":0,"65":0,"66":0,"67":0,"68":0,"69":0,"70":0,"71":0,"72":0,"73":0,"74":0,"75":0,"76":0,"77":0,"78":0,"79":0,"80":0,"81":0,"82":0,"83":0,"84":0,"85":0,"86":0,"87":0,"88":0,"89":0},"f":{"0":0,"1":0,"2":0,"3":0,"4":0,"5":0,"6":0,"7":0,"8":0,"9":0,"10":0,"11":0,"12":0,"13":0,"14":0,"15":0,"16":0,"17":0,"18":0,"19":0,"20":0,"21":0,"22":0},"b":{"0":[0,0],"1":[0,0],"2":[0,0],"3":[0,0],"4":[0,0],"5":[0,0],"6":[0,0],"7":[0,0],"8":[0,0]}}
,"/Users/joshuavillanueva/Documents/VSCode/ORGANIZATION - cse110-sp24-group27/cse110-sp24-group27/source/assets/scripts/main.js": {"path":"/Users/joshuavillanueva/Documents/VSCode/ORGANIZATION - cse110-sp24-group27/cse110-sp24-group27/source/assets/scripts/main.js","statementMap":{"0":{"start":{"line":2,"column":0},"end":{"line":2,"column":49}},"1":{"start":{"line":7,"column":2},"end":{"line":9,"column":3}},"2":{"start":{"line":8,"column":4},"end":{"line":8,"column":50}},"3":{"start":{"line":10,"column":2},"end":{"line":12,"column":3}},"4":{"start":{"line":11,"column":4},"end":{"line":11,"column":51}},"5":{"start":{"line":13,"column":2},"end":{"line":15,"column":3}},"6":{"start":{"line":14,"column":4},"end":{"line":14,"column":50}},"7":{"start":{"line":18,"column":2},"end":{"line":20,"column":3}},"8":{"start":{"line":19,"column":4},"end":{"line":19,"column":38}},"9":{"start":{"line":21,"column":2},"end":{"line":23,"column":3}},"10":{"start":{"line":22,"column":4},"end":{"line":22,"column":36}},"11":{"start":{"line":24,"column":2},"end":{"line":26,"column":3}},"12":{"start":{"line":25,"column":4},"end":{"line":25,"column":36}},"13":{"start":{"line":30,"column":18},"end":{"line":30,"column":41}},"14":{"start":{"line":31,"column":2},"end":{"line":31,"column":30}},"15":{"start":{"line":34,"column":23},"end":{"line":34,"column":60}},"16":{"start":{"line":36,"column":2},"end":{"line":39,"column":3}},"17":{"start":{"line":38,"column":4},"end":{"line":38,"column":39}},"18":{"start":{"line":42,"column":19},"end":{"line":42,"column":43}},"19":{"start":{"line":43,"column":2},"end":{"line":43,"column":23}},"20":{"start":{"line":45,"column":2},"end":{"line":45,"column":33}},"21":{"start":{"line":58,"column":2},"end":{"line":58,"column":63}},"22":{"start":{"line":63,"column":2},"end":{"line":63,"column":119}},"23":{"start":{"line":64,"column":2},"end":{"line":64,"column":87}},"24":{"start":{"line":66,"column":2},"end":{"line":66,"column":67}},"25":{"start":{"line":67,"column":2},"end":{"line":67,"column":88}},"26":{"start":{"line":69,"column":2},"end":{"line":71,"column":3}},"27":{"start":{"line":70,"column":4},"end":{"line":70,"column":86}},"28":{"start":{"line":72,"column":2},"end":{"line":74,"column":3}},"29":{"start":{"line":73,"column":4},"end":{"line":73,"column":80}},"30":{"start":{"line":75,"column":2},"end":{"line":77,"column":3}},"31":{"start":{"line":76,"column":4},"end":{"line":76,"column":76}},"32":{"start":{"line":82,"column":2},"end":{"line":87,"column":6}},"33":{"start":{"line":83,"column":22},"end":{"line":83,"column":37}},"34":{"start":{"line":84,"column":18},"end":{"line":84,"column":77}},"35":{"start":{"line":86,"column":6},"end":{"line":86,"column":59}},"36":{"start":{"line":98,"column":2},"end":{"line":98,"column":64}},"37":{"start":{"line":110,"column":22},"end":{"line":110,"column":57}},"38":{"start":{"line":111,"column":2},"end":{"line":115,"column":3}},"39":{"start":{"line":112,"column":24},"end":{"line":112,"column":62}},"40":{"start":{"line":113,"column":4},"end":{"line":113,"column":30}},"41":{"start":{"line":114,"column":4},"end":{"line":114,"column":40}},"42":{"start":{"line":119,"column":0},"end":{"line":119,"column":39}}},"fnMap":{"0":{"name":"init","decl":{"start":{"line":5,"column":9},"end":{"line":5,"column":13}},"loc":{"start":{"line":5,"column":17},"end":{"line":48,"column":1}},"line":5},"1":{"name":"getProfileFromStorage","decl":{"start":{"line":57,"column":9},"end":{"line":57,"column":30}},"loc":{"start":{"line":57,"column":34},"end":{"line":59,"column":1}},"line":57},"2":{"name":"updateProfileOnPage","decl":{"start":{"line":62,"column":9},"end":{"line":62,"column":28}},"loc":{"start":{"line":62,"column":39},"end":{"line":78,"column":1}},"line":62},"3":{"name":"fetchProjectsExamplejsonToStorage","decl":{"start":{"line":81,"column":9},"end":{"line":81,"column":42}},"loc":{"start":{"line":81,"column":46},"end":{"line":88,"column":1}},"line":81},"4":{"name":"(anonymous_4)","decl":{"start":{"line":83,"column":10},"end":{"line":83,"column":11}},"loc":{"start":{"line":83,"column":22},"end":{"line":83,"column":37}},"line":83},"5":{"name":"(anonymous_5)","decl":{"start":{"line":84,"column":10},"end":{"line":84,"column":11}},"loc":{"start":{"line":84,"column":18},"end":{"line":84,"column":77}},"line":84},"6":{"name":"(anonymous_6)","decl":{"start":{"line":85,"column":11},"end":{"line":85,"column":12}},"loc":{"start":{"line":85,"column":20},"end":{"line":87,"column":5}},"line":85},"7":{"name":"getProjectsFromStorage","decl":{"start":{"line":97,"column":9},"end":{"line":97,"column":31}},"loc":{"start":{"line":97,"column":35},"end":{"line":99,"column":1}},"line":97},"8":{"name":"addProjectsToDocument","decl":{"start":{"line":108,"column":9},"end":{"line":108,"column":30}},"loc":{"start":{"line":108,"column":42},"end":{"line":116,"column":1}},"line":108}},"branchMap":{"0":{"loc":{"start":{"line":7,"column":2},"end":{"line":9,"column":3}},"type":"if","locations":[{"start":{"line":7,"column":2},"end":{"line":9,"column":3}},{"start":{},"end":{}}],"line":7},"1":{"loc":{"start":{"line":10,"column":2},"end":{"line":12,"column":3}},"type":"if","locations":[{"start":{"line":10,"column":2},"end":{"line":12,"column":3}},{"start":{},"end":{}}],"line":10},"2":{"loc":{"start":{"line":13,"column":2},"end":{"line":15,"column":3}},"type":"if","locations":[{"start":{"line":13,"column":2},"end":{"line":15,"column":3}},{"start":{},"end":{}}],"line":13},"3":{"loc":{"start":{"line":18,"column":2},"end":{"line":20,"column":3}},"type":"if","locations":[{"start":{"line":18,"column":2},"end":{"line":20,"column":3}},{"start":{},"end":{}}],"line":18},"4":{"loc":{"start":{"line":21,"column":2},"end":{"line":23,"column":3}},"type":"if","locations":[{"start":{"line":21,"column":2},"end":{"line":23,"column":3}},{"start":{},"end":{}}],"line":21},"5":{"loc":{"start":{"line":24,"column":2},"end":{"line":26,"column":3}},"type":"if","locations":[{"start":{"line":24,"column":2},"end":{"line":26,"column":3}},{"start":{},"end":{}}],"line":24},"6":{"loc":{"start":{"line":36,"column":2},"end":{"line":39,"column":3}},"type":"if","locations":[{"start":{"line":36,"column":2},"end":{"line":39,"column":3}},{"start":{},"end":{}}],"line":36},"7":{"loc":{"start":{"line":58,"column":9},"end":{"line":58,"column":63}},"type":"binary-expr","locations":[{"start":{"line":58,"column":9},"end":{"line":58,"column":57}},{"start":{"line":58,"column":61},"end":{"line":58,"column":63}}],"line":58},"8":{"loc":{"start":{"line":63,"column":51},"end":{"line":63,"column":119}},"type":"binary-expr","locations":[{"start":{"line":63,"column":51},"end":{"line":63,"column":73}},{"start":{"line":63,"column":77},"end":{"line":63,"column":119}}],"line":63},"9":{"loc":{"start":{"line":64,"column":48},"end":{"line":64,"column":87}},"type":"binary-expr","locations":[{"start":{"line":64,"column":48},"end":{"line":64,"column":64}},{"start":{"line":64,"column":68},"end":{"line":64,"column":87}}],"line":64},"10":{"loc":{"start":{"line":67,"column":55},"end":{"line":67,"column":88}},"type":"binary-expr","locations":[{"start":{"line":67,"column":55},"end":{"line":67,"column":66}},{"start":{"line":67,"column":70},"end":{"line":67,"column":88}}],"line":67},"11":{"loc":{"start":{"line":69,"column":2},"end":{"line":71,"column":3}},"type":"if","locations":[{"start":{"line":69,"column":2},"end":{"line":71,"column":3}},{"start":{},"end":{}}],"line":69},"12":{"loc":{"start":{"line":72,"column":2},"end":{"line":74,"column":3}},"type":"if","locations":[{"start":{"line":72,"column":2},"end":{"line":74,"column":3}},{"start":{},"end":{}}],"line":72},"13":{"loc":{"start":{"line":75,"column":2},"end":{"line":77,"column":3}},"type":"if","locations":[{"start":{"line":75,"column":2},"end":{"line":77,"column":3}},{"start":{},"end":{}}],"line":75},"14":{"loc":{"start":{"line":98,"column":9},"end":{"line":98,"column":64}},"type":"binary-expr","locations":[{"start":{"line":98,"column":9},"end":{"line":98,"column":58}},{"start":{"line":98,"column":62},"end":{"line":98,"column":64}}],"line":98}},"s":{"0":1,"1":0,"2":0,"3":0,"4":0,"5":0,"6":0,"7":0,"8":0,"9":0,"10":0,"11":0,"12":0,"13":0,"14":0,"15":0,"16":0,"17":0,"18":0,"19":0,"20":0,"21":0,"22":0,"23":0,"24":0,"25":0,"26":0,"27":0,"28":0,"29":0,"30":0,"31":0,"32":0,"33":0,"34":0,"35":0,"36":1,"37":0,"38":0,"39":0,"40":0,"41":0,"42":1},"f":{"0":0,"1":0,"2":0,"3":0,"4":0,"5":0,"6":0,"7":1,"8":0},"b":{"0":[0,0],"1":[0,0],"2":[0,0],"3":[0,0],"4":[0,0],"5":[0,0],"6":[0,0],"7":[0,0],"8":[0,0],"9":[0,0],"10":[0,0],"11":[0,0],"12":[0,0],"13":[0,0],"14":[1,1]},"_coverageSchema":"1a1c01bbd47fc00a2c39e90264f33305004495a9","hash":"d35aba345cbcc80261919d250a59e164bc9b9055"}
,"/Users/joshuavillanueva/Documents/VSCode/ORGANIZATION - cse110-sp24-group27/cse110-sp24-group27/source/assets/scripts/profile_setting.js": {"path":"/Users/joshuavillanueva/Documents/VSCode/ORGANIZATION - cse110-sp24-group27/cse110-sp24-group27/source/assets/scripts/profile_setting.js","statementMap":{"0":{"start":{"line":2,"column":0},"end":{"line":2,"column":49}},"1":{"start":{"line":7,"column":18},"end":{"line":7,"column":41}},"2":{"start":{"line":8,"column":2},"end":{"line":8,"column":22}},"3":{"start":{"line":9,"column":2},"end":{"line":9,"column":30}},"4":{"start":{"line":28,"column":2},"end":{"line":36,"column":3}},"5":{"start":{"line":29,"column":26},"end":{"line":29,"column":62}},"6":{"start":{"line":30,"column":4},"end":{"line":32,"column":5}},"7":{"start":{"line":31,"column":6},"end":{"line":31,"column":38}},"8":{"start":{"line":33,"column":4},"end":{"line":33,"column":15}},"9":{"start":{"line":35,"column":4},"end":{"line":35,"column":64}},"10":{"start":{"line":42,"column":2},"end":{"line":42,"column":110}},"11":{"start":{"line":43,"column":2},"end":{"line":43,"column":68}},"12":{"start":{"line":45,"column":2},"end":{"line":45,"column":61}},"13":{"start":{"line":46,"column":2},"end":{"line":46,"column":60}},"14":{"start":{"line":48,"column":2},"end":{"line":51,"column":3}},"15":{"start":{"line":49,"column":4},"end":{"line":49,"column":86}},"16":{"start":{"line":50,"column":4},"end":{"line":50,"column":75}},"17":{"start":{"line":52,"column":2},"end":{"line":55,"column":3}},"18":{"start":{"line":53,"column":4},"end":{"line":53,"column":80}},"19":{"start":{"line":54,"column":4},"end":{"line":54,"column":81}},"20":{"start":{"line":56,"column":2},"end":{"line":59,"column":3}},"21":{"start":{"line":57,"column":4},"end":{"line":57,"column":76}},"22":{"start":{"line":58,"column":4},"end":{"line":58,"column":77}},"23":{"start":{"line":64,"column":17},"end":{"line":64,"column":59}},"24":{"start":{"line":65,"column":2},"end":{"line":65,"column":57}},"25":{"start":{"line":70,"column":18},"end":{"line":70,"column":41}},"26":{"start":{"line":71,"column":21},"end":{"line":81,"column":3}},"27":{"start":{"line":82,"column":22},"end":{"line":82,"column":71}},"28":{"start":{"line":83,"column":2},"end":{"line":96,"column":3}},"29":{"start":{"line":85,"column":19},"end":{"line":85,"column":35}},"30":{"start":{"line":86,"column":4},"end":{"line":90,"column":5}},"31":{"start":{"line":87,"column":6},"end":{"line":87,"column":49}},"32":{"start":{"line":88,"column":6},"end":{"line":88,"column":70}},"33":{"start":{"line":89,"column":6},"end":{"line":89,"column":64}},"34":{"start":{"line":91,"column":4},"end":{"line":91,"column":46}},"35":{"start":{"line":94,"column":4},"end":{"line":94,"column":68}},"36":{"start":{"line":95,"column":4},"end":{"line":95,"column":66}},"37":{"start":{"line":97,"column":2},"end":{"line":97,"column":29}},"38":{"start":{"line":102,"column":18},"end":{"line":102,"column":41}},"39":{"start":{"line":103,"column":2},"end":{"line":103,"column":49}},"40":{"start":{"line":104,"column":2},"end":{"line":104,"column":110}},"41":{"start":{"line":105,"column":2},"end":{"line":105,"column":27}},"42":{"start":{"line":110,"column":2},"end":{"line":134,"column":3}},"43":{"start":{"line":112,"column":4},"end":{"line":124,"column":5}},"44":{"start":{"line":113,"column":6},"end":{"line":113,"column":47}},"45":{"start":{"line":115,"column":11},"end":{"line":124,"column":5}},"46":{"start":{"line":116,"column":6},"end":{"line":116,"column":46}},"47":{"start":{"line":118,"column":11},"end":{"line":124,"column":5}},"48":{"start":{"line":120,"column":6},"end":{"line":120,"column":46}},"49":{"start":{"line":123,"column":6},"end":{"line":123,"column":33}},"50":{"start":{"line":126,"column":4},"end":{"line":133,"column":5}},"51":{"start":{"line":127,"column":6},"end":{"line":130,"column":7}},"52":{"start":{"line":129,"column":8},"end":{"line":129,"column":44}},"53":{"start":{"line":132,"column":6},"end":{"line":132,"column":29}},"54":{"start":{"line":135,"column":2},"end":{"line":135,"column":12}},"55":{"start":{"line":138,"column":0},"end":{"line":138,"column":28}},"56":{"start":{"line":139,"column":0},"end":{"line":139,"column":18}},"57":{"start":{"line":140,"column":0},"end":{"line":140,"column":22}}},"fnMap":{"0":{"name":"init","decl":{"start":{"line":5,"column":9},"end":{"line":5,"column":13}},"loc":{"start":{"line":5,"column":17},"end":{"line":10,"column":1}},"line":5},"1":{"name":"getProfileFromStorage","decl":{"start":{"line":27,"column":9},"end":{"line":27,"column":30}},"loc":{"start":{"line":27,"column":34},"end":{"line":37,"column":1}},"line":27},"2":{"name":"updateProfileOnPage","decl":{"start":{"line":41,"column":9},"end":{"line":41,"column":28}},"loc":{"start":{"line":41,"column":39},"end":{"line":60,"column":1}},"line":41},"3":{"name":"loadImage","decl":{"start":{"line":63,"column":9},"end":{"line":63,"column":18}},"loc":{"start":{"line":63,"column":27},"end":{"line":66,"column":1}},"line":63},"4":{"name":"save","decl":{"start":{"line":69,"column":9},"end":{"line":69,"column":13}},"loc":{"start":{"line":69,"column":17},"end":{"line":98,"column":1}},"line":69},"5":{"name":"(anonymous_5)","decl":{"start":{"line":86,"column":20},"end":{"line":86,"column":21}},"loc":{"start":{"line":86,"column":33},"end":{"line":90,"column":5}},"line":86},"6":{"name":"cancel","decl":{"start":{"line":101,"column":9},"end":{"line":101,"column":15}},"loc":{"start":{"line":101,"column":19},"end":{"line":106,"column":1}},"line":101},"7":{"name":"checkURL","decl":{"start":{"line":109,"column":9},"end":{"line":109,"column":17}},"loc":{"start":{"line":109,"column":30},"end":{"line":136,"column":1}},"line":109}},"branchMap":{"0":{"loc":{"start":{"line":30,"column":4},"end":{"line":32,"column":5}},"type":"if","locations":[{"start":{"line":30,"column":4},"end":{"line":32,"column":5}},{"start":{},"end":{}}],"line":30},"1":{"loc":{"start":{"line":42,"column":51},"end":{"line":42,"column":110}},"type":"binary-expr","locations":[{"start":{"line":42,"column":51},"end":{"line":42,"column":73}},{"start":{"line":42,"column":77},"end":{"line":42,"column":110}}],"line":42},"2":{"loc":{"start":{"line":43,"column":42},"end":{"line":43,"column":68}},"type":"binary-expr","locations":[{"start":{"line":43,"column":42},"end":{"line":43,"column":58}},{"start":{"line":43,"column":62},"end":{"line":43,"column":68}}],"line":43},"3":{"loc":{"start":{"line":48,"column":2},"end":{"line":51,"column":3}},"type":"if","locations":[{"start":{"line":48,"column":2},"end":{"line":51,"column":3}},{"start":{},"end":{}}],"line":48},"4":{"loc":{"start":{"line":52,"column":2},"end":{"line":55,"column":3}},"type":"if","locations":[{"start":{"line":52,"column":2},"end":{"line":55,"column":3}},{"start":{},"end":{}}],"line":52},"5":{"loc":{"start":{"line":56,"column":2},"end":{"line":59,"column":3}},"type":"if","locations":[{"start":{"line":56,"column":2},"end":{"line":59,"column":3}},{"start":{},"end":{}}],"line":56},"6":{"loc":{"start":{"line":83,"column":2},"end":{"line":96,"column":3}},"type":"if","locations":[{"start":{"line":83,"column":2},"end":{"line":96,"column":3}},{"start":{"line":92,"column":9},"end":{"line":96,"column":3}}],"line":83},"7":{"loc":{"start":{"line":83,"column":6},"end":{"line":83,"column":47}},"type":"binary-expr","locations":[{"start":{"line":83,"column":6},"end":{"line":83,"column":23}},{"start":{"line":83,"column":27},"end":{"line":83,"column":47}}],"line":83},"8":{"loc":{"start":{"line":104,"column":51},"end":{"line":104,"column":110}},"type":"binary-expr","locations":[{"start":{"line":104,"column":51},"end":{"line":104,"column":73}},{"start":{"line":104,"column":77},"end":{"line":104,"column":110}}],"line":104},"9":{"loc":{"start":{"line":110,"column":2},"end":{"line":134,"column":3}},"type":"if","locations":[{"start":{"line":110,"column":2},"end":{"line":134,"column":3}},{"start":{"line":125,"column":9},"end":{"line":134,"column":3}}],"line":110},"10":{"loc":{"start":{"line":110,"column":6},"end":{"line":110,"column":60}},"type":"binary-expr","locations":[{"start":{"line":110,"column":6},"end":{"line":110,"column":25}},{"start":{"line":110,"column":29},"end":{"line":110,"column":60}}],"line":110},"11":{"loc":{"start":{"line":112,"column":4},"end":{"line":124,"column":5}},"type":"if","locations":[{"start":{"line":112,"column":4},"end":{"line":124,"column":5}},{"start":{"line":115,"column":11},"end":{"line":124,"column":5}}],"line":112},"12":{"loc":{"start":{"line":115,"column":11},"end":{"line":124,"column":5}},"type":"if","locations":[{"start":{"line":115,"column":11},"end":{"line":124,"column":5}},{"start":{"line":118,"column":11},"end":{"line":124,"column":5}}],"line":115},"13":{"loc":{"start":{"line":118,"column":11},"end":{"line":124,"column":5}},"type":"if","locations":[{"start":{"line":118,"column":11},"end":{"line":124,"column":5}},{"start":{"line":121,"column":11},"end":{"line":124,"column":5}}],"line":118},"14":{"loc":{"start":{"line":126,"column":4},"end":{"line":133,"column":5}},"type":"if","locations":[{"start":{"line":126,"column":4},"end":{"line":133,"column":5}},{"start":{},"end":{}}],"line":126},"15":{"loc":{"start":{"line":127,"column":6},"end":{"line":130,"column":7}},"type":"if","locations":[{"start":{"line":127,"column":6},"end":{"line":130,"column":7}},{"start":{},"end":{}}],"line":127}},"s":{"0":0,"1":0,"2":0,"3":0,"4":0,"5":0,"6":0,"7":0,"8":0,"9":0,"10":0,"11":0,"12":0,"13":0,"14":0,"15":0,"16":0,"17":0,"18":0,"19":0,"20":0,"21":0,"22":0,"23":0,"24":0,"25":0,"26":0,"27":0,"28":0,"29":0,"30":0,"31":0,"32":0,"33":0,"34":0,"35":0,"36":0,"37":0,"38":0,"39":0,"40":0,"41":0,"42":0,"43":0,"44":0,"45":0,"46":0,"47":0,"48":0,"49":0,"50":0,"51":0,"52":0,"53":0,"54":0,"55":0,"56":0,"57":0},"f":{"0":0,"1":0,"2":0,"3":0,"4":0,"5":0,"6":0,"7":0},"b":{"0":[0,0],"1":[0,0],"2":[0,0],"3":[0,0],"4":[0,0],"5":[0,0],"6":[0,0],"7":[0,0],"8":[0,0],"9":[0,0],"10":[0,0],"11":[0,0],"12":[0,0],"13":[0,0],"14":[0,0],"15":[0,0]}}
,"/Users/joshuavillanueva/Documents/VSCode/ORGANIZATION - cse110-sp24-group27/cse110-sp24-group27/source/assets/scripts/selected_journal.js": {"path":"/Users/joshuavillanueva/Documents/VSCode/ORGANIZATION - cse110-sp24-group27/cse110-sp24-group27/source/assets/scripts/selected_journal.js","statementMap":{"0":{"start":{"line":2,"column":26},"end":{"line":2,"column":70}},"1":{"start":{"line":3,"column":24},"end":{"line":3,"column":66}},"2":{"start":{"line":4,"column":31},"end":{"line":4,"column":68}},"3":{"start":{"line":6,"column":23},"end":{"line":6,"column":55}},"4":{"start":{"line":9,"column":2},"end":{"line":13,"column":4}},"5":{"start":{"line":10,"column":4},"end":{"line":12,"column":5}},"6":{"start":{"line":11,"column":6},"end":{"line":11,"column":59}},"7":{"start":{"line":17,"column":2},"end":{"line":21,"column":4}},"8":{"start":{"line":18,"column":4},"end":{"line":20,"column":5}},"9":{"start":{"line":19,"column":6},"end":{"line":19,"column":28}},"10":{"start":{"line":23,"column":2},"end":{"line":23,"column":23}},"11":{"start":{"line":27,"column":25},"end":{"line":27,"column":41}},"12":{"start":{"line":29,"column":22},"end":{"line":29,"column":61}},"13":{"start":{"line":30,"column":2},"end":{"line":30,"column":28}},"14":{"start":{"line":32,"column":20},"end":{"line":32,"column":55}},"15":{"start":{"line":33,"column":2},"end":{"line":33,"column":60}},"16":{"start":{"line":35,"column":2},"end":{"line":43,"column":4}},"17":{"start":{"line":36,"column":4},"end":{"line":42,"column":5}},"18":{"start":{"line":37,"column":6},"end":{"line":37,"column":59}},"19":{"start":{"line":38,"column":11},"end":{"line":42,"column":5}},"20":{"start":{"line":39,"column":6},"end":{"line":39,"column":57}},"21":{"start":{"line":40,"column":11},"end":{"line":42,"column":5}},"22":{"start":{"line":41,"column":6},"end":{"line":41,"column":57}},"23":{"start":{"line":46,"column":0},"end":{"line":46,"column":14}}},"fnMap":{"0":{"name":"getCurrJournal","decl":{"start":{"line":1,"column":9},"end":{"line":1,"column":23}},"loc":{"start":{"line":1,"column":27},"end":{"line":24,"column":1}},"line":1},"1":{"name":"(anonymous_1)","decl":{"start":{"line":9,"column":23},"end":{"line":9,"column":24}},"loc":{"start":{"line":9,"column":34},"end":{"line":13,"column":3}},"line":9},"2":{"name":"(anonymous_2)","decl":{"start":{"line":17,"column":29},"end":{"line":17,"column":30}},"loc":{"start":{"line":17,"column":38},"end":{"line":21,"column":3}},"line":17},"3":{"name":"displayEntry","decl":{"start":{"line":26,"column":9},"end":{"line":26,"column":21}},"loc":{"start":{"line":26,"column":25},"end":{"line":44,"column":1}},"line":26},"4":{"name":"(anonymous_4)","decl":{"start":{"line":35,"column":33},"end":{"line":35,"column":34}},"loc":{"start":{"line":35,"column":44},"end":{"line":43,"column":3}},"line":35}},"branchMap":{"0":{"loc":{"start":{"line":10,"column":4},"end":{"line":12,"column":5}},"type":"if","locations":[{"start":{"line":10,"column":4},"end":{"line":12,"column":5}},{"start":{},"end":{}}],"line":10},"1":{"loc":{"start":{"line":18,"column":4},"end":{"line":20,"column":5}},"type":"if","locations":[{"start":{"line":18,"column":4},"end":{"line":20,"column":5}},{"start":{},"end":{}}],"line":18},"2":{"loc":{"start":{"line":36,"column":4},"end":{"line":42,"column":5}},"type":"if","locations":[{"start":{"line":36,"column":4},"end":{"line":42,"column":5}},{"start":{"line":38,"column":11},"end":{"line":42,"column":5}}],"line":36},"3":{"loc":{"start":{"line":38,"column":11},"end":{"line":42,"column":5}},"type":"if","locations":[{"start":{"line":38,"column":11},"end":{"line":42,"column":5}},{"start":{"line":40,"column":11},"end":{"line":42,"column":5}}],"line":38},"4":{"loc":{"start":{"line":40,"column":11},"end":{"line":42,"column":5}},"type":"if","locations":[{"start":{"line":40,"column":11},"end":{"line":42,"column":5}},{"start":{},"end":{}}],"line":40}},"s":{"0":0,"1":0,"2":0,"3":0,"4":0,"5":0,"6":0,"7":0,"8":0,"9":0,"10":0,"11":0,"12":0,"13":0,"14":0,"15":0,"16":0,"17":0,"18":0,"19":0,"20":0,"21":0,"22":0,"23":0},"f":{"0":0,"1":0,"2":0,"3":0,"4":0},"b":{"0":[0,0],"1":[0,0],"2":[0,0],"3":[0,0],"4":[0,0]}}
,"/Users/joshuavillanueva/Documents/VSCode/ORGANIZATION - cse110-sp24-group27/cse110-sp24-group27/source/assets/scripts/selected_project_page.js": {"path":"/Users/joshuavillanueva/Documents/VSCode/ORGANIZATION - cse110-sp24-group27/cse110-sp24-group27/source/assets/scripts/selected_project_page.js","statementMap":{"0":{"start":{"line":8,"column":26},"end":{"line":8,"column":70}},"1":{"start":{"line":9,"column":19},"end":{"line":9,"column":68}},"2":{"start":{"line":11,"column":2},"end":{"line":15,"column":4}},"3":{"start":{"line":12,"column":4},"end":{"line":14,"column":5}},"4":{"start":{"line":13,"column":6},"end":{"line":13,"column":27}},"5":{"start":{"line":16,"column":2},"end":{"line":16,"column":20}},"6":{"start":{"line":24,"column":22},"end":{"line":24,"column":44}},"7":{"start":{"line":27,"column":22},"end":{"line":27,"column":61}},"8":{"start":{"line":28,"column":2},"end":{"line":28,"column":49}},"9":{"start":{"line":31,"column":29},"end":{"line":31,"column":75}},"10":{"start":{"line":32,"column":2},"end":{"line":32,"column":56}},"11":{"start":{"line":35,"column":2},"end":{"line":35,"column":19}},"12":{"start":{"line":38,"column":2},"end":{"line":38,"column":23}},"13":{"start":{"line":42,"column":0},"end":{"line":42,"column":48}},"14":{"start":{"line":55,"column":2},"end":{"line":59,"column":4}},"15":{"start":{"line":56,"column":4},"end":{"line":58,"column":5}},"16":{"start":{"line":57,"column":6},"end":{"line":57,"column":59}},"17":{"start":{"line":61,"column":2},"end":{"line":65,"column":3}},"18":{"start":{"line":62,"column":4},"end":{"line":62,"column":29}},"19":{"start":{"line":64,"column":4},"end":{"line":64,"column":63}},"20":{"start":{"line":73,"column":26},"end":{"line":73,"column":70}},"21":{"start":{"line":74,"column":19},"end":{"line":74,"column":68}},"22":{"start":{"line":75,"column":18},"end":{"line":75,"column":73}},"23":{"start":{"line":77,"column":32},"end":{"line":77,"column":74}},"24":{"start":{"line":78,"column":2},"end":{"line":78,"column":38}},"25":{"start":{"line":81,"column":2},"end":{"line":83,"column":3}},"26":{"start":{"line":82,"column":4},"end":{"line":82,"column":10}},"27":{"start":{"line":86,"column":2},"end":{"line":103,"column":4}},"28":{"start":{"line":87,"column":25},"end":{"line":87,"column":54}},"29":{"start":{"line":88,"column":4},"end":{"line":88,"column":47}},"30":{"start":{"line":89,"column":4},"end":{"line":89,"column":41}},"31":{"start":{"line":91,"column":4},"end":{"line":99,"column":5}},"32":{"start":{"line":102,"column":4},"end":{"line":102,"column":51}},"33":{"start":{"line":107,"column":27},"end":{"line":107,"column":74}},"34":{"start":{"line":112,"column":2},"end":{"line":112,"column":35}},"35":{"start":{"line":115,"column":22},"end":{"line":115,"column":44}},"36":{"start":{"line":116,"column":18},"end":{"line":116,"column":54}},"37":{"start":{"line":117,"column":21},"end":{"line":117,"column":23}},"38":{"start":{"line":118,"column":2},"end":{"line":121,"column":3}},"39":{"start":{"line":118,"column":15},"end":{"line":118,"column":16}},"40":{"start":{"line":119,"column":22},"end":{"line":119,"column":42}},"41":{"start":{"line":120,"column":4},"end":{"line":120,"column":30}},"42":{"start":{"line":124,"column":2},"end":{"line":130,"column":3}},"43":{"start":{"line":124,"column":15},"end":{"line":124,"column":16}},"44":{"start":{"line":125,"column":26},"end":{"line":125,"column":54}},"45":{"start":{"line":126,"column":23},"end":{"line":126,"column":51}},"46":{"start":{"line":127,"column":4},"end":{"line":127,"column":40}},"47":{"start":{"line":128,"column":4},"end":{"line":128,"column":41}},"48":{"start":{"line":129,"column":4},"end":{"line":129,"column":49}},"49":{"start":{"line":139,"column":12},"end":{"line":139,"column":14}},"50":{"start":{"line":145,"column":2},"end":{"line":145,"column":60}},"51":{"start":{"line":146,"column":2},"end":{"line":146,"column":28}},"52":{"start":{"line":146,"column":22},"end":{"line":146,"column":28}},"53":{"start":{"line":147,"column":2},"end":{"line":147,"column":56}},"54":{"start":{"line":148,"column":2},"end":{"line":148,"column":47}},"55":{"start":{"line":156,"column":2},"end":{"line":158,"column":3}},"56":{"start":{"line":157,"column":4},"end":{"line":157,"column":54}},"57":{"start":{"line":159,"column":2},"end":{"line":159,"column":28}},"58":{"start":{"line":159,"column":22},"end":{"line":159,"column":28}},"59":{"start":{"line":161,"column":2},"end":{"line":161,"column":27}},"60":{"start":{"line":162,"column":2},"end":{"line":162,"column":27}},"61":{"start":{"line":163,"column":2},"end":{"line":163,"column":21}},"62":{"start":{"line":164,"column":2},"end":{"line":164,"column":18}},"63":{"start":{"line":165,"column":2},"end":{"line":165,"column":46}},"64":{"start":{"line":173,"column":2},"end":{"line":173,"column":28}},"65":{"start":{"line":173,"column":22},"end":{"line":173,"column":28}},"66":{"start":{"line":175,"column":27},"end":{"line":175,"column":36}},"67":{"start":{"line":176,"column":27},"end":{"line":176,"column":36}},"68":{"start":{"line":177,"column":25},"end":{"line":177,"column":57}},"69":{"start":{"line":178,"column":25},"end":{"line":178,"column":57}},"70":{"start":{"line":179,"column":2},"end":{"line":179,"column":87}},"71":{"start":{"line":181,"column":2},"end":{"line":181,"column":35}},"72":{"start":{"line":188,"column":2},"end":{"line":188,"column":28}},"73":{"start":{"line":188,"column":22},"end":{"line":188,"column":28}},"74":{"start":{"line":190,"column":2},"end":{"line":190,"column":22}},"75":{"start":{"line":191,"column":2},"end":{"line":191,"column":11}},"76":{"start":{"line":199,"column":2},"end":{"line":201,"column":3}},"77":{"start":{"line":200,"column":4},"end":{"line":200,"column":72}},"78":{"start":{"line":202,"column":2},"end":{"line":202,"column":14}},"79":{"start":{"line":210,"column":2},"end":{"line":210,"column":75}},"80":{"start":{"line":210,"column":40},"end":{"line":210,"column":74}},"81":{"start":{"line":220,"column":2},"end":{"line":220,"column":43}},"82":{"start":{"line":231,"column":2},"end":{"line":231,"column":45}},"83":{"start":{"line":238,"column":2},"end":{"line":238,"column":43}},"84":{"start":{"line":239,"column":2},"end":{"line":239,"column":45}},"85":{"start":{"line":247,"column":2},"end":{"line":251,"column":4}},"86":{"start":{"line":248,"column":4},"end":{"line":250,"column":5}},"87":{"start":{"line":249,"column":6},"end":{"line":249,"column":31}},"88":{"start":{"line":259,"column":28},"end":{"line":259,"column":65}},"89":{"start":{"line":260,"column":25},"end":{"line":260,"column":77}},"90":{"start":{"line":261,"column":20},"end":{"line":261,"column":22}},"91":{"start":{"line":263,"column":2},"end":{"line":279,"column":4}},"92":{"start":{"line":264,"column":21},"end":{"line":264,"column":49}},"93":{"start":{"line":265,"column":18},"end":{"line":265,"column":52}},"94":{"start":{"line":266,"column":4},"end":{"line":278,"column":5}},"95":{"start":{"line":267,"column":6},"end":{"line":271,"column":7}},"96":{"start":{"line":268,"column":8},"end":{"line":268,"column":35}},"97":{"start":{"line":270,"column":8},"end":{"line":270,"column":37}},"98":{"start":{"line":273,"column":6},"end":{"line":277,"column":7}},"99":{"start":{"line":274,"column":8},"end":{"line":274,"column":35}},"100":{"start":{"line":276,"column":8},"end":{"line":276,"column":37}},"101":{"start":{"line":281,"column":2},"end":{"line":290,"column":4}},"102":{"start":{"line":282,"column":4},"end":{"line":289,"column":5}},"103":{"start":{"line":283,"column":24},"end":{"line":283,"column":50}},"104":{"start":{"line":284,"column":6},"end":{"line":286,"column":11}},"105":{"start":{"line":288,"column":6},"end":{"line":288,"column":31}},"106":{"start":{"line":298,"column":25},"end":{"line":298,"column":27}},"107":{"start":{"line":299,"column":2},"end":{"line":309,"column":4}},"108":{"start":{"line":300,"column":4},"end":{"line":302,"column":5}},"109":{"start":{"line":301,"column":6},"end":{"line":301,"column":12}},"110":{"start":{"line":303,"column":4},"end":{"line":306,"column":5}},"111":{"start":{"line":304,"column":6},"end":{"line":304,"column":34}},"112":{"start":{"line":305,"column":6},"end":{"line":305,"column":12}},"113":{"start":{"line":307,"column":21},"end":{"line":307,"column":62}},"114":{"start":{"line":308,"column":4},"end":{"line":308,"column":35}},"115":{"start":{"line":311,"column":2},"end":{"line":316,"column":3}},"116":{"start":{"line":311,"column":19},"end":{"line":311,"column":20}},"117":{"start":{"line":312,"column":17},"end":{"line":312,"column":38}},"118":{"start":{"line":313,"column":4},"end":{"line":315,"column":5}},"119":{"start":{"line":314,"column":6},"end":{"line":314,"column":43}},"120":{"start":{"line":318,"column":21},"end":{"line":318,"column":73}},"121":{"start":{"line":319,"column":2},"end":{"line":324,"column":4}},"122":{"start":{"line":320,"column":4},"end":{"line":320,"column":35}},"123":{"start":{"line":321,"column":4},"end":{"line":323,"column":5}},"124":{"start":{"line":322,"column":6},"end":{"line":322,"column":49}},"125":{"start":{"line":331,"column":2},"end":{"line":335,"column":4}},"126":{"start":{"line":332,"column":4},"end":{"line":332,"column":31}},"127":{"start":{"line":333,"column":4},"end":{"line":333,"column":33}},"128":{"start":{"line":334,"column":4},"end":{"line":334,"column":29}},"129":{"start":{"line":342,"column":2},"end":{"line":342,"column":28}},"130":{"start":{"line":343,"column":2},"end":{"line":343,"column":48}},"131":{"start":{"line":344,"column":2},"end":{"line":344,"column":40}},"132":{"start":{"line":345,"column":2},"end":{"line":345,"column":22}},"133":{"start":{"line":353,"column":2},"end":{"line":353,"column":12}},"134":{"start":{"line":354,"column":2},"end":{"line":354,"column":22}},"135":{"start":{"line":355,"column":2},"end":{"line":355,"column":18}},"136":{"start":{"line":356,"column":2},"end":{"line":356,"column":49}},"137":{"start":{"line":360,"column":0},"end":{"line":360,"column":18}},"138":{"start":{"line":377,"column":26},"end":{"line":377,"column":61}},"139":{"start":{"line":378,"column":0},"end":{"line":378,"column":56}},"140":{"start":{"line":385,"column":19},"end":{"line":385,"column":68}},"141":{"start":{"line":386,"column":22},"end":{"line":386,"column":44}},"142":{"start":{"line":388,"column":18},"end":{"line":388,"column":54}},"143":{"start":{"line":391,"column":21},"end":{"line":391,"column":68}},"144":{"start":{"line":392,"column":27},"end":{"line":392,"column":81}},"145":{"start":{"line":393,"column":25},"end":{"line":393,"column":74}},"146":{"start":{"line":396,"column":21},"end":{"line":396,"column":78}},"147":{"start":{"line":397,"column":2},"end":{"line":397,"column":55}},"148":{"start":{"line":400,"column":26},"end":{"line":400,"column":83}},"149":{"start":{"line":401,"column":21},"end":{"line":408,"column":4}},"150":{"start":{"line":402,"column":18},"end":{"line":402,"column":51}},"151":{"start":{"line":403,"column":17},"end":{"line":403,"column":119}},"152":{"start":{"line":404,"column":4},"end":{"line":407,"column":5}},"153":{"start":{"line":411,"column":16},"end":{"line":418,"column":3}},"154":{"start":{"line":421,"column":2},"end":{"line":421,"column":21}},"155":{"start":{"line":422,"column":2},"end":{"line":422,"column":48}},"156":{"start":{"line":424,"column":2},"end":{"line":428,"column":3}},"157":{"start":{"line":424,"column":15},"end":{"line":424,"column":16}},"158":{"start":{"line":425,"column":4},"end":{"line":427,"column":5}},"159":{"start":{"line":426,"column":6},"end":{"line":426,"column":31}},"160":{"start":{"line":431,"column":2},"end":{"line":431,"column":65}},"161":{"start":{"line":432,"column":2},"end":{"line":432,"column":19}},"162":{"start":{"line":435,"column":2},"end":{"line":435,"column":23}}},"fnMap":{"0":{"name":"getCurrProjectObject","decl":{"start":{"line":7,"column":9},"end":{"line":7,"column":29}},"loc":{"start":{"line":7,"column":33},"end":{"line":17,"column":1}},"line":7},"1":{"name":"(anonymous_1)","decl":{"start":{"line":11,"column":19},"end":{"line":11,"column":20}},"loc":{"start":{"line":11,"column":30},"end":{"line":15,"column":3}},"line":11},"2":{"name":"projectPageInit","decl":{"start":{"line":22,"column":9},"end":{"line":22,"column":24}},"loc":{"start":{"line":22,"column":28},"end":{"line":39,"column":1}},"line":22},"3":{"name":"getAllSelectedProjectEntries","decl":{"start":{"line":50,"column":9},"end":{"line":50,"column":37}},"loc":{"start":{"line":50,"column":62},"end":{"line":66,"column":1}},"line":50},"4":{"name":"(anonymous_4)","decl":{"start":{"line":55,"column":19},"end":{"line":55,"column":20}},"loc":{"start":{"line":55,"column":30},"end":{"line":59,"column":3}},"line":55},"5":{"name":"populateEntries","decl":{"start":{"line":71,"column":9},"end":{"line":71,"column":24}},"loc":{"start":{"line":71,"column":28},"end":{"line":104,"column":1}},"line":71},"6":{"name":"(anonymous_6)","decl":{"start":{"line":86,"column":18},"end":{"line":86,"column":19}},"loc":{"start":{"line":86,"column":27},"end":{"line":103,"column":3}},"line":86},"7":{"name":"loadTableOfContents","decl":{"start":{"line":111,"column":9},"end":{"line":111,"column":28}},"loc":{"start":{"line":111,"column":32},"end":{"line":131,"column":1}},"line":111},"8":{"name":"dragAndDropSetup","decl":{"start":{"line":144,"column":9},"end":{"line":144,"column":25}},"loc":{"start":{"line":144,"column":29},"end":{"line":149,"column":1}},"line":144},"9":{"name":"dragStart","decl":{"start":{"line":155,"column":9},"end":{"line":155,"column":18}},"loc":{"start":{"line":155,"column":23},"end":{"line":166,"column":1}},"line":155},"10":{"name":"drag","decl":{"start":{"line":172,"column":9},"end":{"line":172,"column":13}},"loc":{"start":{"line":172,"column":18},"end":{"line":182,"column":1}},"line":172},"11":{"name":"dragEnd","decl":{"start":{"line":187,"column":9},"end":{"line":187,"column":16}},"loc":{"start":{"line":187,"column":20},"end":{"line":192,"column":1}},"line":187},"12":{"name":"getAllItems","decl":{"start":{"line":198,"column":9},"end":{"line":198,"column":20}},"loc":{"start":{"line":198,"column":24},"end":{"line":203,"column":1}},"line":198},"13":{"name":"getIdleItems","decl":{"start":{"line":209,"column":9},"end":{"line":209,"column":21}},"loc":{"start":{"line":209,"column":25},"end":{"line":211,"column":1}},"line":209},"14":{"name":"(anonymous_14)","decl":{"start":{"line":210,"column":30},"end":{"line":210,"column":31}},"loc":{"start":{"line":210,"column":40},"end":{"line":210,"column":74}},"line":210},"15":{"name":"isItemAbove","decl":{"start":{"line":219,"column":9},"end":{"line":219,"column":20}},"loc":{"start":{"line":219,"column":28},"end":{"line":221,"column":1}},"line":219},"16":{"name":"isItemToggled","decl":{"start":{"line":230,"column":9},"end":{"line":230,"column":22}},"loc":{"start":{"line":230,"column":30},"end":{"line":232,"column":1}},"line":230},"17":{"name":"initDraggableItem","decl":{"start":{"line":237,"column":9},"end":{"line":237,"column":26}},"loc":{"start":{"line":237,"column":30},"end":{"line":240,"column":1}},"line":237},"18":{"name":"initItemsState","decl":{"start":{"line":246,"column":9},"end":{"line":246,"column":23}},"loc":{"start":{"line":246,"column":27},"end":{"line":252,"column":1}},"line":246},"19":{"name":"(anonymous_19)","decl":{"start":{"line":247,"column":25},"end":{"line":247,"column":26}},"loc":{"start":{"line":247,"column":38},"end":{"line":251,"column":3}},"line":247},"20":{"name":"updateIdleItemsStateAndPosition","decl":{"start":{"line":258,"column":9},"end":{"line":258,"column":40}},"loc":{"start":{"line":258,"column":44},"end":{"line":291,"column":1}},"line":258},"21":{"name":"(anonymous_21)","decl":{"start":{"line":263,"column":25},"end":{"line":263,"column":26}},"loc":{"start":{"line":263,"column":35},"end":{"line":279,"column":3}},"line":263},"22":{"name":"(anonymous_22)","decl":{"start":{"line":281,"column":25},"end":{"line":281,"column":26}},"loc":{"start":{"line":281,"column":35},"end":{"line":290,"column":3}},"line":281},"23":{"name":"applyNewItemsOrder","decl":{"start":{"line":297,"column":9},"end":{"line":297,"column":27}},"loc":{"start":{"line":297,"column":31},"end":{"line":325,"column":1}},"line":297},"24":{"name":"(anonymous_24)","decl":{"start":{"line":299,"column":24},"end":{"line":299,"column":25}},"loc":{"start":{"line":299,"column":41},"end":{"line":309,"column":3}},"line":299},"25":{"name":"(anonymous_25)","decl":{"start":{"line":319,"column":25},"end":{"line":319,"column":26}},"loc":{"start":{"line":319,"column":35},"end":{"line":324,"column":3}},"line":319},"26":{"name":"unsetItemState","decl":{"start":{"line":330,"column":9},"end":{"line":330,"column":23}},"loc":{"start":{"line":330,"column":27},"end":{"line":336,"column":1}},"line":330},"27":{"name":"(anonymous_27)","decl":{"start":{"line":331,"column":25},"end":{"line":331,"column":26}},"loc":{"start":{"line":331,"column":38},"end":{"line":335,"column":3}},"line":331},"28":{"name":"unsetDraggableItem","decl":{"start":{"line":341,"column":9},"end":{"line":341,"column":27}},"loc":{"start":{"line":341,"column":31},"end":{"line":346,"column":1}},"line":341},"29":{"name":"cleanup","decl":{"start":{"line":352,"column":9},"end":{"line":352,"column":16}},"loc":{"start":{"line":352,"column":20},"end":{"line":357,"column":1}},"line":352},"30":{"name":"createEntry","decl":{"start":{"line":383,"column":9},"end":{"line":383,"column":20}},"loc":{"start":{"line":383,"column":24},"end":{"line":436,"column":1}},"line":383},"31":{"name":"(anonymous_31)","decl":{"start":{"line":401,"column":53},"end":{"line":401,"column":54}},"loc":{"start":{"line":401,"column":69},"end":{"line":408,"column":3}},"line":401}},"branchMap":{"0":{"loc":{"start":{"line":12,"column":4},"end":{"line":14,"column":5}},"type":"if","locations":[{"start":{"line":12,"column":4},"end":{"line":14,"column":5}},{"start":{},"end":{}}],"line":12},"1":{"loc":{"start":{"line":56,"column":4},"end":{"line":58,"column":5}},"type":"if","locations":[{"start":{"line":56,"column":4},"end":{"line":58,"column":5}},{"start":{},"end":{}}],"line":56},"2":{"loc":{"start":{"line":61,"column":2},"end":{"line":65,"column":3}},"type":"if","locations":[{"start":{"line":61,"column":2},"end":{"line":65,"column":3}},{"start":{"line":63,"column":9},"end":{"line":65,"column":3}}],"line":61},"3":{"loc":{"start":{"line":81,"column":2},"end":{"line":83,"column":3}},"type":"if","locations":[{"start":{"line":81,"column":2},"end":{"line":83,"column":3}},{"start":{},"end":{}}],"line":81},"4":{"loc":{"start":{"line":146,"column":2},"end":{"line":146,"column":28}},"type":"if","locations":[{"start":{"line":146,"column":2},"end":{"line":146,"column":28}},{"start":{},"end":{}}],"line":146},"5":{"loc":{"start":{"line":156,"column":2},"end":{"line":158,"column":3}},"type":"if","locations":[{"start":{"line":156,"column":2},"end":{"line":158,"column":3}},{"start":{},"end":{}}],"line":156},"6":{"loc":{"start":{"line":159,"column":2},"end":{"line":159,"column":28}},"type":"if","locations":[{"start":{"line":159,"column":2},"end":{"line":159,"column":28}},{"start":{},"end":{}}],"line":159},"7":{"loc":{"start":{"line":173,"column":2},"end":{"line":173,"column":28}},"type":"if","locations":[{"start":{"line":173,"column":2},"end":{"line":173,"column":28}},{"start":{},"end":{}}],"line":173},"8":{"loc":{"start":{"line":188,"column":2},"end":{"line":188,"column":28}},"type":"if","locations":[{"start":{"line":188,"column":2},"end":{"line":188,"column":28}},{"start":{},"end":{}}],"line":188},"9":{"loc":{"start":{"line":199,"column":2},"end":{"line":201,"column":3}},"type":"if","locations":[{"start":{"line":199,"column":2},"end":{"line":201,"column":3}},{"start":{},"end":{}}],"line":199},"10":{"loc":{"start":{"line":248,"column":4},"end":{"line":250,"column":5}},"type":"if","locations":[{"start":{"line":248,"column":4},"end":{"line":250,"column":5}},{"start":{},"end":{}}],"line":248},"11":{"loc":{"start":{"line":266,"column":4},"end":{"line":278,"column":5}},"type":"if","locations":[{"start":{"line":266,"column":4},"end":{"line":278,"column":5}},{"start":{"line":272,"column":11},"end":{"line":278,"column":5}}],"line":266},"12":{"loc":{"start":{"line":267,"column":6},"end":{"line":271,"column":7}},"type":"if","locations":[{"start":{"line":267,"column":6},"end":{"line":271,"column":7}},{"start":{"line":269,"column":13},"end":{"line":271,"column":7}}],"line":267},"13":{"loc":{"start":{"line":273,"column":6},"end":{"line":277,"column":7}},"type":"if","locations":[{"start":{"line":273,"column":6},"end":{"line":277,"column":7}},{"start":{"line":275,"column":13},"end":{"line":277,"column":7}}],"line":273},"14":{"loc":{"start":{"line":282,"column":4},"end":{"line":289,"column":5}},"type":"if","locations":[{"start":{"line":282,"column":4},"end":{"line":289,"column":5}},{"start":{"line":287,"column":11},"end":{"line":289,"column":5}}],"line":282},"15":{"loc":{"start":{"line":283,"column":24},"end":{"line":283,"column":50}},"type":"cond-expr","locations":[{"start":{"line":283,"column":44},"end":{"line":283,"column":45}},{"start":{"line":283,"column":48},"end":{"line":283,"column":50}}],"line":283},"16":{"loc":{"start":{"line":300,"column":4},"end":{"line":302,"column":5}},"type":"if","locations":[{"start":{"line":300,"column":4},"end":{"line":302,"column":5}},{"start":{},"end":{}}],"line":300},"17":{"loc":{"start":{"line":303,"column":4},"end":{"line":306,"column":5}},"type":"if","locations":[{"start":{"line":303,"column":4},"end":{"line":306,"column":5}},{"start":{},"end":{}}],"line":303},"18":{"loc":{"start":{"line":307,"column":21},"end":{"line":307,"column":62}},"type":"cond-expr","locations":[{"start":{"line":307,"column":41},"end":{"line":307,"column":50}},{"start":{"line":307,"column":53},"end":{"line":307,"column":62}}],"line":307},"19":{"loc":{"start":{"line":313,"column":4},"end":{"line":315,"column":5}},"type":"if","locations":[{"start":{"line":313,"column":4},"end":{"line":315,"column":5}},{"start":{},"end":{}}],"line":313},"20":{"loc":{"start":{"line":321,"column":4},"end":{"line":323,"column":5}},"type":"if","locations":[{"start":{"line":321,"column":4},"end":{"line":323,"column":5}},{"start":{},"end":{}}],"line":321},"21":{"loc":{"start":{"line":403,"column":17},"end":{"line":403,"column":119}},"type":"cond-expr","locations":[{"start":{"line":403,"column":55},"end":{"line":403,"column":63}},{"start":{"line":403,"column":66},"end":{"line":403,"column":119}}],"line":403},"22":{"loc":{"start":{"line":403,"column":66},"end":{"line":403,"column":119}},"type":"cond-expr","locations":[{"start":{"line":403,"column":104},"end":{"line":403,"column":110}},{"start":{"line":403,"column":113},"end":{"line":403,"column":119}}],"line":403},"23":{"loc":{"start":{"line":425,"column":4},"end":{"line":427,"column":5}},"type":"if","locations":[{"start":{"line":425,"column":4},"end":{"line":427,"column":5}},{"start":{},"end":{}}],"line":425}},"s":{"0":0,"1":0,"2":0,"3":0,"4":0,"5":0,"6":0,"7":0,"8":0,"9":0,"10":0,"11":0,"12":0,"13":0,"14":0,"15":0,"16":0,"17":0,"18":0,"19":0,"20":0,"21":0,"22":0,"23":0,"24":0,"25":0,"26":0,"27":0,"28":0,"29":0,"30":0,"31":0,"32":0,"33":0,"34":0,"35":0,"36":0,"37":0,"38":0,"39":0,"40":0,"41":0,"42":0,"43":0,"44":0,"45":0,"46":0,"47":0,"48":0,"49":0,"50":0,"51":0,"52":0,"53":0,"54":0,"55":0,"56":0,"57":0,"58":0,"59":0,"60":0,"61":0,"62":0,"63":0,"64":0,"65":0,"66":0,"67":0,"68":0,"69":0,"70":0,"71":0,"72":0,"73":0,"74":0,"75":0,"76":0,"77":0,"78":0,"79":0,"80":0,"81":0,"82":0,"83":0,"84":0,"85":0,"86":0,"87":0,"88":0,"89":0,"90":0,"91":0,"92":0,"93":0,"94":0,"95":0,"96":0,"97":0,"98":0,"99":0,"100":0,"101":0,"102":0,"103":0,"104":0,"105":0,"106":0,"107":0,"108":0,"109":0,"110":0,"111":0,"112":0,"113":0,"114":0,"115":0,"116":0,"117":0,"118":0,"119":0,"120":0,"121":0,"122":0,"123":0,"124":0,"125":0,"126":0,"127":0,"128":0,"129":0,"130":0,"131":0,"132":0,"133":0,"134":0,"135":0,"136":0,"137":0,"138":0,"139":0,"140":0,"141":0,"142":0,"143":0,"144":0,"145":0,"146":0,"147":0,"148":0,"149":0,"150":0,"151":0,"152":0,"153":0,"154":0,"155":0,"156":0,"157":0,"158":0,"159":0,"160":0,"161":0,"162":0},"f":{"0":0,"1":0,"2":0,"3":0,"4":0,"5":0,"6":0,"7":0,"8":0,"9":0,"10":0,"11":0,"12":0,"13":0,"14":0,"15":0,"16":0,"17":0,"18":0,"19":0,"20":0,"21":0,"22":0,"23":0,"24":0,"25":0,"26":0,"27":0,"28":0,"29":0,"30":0,"31":0},"b":{"0":[0,0],"1":[0,0],"2":[0,0],"3":[0,0],"4":[0,0],"5":[0,0],"6":[0,0],"7":[0,0],"8":[0,0],"9":[0,0],"10":[0,0],"11":[0,0],"12":[0,0],"13":[0,0],"14":[0,0],"15":[0,0],"16":[0,0],"17":[0,0],"18":[0,0],"19":[0,0],"20":[0,0],"21":[0,0],"22":[0,0],"23":[0,0]}}
}
