TN:
SF:source/assets/scripts/+_button_selcted_project_page.js
FN:2,openPopup
FN:7,closePopup
FN:12,addInput
FN:28,(anonymous_3)
FN:37,deleteInput
FN:76,createNewEntryObject
FN:84,(anonymous_6)
FN:94,(anonymous_7)
FN:125,saveNewEntryToLocalStorage
FN:132,(anonymous_9)
FNF:10
FNH:0
FNDA:0,openPopup
FNDA:0,closePopup
FNDA:0,addInput
FNDA:0,(anonymous_3)
FNDA:0,deleteInput
FNDA:0,createNewEntryObject
FNDA:0,(anonymous_6)
FNDA:0,(anonymous_7)
FNDA:0,saveNewEntryToLocalStorage
FNDA:0,(anonymous_9)
DA:3,0
DA:8,0
DA:14,0
DA:16,0
DA:17,0
DA:19,0
DA:20,0
DA:21,0
DA:22,0
DA:24,0
DA:25,0
DA:26,0
DA:28,0
DA:29,0
DA:32,0
DA:33,0
DA:34,0
DA:38,0
DA:39,0
DA:78,0
DA:79,0
DA:80,0
DA:83,0
DA:85,0
DA:93,0
DA:94,0
DA:95,0
DA:96,0
DA:97,0
DA:103,0
DA:113,0
DA:126,0
DA:128,0
DA:131,0
DA:132,0
DA:133,0
DA:134,0
DA:135,0
DA:136,0
DA:141,0
DA:142,0
DA:144,0
DA:147,0
DA:151,0
DA:152,0
DA:153,0
DA:154,0
LF:47
LH:0
BRDA:21,0,0,0
BRDA:21,0,1,0
BRDA:21,1,0,0
BRDA:21,1,1,0
BRDA:96,2,0,0
BRDA:96,2,1,0
BRDA:96,3,0,0
BRDA:96,3,1,0
BRDA:128,4,0,0
BRDA:128,4,1,0
BRDA:133,5,0,0
BRDA:133,5,1,0
BRDA:134,6,0,0
BRDA:134,6,1,0
BRDA:141,7,0,0
BRDA:141,7,1,0
BRF:16
BRH:0
end_of_record
TN:
SF:source/assets/scripts/ProjectCard.js
FN:4,(anonymous_0)
FN:116,(anonymous_1)
FN:128,(anonymous_2)
FN:151,(anonymous_3)
FN:159,(anonymous_4)
FN:177,(anonymous_5)
FN:191,(anonymous_6)
FNF:7
FNH:0
FNDA:0,(anonymous_0)
FNDA:0,(anonymous_1)
FNDA:0,(anonymous_2)
FNDA:0,(anonymous_3)
FNDA:0,(anonymous_4)
FNDA:0,(anonymous_5)
FNDA:0,(anonymous_6)
DA:5,0
DA:8,0
DA:11,0
DA:14,0
DA:15,0
DA:106,0
DA:117,0
DA:118,0
DA:119,0
DA:120,0
DA:123,0
DA:125,0
DA:126,0
DA:128,0
DA:130,0
DA:131,0
DA:133,0
DA:152,0
DA:153,0
DA:154,0
DA:156,0
DA:157,0
DA:158,0
DA:159,0
DA:160,0
DA:161,0
DA:162,0
DA:163,0
DA:176,0
DA:177,0
DA:180,0
DA:181,0
DA:185,0
DA:186,0
DA:187,0
DA:192,0
DA:198,0
LF:37
LH:0
BRDA:117,0,0,0
BRDA:117,0,1,0
BRDA:123,1,0,0
BRDA:123,1,1,0
BRDA:126,2,0,0
BRDA:126,2,1,0
BRDA:152,3,0,0
BRDA:152,3,1,0
BRDA:152,4,0,0
BRDA:152,4,1,0
BRDA:162,5,0,0
BRDA:162,5,1,0
BRDA:180,6,0,0
BRDA:180,6,1,0
BRDA:185,7,0,0
BRDA:185,7,1,0
BRF:16
BRH:0
end_of_record
TN:
SF:source/assets/scripts/get_set_from_localStorage.js
FN:10,getUnusedProjectId
FN:42,addProjectToLocalStorage
FN:63,getAllUserProjects
FN:108,addEntry
FN:133,getAllSelectedProjectEntries
FN:137,(anonymous_5)
FN:153,getSelectedEntry
FN:156,(anonymous_7)
FNF:8
FNH:0
FNDA:0,getUnusedProjectId
FNDA:0,addProjectToLocalStorage
FNDA:0,getAllUserProjects
FNDA:0,addEntry
FNDA:0,getAllSelectedProjectEntries
FNDA:0,(anonymous_5)
FNDA:0,getSelectedEntry
FNDA:0,(anonymous_7)
DA:12,0
DA:15,0
DA:18,0
DA:20,0
DA:44,0
DA:47,0
DA:50,0
DA:53,0
DA:56,0
DA:67,0
DA:70,0
DA:111,0
DA:112,0
DA:115,0
DA:118,0
DA:121,0
DA:124,0
DA:137,0
DA:138,0
DA:139,0
DA:144,0
DA:155,0
DA:156,0
DA:157,0
DA:158,0
DA:161,0
LF:26
LH:0
BRDA:50,0,0,0
BRDA:50,0,1,0
BRDA:67,1,0,0
BRDA:67,1,1,0
BRDA:138,2,0,0
BRDA:138,2,1,0
BRDA:157,3,0,0
BRDA:157,3,1,0
BRF:8
BRH:0
end_of_record
TN:
SF:source/assets/scripts/home_projects_page.js
FN:7,getUnusedProjectId
FN:38,addProjectToLocalStorage
FN:55,(anonymous_2)
FN:59,newProject
FN:65,addProject
FN:99,toggleTag
FN:103,(anonymous_6)
FN:112,selectPrivacy
FN:119,resetForm
FN:123,(anonymous_9)
FN:132,(anonymous_10)
FN:133,(anonymous_11)
FN:140,(anonymous_12)
FN:143,(anonymous_13)
FN:153,(anonymous_14)
FN:159,(anonymous_15)
FN:164,(anonymous_16)
FN:171,(anonymous_17)
FN:188,loadTags
FN:193,(anonymous_19)
FN:202,getTagsFromStorage
FN:206,addProjectsToDocument
FN:208,(anonymous_22)
FNF:23
FNH:0
FNDA:0,getUnusedProjectId
FNDA:0,addProjectToLocalStorage
FNDA:0,(anonymous_2)
FNDA:0,newProject
FNDA:0,addProject
FNDA:0,toggleTag
FNDA:0,(anonymous_6)
FNDA:0,selectPrivacy
FNDA:0,resetForm
FNDA:0,(anonymous_9)
FNDA:0,(anonymous_10)
FNDA:0,(anonymous_11)
FNDA:0,(anonymous_12)
FNDA:0,(anonymous_13)
FNDA:0,(anonymous_14)
FNDA:0,(anonymous_15)
FNDA:0,(anonymous_16)
FNDA:0,(anonymous_17)
FNDA:0,loadTags
FNDA:0,(anonymous_19)
FNDA:0,getTagsFromStorage
FNDA:0,addProjectsToDocument
FNDA:0,(anonymous_22)
DA:9,0
DA:12,0
DA:15,0
DA:17,0
DA:40,0
DA:43,0
DA:46,0
DA:49,0
DA:52,0
DA:55,0
DA:56,0
DA:60,0
DA:61,0
DA:67,0
DA:68,0
DA:69,0
DA:72,0
DA:73,0
DA:74,0
DA:75,0
DA:77,0
DA:78,0
DA:81,0
DA:89,0
DA:90,0
DA:93,0
DA:95,0
DA:100,0
DA:102,0
DA:103,0
DA:104,0
DA:106,0
DA:107,0
DA:113,0
DA:114,0
DA:115,0
DA:120,0
DA:121,0
DA:122,0
DA:123,0
DA:124,0
DA:125,0
DA:129,0
DA:130,0
DA:132,0
DA:133,0
DA:134,0
DA:135,0
DA:140,0
DA:141,0
DA:143,0
DA:144,0
DA:148,0
DA:149,0
DA:150,0
DA:153,0
DA:154,0
DA:155,0
DA:159,0
DA:160,0
DA:164,0
DA:165,0
DA:166,0
DA:171,0
DA:172,0
DA:173,0
DA:175,0
DA:176,0
DA:177,0
DA:178,0
DA:179,0
DA:180,0
DA:181,0
DA:183,0
DA:189,0
DA:190,0
DA:191,0
DA:193,0
DA:194,0
DA:195,0
DA:196,0
DA:197,0
DA:203,0
DA:207,0
DA:208,0
DA:209,0
DA:210,0
DA:211,0
LF:88
LH:0
BRDA:46,0,0,0
BRDA:46,0,1,0
BRDA:61,1,0,0
BRDA:61,1,1,0
BRDA:72,2,0,0
BRDA:72,2,1,0
BRDA:77,3,0,0
BRDA:77,3,1,0
BRDA:102,4,0,0
BRDA:102,4,1,0
BRDA:134,5,0,0
BRDA:134,5,1,0
BRDA:165,6,0,0
BRDA:165,6,1,0
BRDA:175,7,0,0
BRDA:175,7,1,0
BRDA:203,8,0,0
BRDA:203,8,1,0
BRF:18
BRH:0
end_of_record
TN:
SF:source/assets/scripts/main.js
FN:5,init
FN:57,getProfileFromStorage
FN:62,updateProfileOnPage
FN:81,fetchProjectsExamplejsonToStorage
FN:83,(anonymous_4)
FN:84,(anonymous_5)
FN:85,(anonymous_6)
FN:97,getProjectsFromStorage
FN:108,addProjectsToDocument
FNF:9
FNH:1
FNDA:0,init
FNDA:0,getProfileFromStorage
FNDA:0,updateProfileOnPage
FNDA:0,fetchProjectsExamplejsonToStorage
FNDA:0,(anonymous_4)
FNDA:0,(anonymous_5)
FNDA:0,(anonymous_6)
FNDA:1,getProjectsFromStorage
FNDA:0,addProjectsToDocument
DA:2,1
DA:7,0
DA:8,0
DA:10,0
DA:11,0
DA:13,0
DA:14,0
DA:18,0
DA:19,0
DA:21,0
DA:22,0
DA:24,0
DA:25,0
DA:30,0
DA:31,0
DA:34,0
DA:36,0
DA:38,0
DA:42,0
DA:43,0
DA:45,0
DA:58,0
DA:63,0
DA:64,0
DA:66,0
DA:67,0
DA:69,0
DA:70,0
DA:72,0
DA:73,0
DA:75,0
DA:76,0
DA:82,0
DA:83,0
DA:84,0
DA:86,0
DA:98,1
DA:110,0
DA:111,0
DA:112,0
DA:113,0
DA:114,0
DA:119,1
LF:43
LH:3
BRDA:7,0,0,0
BRDA:7,0,1,0
BRDA:10,1,0,0
BRDA:10,1,1,0
BRDA:13,2,0,0
BRDA:13,2,1,0
BRDA:18,3,0,0
BRDA:18,3,1,0
BRDA:21,4,0,0
BRDA:21,4,1,0
BRDA:24,5,0,0
BRDA:24,5,1,0
BRDA:36,6,0,0
BRDA:36,6,1,0
BRDA:58,7,0,0
BRDA:58,7,1,0
BRDA:63,8,0,0
BRDA:63,8,1,0
BRDA:64,9,0,0
BRDA:64,9,1,0
BRDA:67,10,0,0
BRDA:67,10,1,0
BRDA:69,11,0,0
BRDA:69,11,1,0
BRDA:72,12,0,0
BRDA:72,12,1,0
BRDA:75,13,0,0
BRDA:75,13,1,0
BRDA:98,14,0,1
BRDA:98,14,1,1
BRF:30
BRH:2
end_of_record
TN:
SF:source/assets/scripts/profile_setting.js
FN:5,init
FN:27,getProfileFromStorage
FN:41,updateProfileOnPage
FN:63,loadImage
FN:69,save
FN:86,(anonymous_5)
FN:101,cancel
FN:109,checkURL
FNF:8
FNH:0
FNDA:0,init
FNDA:0,getProfileFromStorage
FNDA:0,updateProfileOnPage
FNDA:0,loadImage
FNDA:0,save
FNDA:0,(anonymous_5)
FNDA:0,cancel
FNDA:0,checkURL
DA:2,0
DA:7,0
DA:8,0
DA:9,0
DA:28,0
DA:29,0
DA:30,0
DA:31,0
DA:33,0
DA:35,0
DA:42,0
DA:43,0
DA:45,0
DA:46,0
DA:48,0
DA:49,0
DA:50,0
DA:52,0
DA:53,0
DA:54,0
DA:56,0
DA:57,0
DA:58,0
DA:64,0
DA:65,0
DA:70,0
DA:71,0
DA:82,0
DA:83,0
DA:85,0
DA:86,0
DA:87,0
DA:88,0
DA:89,0
DA:91,0
DA:94,0
DA:95,0
DA:97,0
DA:102,0
DA:103,0
DA:104,0
DA:105,0
DA:110,0
DA:112,0
DA:113,0
DA:115,0
DA:116,0
DA:118,0
DA:120,0
DA:123,0
DA:126,0
DA:127,0
DA:129,0
DA:132,0
DA:135,0
DA:138,0
DA:139,0
DA:140,0
LF:58
LH:0
BRDA:30,0,0,0
BRDA:30,0,1,0
BRDA:42,1,0,0
BRDA:42,1,1,0
BRDA:43,2,0,0
BRDA:43,2,1,0
BRDA:48,3,0,0
BRDA:48,3,1,0
BRDA:52,4,0,0
BRDA:52,4,1,0
BRDA:56,5,0,0
BRDA:56,5,1,0
BRDA:83,6,0,0
BRDA:83,6,1,0
BRDA:83,7,0,0
BRDA:83,7,1,0
BRDA:104,8,0,0
BRDA:104,8,1,0
BRDA:110,9,0,0
BRDA:110,9,1,0
BRDA:110,10,0,0
BRDA:110,10,1,0
BRDA:112,11,0,0
BRDA:112,11,1,0
BRDA:115,12,0,0
BRDA:115,12,1,0
BRDA:118,13,0,0
BRDA:118,13,1,0
BRDA:126,14,0,0
BRDA:126,14,1,0
BRDA:127,15,0,0
BRDA:127,15,1,0
BRF:32
BRH:0
end_of_record
TN:
SF:source/assets/scripts/selected_journal.js
FN:1,getCurrJournal
FN:9,(anonymous_1)
FN:17,(anonymous_2)
FN:26,displayEntry
FN:35,(anonymous_4)
FNF:5
FNH:0
FNDA:0,getCurrJournal
FNDA:0,(anonymous_1)
FNDA:0,(anonymous_2)
FNDA:0,displayEntry
FNDA:0,(anonymous_4)
DA:2,0
DA:3,0
DA:4,0
DA:6,0
DA:9,0
DA:10,0
DA:11,0
DA:17,0
DA:18,0
DA:19,0
DA:23,0
DA:27,0
DA:29,0
DA:30,0
DA:32,0
DA:33,0
DA:35,0
DA:36,0
DA:37,0
DA:38,0
DA:39,0
DA:40,0
DA:41,0
DA:46,0
LF:24
LH:0
BRDA:10,0,0,0
BRDA:10,0,1,0
BRDA:18,1,0,0
BRDA:18,1,1,0
BRDA:36,2,0,0
BRDA:36,2,1,0
BRDA:38,3,0,0
BRDA:38,3,1,0
BRDA:40,4,0,0
BRDA:40,4,1,0
BRF:10
BRH:0
end_of_record
TN:
SF:source/assets/scripts/selected_project_page.js
FN:7,getCurrProjectObject
FN:11,(anonymous_1)
FN:22,projectPageInit
FN:50,getAllSelectedProjectEntries
FN:55,(anonymous_4)
FN:71,populateEntries
FN:86,(anonymous_6)
FN:111,loadTableOfContents
FN:144,dragAndDropSetup
FN:155,dragStart
FN:172,drag
FN:187,dragEnd
FN:198,getAllItems
FN:209,getIdleItems
FN:210,(anonymous_14)
FN:219,isItemAbove
FN:230,isItemToggled
FN:237,initDraggableItem
FN:246,initItemsState
FN:247,(anonymous_19)
FN:258,updateIdleItemsStateAndPosition
FN:263,(anonymous_21)
FN:281,(anonymous_22)
FN:297,applyNewItemsOrder
FN:299,(anonymous_24)
FN:319,(anonymous_25)
FN:330,unsetItemState
FN:331,(anonymous_27)
FN:341,unsetDraggableItem
FN:352,cleanup
FN:383,createEntry
FN:401,(anonymous_31)
FNF:32
FNH:0
FNDA:0,getCurrProjectObject
FNDA:0,(anonymous_1)
FNDA:0,projectPageInit
FNDA:0,getAllSelectedProjectEntries
FNDA:0,(anonymous_4)
FNDA:0,populateEntries
FNDA:0,(anonymous_6)
FNDA:0,loadTableOfContents
FNDA:0,dragAndDropSetup
FNDA:0,dragStart
FNDA:0,drag
FNDA:0,dragEnd
FNDA:0,getAllItems
FNDA:0,getIdleItems
FNDA:0,(anonymous_14)
FNDA:0,isItemAbove
FNDA:0,isItemToggled
FNDA:0,initDraggableItem
FNDA:0,initItemsState
FNDA:0,(anonymous_19)
FNDA:0,updateIdleItemsStateAndPosition
FNDA:0,(anonymous_21)
FNDA:0,(anonymous_22)
FNDA:0,applyNewItemsOrder
FNDA:0,(anonymous_24)
FNDA:0,(anonymous_25)
FNDA:0,unsetItemState
FNDA:0,(anonymous_27)
FNDA:0,unsetDraggableItem
FNDA:0,cleanup
FNDA:0,createEntry
FNDA:0,(anonymous_31)
DA:8,0
DA:9,0
DA:11,0
DA:12,0
DA:13,0
DA:16,0
DA:24,0
DA:27,0
DA:28,0
DA:31,0
DA:32,0
DA:35,0
DA:38,0
DA:42,0
DA:55,0
DA:56,0
DA:57,0
DA:61,0
DA:62,0
DA:64,0
DA:73,0
DA:74,0
DA:75,0
DA:77,0
DA:78,0
DA:81,0
DA:82,0
DA:86,0
DA:87,0
DA:88,0
DA:89,0
DA:91,0
DA:102,0
DA:107,0
DA:112,0
DA:115,0
DA:116,0
DA:117,0
DA:118,0
DA:119,0
DA:120,0
DA:124,0
DA:125,0
DA:126,0
DA:127,0
DA:128,0
DA:129,0
DA:139,0
DA:145,0
DA:146,0
DA:147,0
DA:148,0
DA:156,0
DA:157,0
DA:159,0
DA:161,0
DA:162,0
DA:163,0
DA:164,0
DA:165,0
DA:173,0
DA:175,0
DA:176,0
DA:177,0
DA:178,0
DA:179,0
DA:181,0
DA:188,0
DA:190,0
DA:191,0
DA:199,0
DA:200,0
DA:202,0
DA:210,0
DA:220,0
DA:231,0
DA:238,0
DA:239,0
DA:247,0
DA:248,0
DA:249,0
DA:259,0
DA:260,0
DA:261,0
DA:263,0
DA:264,0
DA:265,0
DA:266,0
DA:267,0
DA:268,0
DA:270,0
DA:273,0
DA:274,0
DA:276,0
DA:281,0
DA:282,0
DA:283,0
DA:284,0
DA:288,0
DA:298,0
DA:299,0
DA:300,0
DA:301,0
DA:303,0
DA:304,0
DA:305,0
DA:307,0
DA:308,0
DA:311,0
DA:312,0
DA:313,0
DA:314,0
DA:318,0
DA:319,0
DA:320,0
DA:321,0
DA:322,0
DA:331,0
DA:332,0
DA:333,0
DA:334,0
DA:342,0
DA:343,0
DA:344,0
DA:345,0
DA:353,0
DA:354,0
DA:355,0
DA:356,0
DA:360,0
DA:377,0
DA:378,0
DA:385,0
DA:386,0
DA:388,0
DA:391,0
DA:392,0
DA:393,0
DA:396,0
DA:397,0
DA:400,0
DA:401,0
DA:402,0
DA:403,0
DA:404,0
DA:411,0
DA:421,0
DA:422,0
DA:424,0
DA:425,0
DA:426,0
DA:431,0
DA:432,0
DA:435,0
LF:154
LH:0
BRDA:12,0,0,0
BRDA:12,0,1,0
BRDA:56,1,0,0
BRDA:56,1,1,0
BRDA:61,2,0,0
BRDA:61,2,1,0
BRDA:81,3,0,0
BRDA:81,3,1,0
BRDA:146,4,0,0
BRDA:146,4,1,0
BRDA:156,5,0,0
BRDA:156,5,1,0
BRDA:159,6,0,0
BRDA:159,6,1,0
BRDA:173,7,0,0
BRDA:173,7,1,0
BRDA:188,8,0,0
BRDA:188,8,1,0
BRDA:199,9,0,0
BRDA:199,9,1,0
BRDA:248,10,0,0
BRDA:248,10,1,0
BRDA:266,11,0,0
BRDA:266,11,1,0
BRDA:267,12,0,0
BRDA:267,12,1,0
BRDA:273,13,0,0
BRDA:273,13,1,0
BRDA:282,14,0,0
BRDA:282,14,1,0
BRDA:283,15,0,0
BRDA:283,15,1,0
BRDA:300,16,0,0
BRDA:300,16,1,0
BRDA:303,17,0,0
BRDA:303,17,1,0
BRDA:307,18,0,0
BRDA:307,18,1,0
BRDA:313,19,0,0
BRDA:313,19,1,0
BRDA:321,20,0,0
BRDA:321,20,1,0
BRDA:403,21,0,0
BRDA:403,21,1,0
BRDA:403,22,0,0
BRDA:403,22,1,0
BRDA:425,23,0,0
BRDA:425,23,1,0
BRF:48
BRH:0
end_of_record
