TN:
SF:source\assets\scripts\+_button_selcted_project_page.js
FN:2,openPopup
FN:7,closePopup
FN:12,addInput
FN:28,(anonymous_3)
FN:37,deleteInput
FN:76,createNewEntryObject
FN:84,(anonymous_6)
FN:94,(anonymous_7)
FN:125,saveNewEntryToLocalStorage
FN:132,(anonymous_9)
FNF:10
FNH:0
FNDA:0,openPopup
FNDA:0,closePopup
FNDA:0,addInput
FNDA:0,(anonymous_3)
FNDA:0,deleteInput
FNDA:0,createNewEntryObject
FNDA:0,(anonymous_6)
FNDA:0,(anonymous_7)
FNDA:0,saveNewEntryToLocalStorage
FNDA:0,(anonymous_9)
DA:3,0
DA:8,0
DA:14,0
DA:16,0
DA:17,0
DA:19,0
DA:20,0
DA:21,0
DA:22,0
DA:24,0
DA:25,0
DA:26,0
DA:28,0
DA:29,0
DA:32,0
DA:33,0
DA:34,0
DA:38,0
DA:39,0
DA:78,0
DA:79,0
DA:80,0
DA:83,0
DA:85,0
DA:93,0
DA:94,0
DA:95,0
DA:96,0
DA:97,0
DA:103,0
DA:113,0
DA:126,0
DA:128,0
DA:131,0
DA:132,0
DA:133,0
DA:134,0
DA:135,0
DA:136,0
DA:141,0
DA:142,0
DA:144,0
DA:147,0
DA:150,0
DA:151,0
DA:152,0
DA:153,0
LF:47
LH:0
BRDA:21,0,0,0
BRDA:21,0,1,0
BRDA:21,1,0,0
BRDA:21,1,1,0
BRDA:96,2,0,0
BRDA:96,2,1,0
BRDA:96,3,0,0
BRDA:96,3,1,0
BRDA:128,4,0,0
BRDA:128,4,1,0
BRDA:133,5,0,0
BRDA:133,5,1,0
BRDA:134,6,0,0
BRDA:134,6,1,0
BRDA:141,7,0,0
BRDA:141,7,1,0
BRF:16
BRH:0
end_of_record
TN:
SF:source\assets\scripts\ProjectCard.js
FN:4,(anonymous_0)
FN:116,(anonymous_1)
FN:128,(anonymous_2)
FN:151,(anonymous_3)
FN:160,(anonymous_4)
FN:177,(anonymous_5)
FN:197,loadProjectNameToLocalStorage
FN:205,(anonymous_7)
FNF:8
FNH:0
FNDA:0,(anonymous_0)
FNDA:0,(anonymous_1)
FNDA:0,(anonymous_2)
FNDA:0,(anonymous_3)
FNDA:0,(anonymous_4)
FNDA:0,(anonymous_5)
FNDA:0,loadProjectNameToLocalStorage
FNDA:0,(anonymous_7)
DA:5,0
DA:8,0
DA:11,0
DA:14,0
DA:15,0
DA:106,0
DA:117,0
DA:118,0
DA:119,0
DA:120,0
DA:123,0
DA:125,0
DA:126,0
DA:128,0
DA:130,0
DA:131,0
DA:133,0
DA:152,0
DA:153,0
DA:154,0
DA:156,0
DA:157,0
DA:158,0
DA:159,0
DA:160,0
DA:161,0
DA:162,0
DA:163,0
DA:164,0
DA:176,0
DA:177,0
DA:178,0
DA:179,0
DA:183,0
DA:184,0
DA:188,0
DA:189,0
DA:190,0
DA:193,0
DA:195,0
DA:198,0
DA:199,0
DA:200,0
DA:201,0
DA:206,0
DA:212,0
LF:46
LH:0
BRDA:117,0,0,0
BRDA:117,0,1,0
BRDA:123,1,0,0
BRDA:123,1,1,0
BRDA:126,2,0,0
BRDA:126,2,1,0
BRDA:152,3,0,0
BRDA:152,3,1,0
BRDA:152,4,0,0
BRDA:152,4,1,0
BRDA:163,5,0,0
BRDA:163,5,1,0
BRDA:183,6,0,0
BRDA:183,6,1,0
BRDA:188,7,0,0
BRDA:188,7,1,0
BRF:16
BRH:0
end_of_record
TN:
SF:source\assets\scripts\get_set_from_localStorage.js
FN:10,getUnusedProjectId
FN:42,addProjectToLocalStorage
FN:63,getAllUserProjects
FN:108,addEntry
FN:133,getAllSelectedProjectEntries
FN:137,(anonymous_5)
FN:153,getSelectedEntry
FN:156,(anonymous_7)
FNF:8
FNH:0
FNDA:0,getUnusedProjectId
FNDA:0,addProjectToLocalStorage
FNDA:0,getAllUserProjects
FNDA:0,addEntry
FNDA:0,getAllSelectedProjectEntries
FNDA:0,(anonymous_5)
FNDA:0,getSelectedEntry
FNDA:0,(anonymous_7)
DA:12,0
DA:15,0
DA:18,0
DA:20,0
DA:44,0
DA:47,0
DA:50,0
DA:53,0
DA:56,0
DA:67,0
DA:70,0
DA:111,0
DA:112,0
DA:115,0
DA:118,0
DA:121,0
DA:124,0
DA:137,0
DA:138,0
DA:139,0
DA:144,0
DA:155,0
DA:156,0
DA:157,0
DA:158,0
DA:161,0
LF:26
LH:0
BRDA:50,0,0,0
BRDA:50,0,1,0
BRDA:67,1,0,0
BRDA:67,1,1,0
BRDA:138,2,0,0
BRDA:138,2,1,0
BRDA:157,3,0,0
BRDA:157,3,1,0
BRF:8
BRH:0
end_of_record
TN:
SF:source\assets\scripts\home_projects_page.js
FN:11,getUnusedProjectId
FN:42,addProjectToLocalStorage
FN:59,(anonymous_2)
FN:61,newProject
FN:67,addProject
FN:101,toggleTag
FN:107,(anonymous_6)
FN:111,(anonymous_7)
FN:129,selectPrivacy
FN:136,resetForm
FN:140,(anonymous_10)
FN:150,(anonymous_11)
FN:151,(anonymous_12)
FN:158,(anonymous_13)
FN:161,(anonymous_14)
FN:173,(anonymous_15)
FN:179,(anonymous_16)
FN:184,(anonymous_17)
FN:191,(anonymous_18)
FN:208,(anonymous_19)
FN:214,loadTags
FN:218,(anonymous_21)
FN:224,(anonymous_22)
FN:227,(anonymous_23)
FN:239,getTagsFromStorage
FN:243,addProjectsToDocument
FN:245,(anonymous_26)
FNF:27
FNH:0
FNDA:0,getUnusedProjectId
FNDA:0,addProjectToLocalStorage
FNDA:0,(anonymous_2)
FNDA:0,newProject
FNDA:0,addProject
FNDA:0,toggleTag
FNDA:0,(anonymous_6)
FNDA:0,(anonymous_7)
FNDA:0,selectPrivacy
FNDA:0,resetForm
FNDA:0,(anonymous_10)
FNDA:0,(anonymous_11)
FNDA:0,(anonymous_12)
FNDA:0,(anonymous_13)
FNDA:0,(anonymous_14)
FNDA:0,(anonymous_15)
FNDA:0,(anonymous_16)
FNDA:0,(anonymous_17)
FNDA:0,(anonymous_18)
FNDA:0,(anonymous_19)
FNDA:0,loadTags
FNDA:0,(anonymous_21)
FNDA:0,(anonymous_22)
FNDA:0,(anonymous_23)
FNDA:0,getTagsFromStorage
FNDA:0,addProjectsToDocument
FNDA:0,(anonymous_26)
DA:5,0
DA:6,0
DA:13,0
DA:16,0
DA:19,0
DA:21,0
DA:44,0
DA:47,0
DA:50,0
DA:53,0
DA:56,0
DA:59,0
DA:62,0
DA:63,0
DA:69,0
DA:70,0
DA:71,0
DA:74,0
DA:75,0
DA:76,0
DA:77,0
DA:79,0
DA:80,0
DA:83,0
DA:91,0
DA:92,0
DA:95,0
DA:97,0
DA:102,0
DA:103,0
DA:105,0
DA:107,0
DA:108,0
DA:111,0
DA:112,0
DA:113,0
DA:117,0
DA:118,0
DA:121,0
DA:122,0
DA:123,0
DA:124,0
DA:130,0
DA:131,0
DA:132,0
DA:137,0
DA:138,0
DA:139,0
DA:140,0
DA:141,0
DA:142,0
DA:143,0
DA:147,0
DA:148,0
DA:150,0
DA:151,0
DA:152,0
DA:153,0
DA:158,0
DA:159,0
DA:161,0
DA:162,0
DA:166,0
DA:167,0
DA:168,0
DA:169,0
DA:170,0
DA:173,0
DA:174,0
DA:175,0
DA:179,0
DA:180,0
DA:184,0
DA:185,0
DA:186,0
DA:191,0
DA:192,0
DA:193,0
DA:195,0
DA:196,0
DA:197,0
DA:198,0
DA:199,0
DA:200,0
DA:201,0
DA:203,0
DA:208,0
DA:209,0
DA:210,0
DA:215,0
DA:216,0
DA:218,0
DA:219,0
DA:220,0
DA:221,0
DA:222,0
DA:223,0
DA:224,0
DA:225,0
DA:226,0
DA:227,0
DA:228,0
DA:229,0
DA:231,0
DA:234,0
DA:240,0
DA:244,0
DA:245,0
DA:246,0
DA:247,0
DA:248,0
LF:111
LH:0
BRDA:50,0,0,0
BRDA:50,0,1,0
BRDA:63,1,0,0
BRDA:63,1,1,0
BRDA:74,2,0,0
BRDA:74,2,1,0
BRDA:79,3,0,0
BRDA:79,3,1,0
BRDA:105,4,0,0
BRDA:105,4,1,0
BRDA:112,5,0,0
BRDA:112,5,1,0
BRDA:152,6,0,0
BRDA:152,6,1,0
BRDA:185,7,0,0
BRDA:185,7,1,0
BRDA:195,8,0,0
BRDA:195,8,1,0
BRDA:210,9,0,0
BRDA:210,9,1,0
BRDA:225,10,0,0
BRDA:225,10,1,0
BRDA:240,11,0,0
BRDA:240,11,1,0
BRF:24
BRH:0
end_of_record
TN:
SF:source\assets\scripts\main.js
FN:5,init
FN:53,fetchProfileExamplejsonToStorage
FN:55,(anonymous_2)
FN:56,(anonymous_3)
FN:60,(anonymous_4)
FN:72,getProfileFromStorage
FN:77,updateProfileOnPage
FN:102,getProjectsFromStorage
FN:113,addProjectsToDocument
FNF:9
FNH:1
FNDA:0,init
FNDA:0,fetchProfileExamplejsonToStorage
FNDA:0,(anonymous_2)
FNDA:0,(anonymous_3)
FNDA:0,(anonymous_4)
FNDA:0,getProfileFromStorage
FNDA:0,updateProfileOnPage
FNDA:1,getProjectsFromStorage
FNDA:0,addProjectsToDocument
DA:2,1
DA:7,0
DA:8,0
DA:10,0
DA:11,0
DA:13,0
DA:14,0
DA:18,0
DA:19,0
DA:21,0
DA:22,0
DA:24,0
DA:25,0
DA:29,0
DA:31,0
DA:32,0
DA:35,0
DA:36,0
DA:40,0
DA:41,0
DA:54,0
DA:55,0
DA:57,0
DA:58,0
DA:61,0
DA:73,0
DA:78,0
DA:79,0
DA:80,0
DA:81,0
DA:83,0
DA:84,0
DA:85,0
DA:87,0
DA:88,0
DA:90,0
DA:91,0
DA:103,1
DA:115,0
DA:116,0
DA:117,0
DA:118,0
DA:119,0
DA:124,1
LF:44
LH:3
BRDA:7,0,0,0
BRDA:7,0,1,0
BRDA:10,1,0,0
BRDA:10,1,1,0
BRDA:13,2,0,0
BRDA:13,2,1,0
BRDA:18,3,0,0
BRDA:18,3,1,0
BRDA:21,4,0,0
BRDA:21,4,1,0
BRDA:24,5,0,0
BRDA:24,5,1,0
BRDA:31,6,0,0
BRDA:31,6,1,0
BRDA:73,7,0,0
BRDA:73,7,1,0
BRDA:78,8,0,0
BRDA:78,8,1,0
BRDA:79,9,0,0
BRDA:79,9,1,0
BRDA:81,10,0,0
BRDA:81,10,1,0
BRDA:84,11,0,0
BRDA:84,11,1,0
BRDA:87,12,0,0
BRDA:87,12,1,0
BRDA:90,13,0,0
BRDA:90,13,1,0
BRDA:103,14,0,1
BRDA:103,14,1,1
BRF:30
BRH:2
end_of_record
TN:
SF:source\assets\scripts\profile_setting.js
FN:5,init
FN:18,fetchExamplejsonToStorage
FN:20,(anonymous_2)
FN:21,(anonymous_3)
FN:25,(anonymous_4)
FN:45,getProfileFromStorage
FN:59,updateProfileOnPage
FN:81,loadImage
FN:87,save
FN:104,(anonymous_9)
FN:119,cancel
FN:127,checkURL
FNF:12
FNH:0
FNDA:0,init
FNDA:0,fetchExamplejsonToStorage
FNDA:0,(anonymous_2)
FNDA:0,(anonymous_3)
FNDA:0,(anonymous_4)
FNDA:0,getProfileFromStorage
FNDA:0,updateProfileOnPage
FNDA:0,loadImage
FNDA:0,save
FNDA:0,(anonymous_9)
FNDA:0,cancel
FNDA:0,checkURL
DA:2,0
DA:7,0
DA:8,0
DA:9,0
DA:12,0
DA:13,0
DA:14,0
DA:19,0
DA:20,0
DA:22,0
DA:23,0
DA:26,0
DA:46,0
DA:47,0
DA:48,0
DA:49,0
DA:51,0
DA:53,0
DA:60,0
DA:61,0
DA:63,0
DA:64,0
DA:66,0
DA:67,0
DA:68,0
DA:70,0
DA:71,0
DA:72,0
DA:74,0
DA:75,0
DA:76,0
DA:82,0
DA:83,0
DA:88,0
DA:89,0
DA:100,0
DA:101,0
DA:103,0
DA:104,0
DA:105,0
DA:106,0
DA:107,0
DA:109,0
DA:112,0
DA:113,0
DA:115,0
DA:120,0
DA:121,0
DA:122,0
DA:123,0
DA:128,0
DA:129,0
DA:131,0
DA:133,0
DA:134,0
DA:136,0
DA:137,0
DA:139,0
DA:141,0
DA:144,0
DA:147,0
DA:148,0
DA:150,0
DA:153,0
DA:156,0
DA:159,0
DA:160,0
DA:161,0
LF:68
LH:0
BRDA:8,0,0,0
BRDA:8,0,1,0
BRDA:48,1,0,0
BRDA:48,1,1,0
BRDA:60,2,0,0
BRDA:60,2,1,0
BRDA:61,3,0,0
BRDA:61,3,1,0
BRDA:66,4,0,0
BRDA:66,4,1,0
BRDA:70,5,0,0
BRDA:70,5,1,0
BRDA:74,6,0,0
BRDA:74,6,1,0
BRDA:101,7,0,0
BRDA:101,7,1,0
BRDA:101,8,0,0
BRDA:101,8,1,0
BRDA:122,9,0,0
BRDA:122,9,1,0
BRDA:128,10,0,0
BRDA:128,10,1,0
BRDA:131,11,0,0
BRDA:131,11,1,0
BRDA:131,12,0,0
BRDA:131,12,1,0
BRDA:133,13,0,0
BRDA:133,13,1,0
BRDA:136,14,0,0
BRDA:136,14,1,0
BRDA:139,15,0,0
BRDA:139,15,1,0
BRDA:147,16,0,0
BRDA:147,16,1,0
BRDA:148,17,0,0
BRDA:148,17,1,0
BRF:36
BRH:0
end_of_record
TN:
SF:source\assets\scripts\selected_journal.js
FN:1,getCurrJournal
FN:9,(anonymous_1)
FN:17,(anonymous_2)
FN:26,displayEntry
FN:35,(anonymous_4)
FNF:5
FNH:0
FNDA:0,getCurrJournal
FNDA:0,(anonymous_1)
FNDA:0,(anonymous_2)
FNDA:0,displayEntry
FNDA:0,(anonymous_4)
DA:2,0
DA:3,0
DA:4,0
DA:6,0
DA:9,0
DA:10,0
DA:11,0
DA:17,0
DA:18,0
DA:19,0
DA:23,0
DA:27,0
DA:29,0
DA:30,0
DA:32,0
DA:33,0
DA:35,0
DA:36,0
DA:37,0
DA:38,0
DA:39,0
DA:40,0
DA:41,0
DA:46,0
LF:24
LH:0
BRDA:10,0,0,0
BRDA:10,0,1,0
BRDA:18,1,0,0
BRDA:18,1,1,0
BRDA:36,2,0,0
BRDA:36,2,1,0
BRDA:38,3,0,0
BRDA:38,3,1,0
BRDA:40,4,0,0
BRDA:40,4,1,0
BRF:10
BRH:0
end_of_record
TN:
SF:source\assets\scripts\selected_project_page.js
FN:7,getCurrProjectObject
FN:11,(anonymous_1)
FN:22,projectPageInit
FN:50,getAllSelectedProjectEntries
FN:55,(anonymous_4)
FN:71,populateEntries
FN:86,(anonymous_6)
FN:127,dragAndDropSetup
FN:138,dragStart
FN:155,drag
FN:170,dragEnd
FN:181,getAllItems
FN:192,getIdleItems
FN:193,(anonymous_13)
FN:202,isItemAbove
FN:213,isItemToggled
FN:220,initDraggableItem
FN:229,initItemsState
FN:230,(anonymous_18)
FN:241,updateIdleItemsStateAndPosition
FN:246,(anonymous_20)
FN:264,(anonymous_21)
FN:280,applyNewItemsOrder
FN:282,(anonymous_23)
FN:302,(anonymous_24)
FN:313,unsetItemState
FN:314,(anonymous_26)
FN:324,unsetDraggableItem
FN:335,cleanup
FN:352,createEntry
FN:364,(anonymous_30)
FN:393,updatelocalStorage
FN:408,(anonymous_32)
FN:429,deleteEntry
FNF:34
FNH:0
FNDA:0,getCurrProjectObject
FNDA:0,(anonymous_1)
FNDA:0,projectPageInit
FNDA:0,getAllSelectedProjectEntries
FNDA:0,(anonymous_4)
FNDA:0,populateEntries
FNDA:0,(anonymous_6)
FNDA:0,dragAndDropSetup
FNDA:0,dragStart
FNDA:0,drag
FNDA:0,dragEnd
FNDA:0,getAllItems
FNDA:0,getIdleItems
FNDA:0,(anonymous_13)
FNDA:0,isItemAbove
FNDA:0,isItemToggled
FNDA:0,initDraggableItem
FNDA:0,initItemsState
FNDA:0,(anonymous_18)
FNDA:0,updateIdleItemsStateAndPosition
FNDA:0,(anonymous_20)
FNDA:0,(anonymous_21)
FNDA:0,applyNewItemsOrder
FNDA:0,(anonymous_23)
FNDA:0,(anonymous_24)
FNDA:0,unsetItemState
FNDA:0,(anonymous_26)
FNDA:0,unsetDraggableItem
FNDA:0,cleanup
FNDA:0,createEntry
FNDA:0,(anonymous_30)
FNDA:0,updatelocalStorage
FNDA:0,(anonymous_32)
FNDA:0,deleteEntry
DA:8,0
DA:9,0
DA:11,0
DA:12,0
DA:13,0
DA:16,0
DA:24,0
DA:27,0
DA:28,0
DA:31,0
DA:32,0
DA:35,0
DA:38,0
DA:42,0
DA:55,0
DA:56,0
DA:57,0
DA:61,0
DA:62,0
DA:64,0
DA:73,0
DA:74,0
DA:75,0
DA:77,0
DA:78,0
DA:81,0
DA:82,0
DA:86,0
DA:87,0
DA:88,0
DA:89,0
DA:91,0
DA:108,0
DA:111,0
DA:112,0
DA:122,0
DA:128,0
DA:129,0
DA:130,0
DA:131,0
DA:139,0
DA:140,0
DA:142,0
DA:144,0
DA:145,0
DA:146,0
DA:147,0
DA:148,0
DA:156,0
DA:158,0
DA:159,0
DA:160,0
DA:161,0
DA:162,0
DA:164,0
DA:171,0
DA:173,0
DA:174,0
DA:182,0
DA:183,0
DA:185,0
DA:193,0
DA:203,0
DA:214,0
DA:221,0
DA:222,0
DA:230,0
DA:231,0
DA:232,0
DA:242,0
DA:243,0
DA:244,0
DA:246,0
DA:247,0
DA:248,0
DA:249,0
DA:250,0
DA:251,0
DA:253,0
DA:256,0
DA:257,0
DA:259,0
DA:264,0
DA:265,0
DA:266,0
DA:267,0
DA:271,0
DA:281,0
DA:282,0
DA:283,0
DA:284,0
DA:286,0
DA:287,0
DA:288,0
DA:290,0
DA:291,0
DA:294,0
DA:295,0
DA:296,0
DA:297,0
DA:301,0
DA:302,0
DA:303,0
DA:304,0
DA:305,0
DA:314,0
DA:315,0
DA:316,0
DA:317,0
DA:325,0
DA:326,0
DA:327,0
DA:328,0
DA:336,0
DA:337,0
DA:338,0
DA:339,0
DA:343,0
DA:346,0
DA:347,0
DA:354,0
DA:355,0
DA:356,0
DA:359,0
DA:360,0
DA:363,0
DA:364,0
DA:365,0
DA:366,0
DA:367,0
DA:374,0
DA:383,0
DA:384,0
DA:395,0
DA:398,0
DA:401,0
DA:404,0
DA:405,0
DA:408,0
DA:411,0
DA:414,0
DA:415,0
DA:416,0
DA:421,0
DA:430,0
DA:432,0
DA:435,0
DA:436,0
DA:439,0
DA:442,0
LF:150
LH:0
BRDA:12,0,0,0
BRDA:12,0,1,0
BRDA:56,1,0,0
BRDA:56,1,1,0
BRDA:61,2,0,0
BRDA:61,2,1,0
BRDA:81,3,0,0
BRDA:81,3,1,0
BRDA:129,4,0,0
BRDA:129,4,1,0
BRDA:139,5,0,0
BRDA:139,5,1,0
BRDA:142,6,0,0
BRDA:142,6,1,0
BRDA:156,7,0,0
BRDA:156,7,1,0
BRDA:171,8,0,0
BRDA:171,8,1,0
BRDA:182,9,0,0
BRDA:182,9,1,0
BRDA:231,10,0,0
BRDA:231,10,1,0
BRDA:249,11,0,0
BRDA:249,11,1,0
BRDA:250,12,0,0
BRDA:250,12,1,0
BRDA:256,13,0,0
BRDA:256,13,1,0
BRDA:265,14,0,0
BRDA:265,14,1,0
BRDA:266,15,0,0
BRDA:266,15,1,0
BRDA:283,16,0,0
BRDA:283,16,1,0
BRDA:286,17,0,0
BRDA:286,17,1,0
BRDA:290,18,0,0
BRDA:290,18,1,0
BRDA:296,19,0,0
BRDA:296,19,1,0
BRDA:304,20,0,0
BRDA:304,20,1,0
BRDA:366,21,0,0
BRDA:366,21,1,0
BRDA:366,22,0,0
BRDA:366,22,1,0
BRDA:404,23,0,0
BRDA:404,23,1,0
BRDA:415,24,0,0
BRDA:415,24,1,0
BRDA:430,25,0,0
BRDA:430,25,1,0
BRDA:436,26,0,0
BRDA:436,26,1,0
BRF:54
BRH:0
end_of_record
